[D 191106 00:13:35 DB:25] select * from source_code sc join solution s on sc.solution_id = s.solution_id join problem p on s.problem_id = p.problem_id where s.solution_id = 305186;
[D 191106 00:13:35 DB:31] 305186
[D 191106 00:13:35 DB:35] (305186, 'import java.util.*;\n\npublic class Main{\n\tpublic static void main(String[] args) {\n    \tScanner input = new Scanner(System.in);\n      \tSystem.out.println(input.nextInt() + input.nextInt());\n    }\n}', 305186, 1000, '11712225', 0, 0, datetime.datetime(2019, 11, 5, 8, 13, 32), 0, 3, '172.18.1.122', None, 1, -1, 196, datetime.datetime(2019, 11, 5, 8, 13, 32), Decimal('0.00'), 0, 'LOCAL', 1000, 'A+B', '<p>\r\n\t<span style="font-size:14px;">Give you two integers </span><strong><span style="font-size:14px;">A</span></strong><span style="font-size:14px;"> and </span><strong><span style="font-size:14px;">B</span></strong><span style="font-size:14px;">. Please print the sum of the two integers.</span> \r\n</p>', '<p>\r\n\t<span style="font-size:14px;">Two integers: </span><b><span style="font-size:14px;">A B&nbsp;</span></b><span style="font-size:14px;">(0&lt;= A &lt;=10</span><sup><span style="font-size:14px;">6</span></sup><span style="font-size:14px;">, 0 &lt;= B &lt;= 10</span><sup><span style="font-size:14px;">6</span></sup><span style="font-size:14px;">)</span> \r\n</p>\r\n<span style="font-size:12px;"></span>', '<p>\r\n\t<span style="font-size:14px;">Sum of the two integers: </span><strong><span style="font-size:14px;">S</span></strong> \r\n</p>', '50 50', '100', '0', 'easy problem, getting started!', 'Test', datetime.datetime(2017, 9, 14, 21, 31, 28), 1, 64, 'N', 480, 1161, 0)
[I 191106 00:13:35 Judge_Service:43] _____________________START____________________________
[I 191106 00:13:35 Judge_Service:44] Searching solution_id: 305186
[I 191106 00:13:35 Judger:80] COMPILING CODE: /home/isc-/Desktop/CS309_OOAD_online_judge/judger/userCodes/Main.java
[I 191106 00:13:35 Judger:71] COMPILING COMMAND: /usr/bin/javac /home/isc-/Desktop/CS309_OOAD_online_judge/judger/userCodes/Main.java -d /home/isc-/Desktop/CS309_OOAD_online_judge/judger/userCodes/ -encoding UTF8
[E 191106 00:13:37 Judger:132] /home/isc-/Desktop/CS309_OOAD_online_judge/judger/data/1000/
[I 191106 00:13:37 Judger:143] RUNNING CODE: /home/isc-/Desktop/CS309_OOAD_online_judge/judger/userCodes/Main 2.in
[I 191106 00:13:37 Judger:118] RUNNING COMMAND: java /home/isc-/Desktop/CS309_OOAD_online_judge/judger/userCodes// Main < /home/isc-/Desktop/CS309_OOAD_online_judge/judger/data/1000/2.in > /home/isc-/Desktop/CS309_OOAD_online_judge/judger/userCodes/2.out
[D 191106 00:13:37 Judger:122] docker run --rm -u 1000:1000 --name 1489466069880861978 -v /home/isc-/Desktop/CS309_OOAD_online_judge/:/home/isc-/Desktop/CS309_OOAD_online_judge/  judge:v3 python3 /home/isc-/Desktop/CS309_OOAD_online_judge/judger/service/Runner.py 'java /home/isc-/Desktop/CS309_OOAD_online_judge/judger/userCodes// Main < /home/isc-/Desktop/CS309_OOAD_online_judge/judger/data/1000/2.in > /home/isc-/Desktop/CS309_OOAD_online_judge/judger/userCodes/2.out' 3 576 '/home/isc-/Desktop/CS309_OOAD_online_judge/judger/userCodes/docker_result.log'
[D 191106 00:13:39 Judger:158] {'re_signum': 6, 'timeused': 454, 'memoryused': 163348, 'result': 10}
[I 191106 00:13:39 Judger:143] RUNNING CODE: /home/isc-/Desktop/CS309_OOAD_online_judge/judger/userCodes/Main 1.in
[I 191106 00:13:39 Judger:118] RUNNING COMMAND: java /home/isc-/Desktop/CS309_OOAD_online_judge/judger/userCodes// Main < /home/isc-/Desktop/CS309_OOAD_online_judge/judger/data/1000/1.in > /home/isc-/Desktop/CS309_OOAD_online_judge/judger/userCodes/1.out
[D 191106 00:13:39 Judger:122] docker run --rm -u 1000:1000 --name 8996914683359522639 -v /home/isc-/Desktop/CS309_OOAD_online_judge/:/home/isc-/Desktop/CS309_OOAD_online_judge/  judge:v3 python3 /home/isc-/Desktop/CS309_OOAD_online_judge/judger/service/Runner.py 'java /home/isc-/Desktop/CS309_OOAD_online_judge/judger/userCodes// Main < /home/isc-/Desktop/CS309_OOAD_online_judge/judger/data/1000/1.in > /home/isc-/Desktop/CS309_OOAD_online_judge/judger/userCodes/1.out' 3 576 '/home/isc-/Desktop/CS309_OOAD_online_judge/judger/userCodes/docker_result.log'
[D 191106 00:13:42 Judger:158] {'timeused': 374, 'result': 10, 'memoryused': 163344, 're_signum': 6}
[D 191106 00:13:42 Judger:188] {'time': 828, 'result': 10, 'memory': 326692}
[D 191106 00:13:42 Judge_Service:57] Searching end with the result '{'time': 828, 'memory': 326692, 'result': 6, 'error': ''}'
[I 191106 00:13:42 Judge_Service:59] ______________________END_____________________________
[D 191106 00:17:25 DB:25] select * from source_code sc join solution s on sc.solution_id = s.solution_id join problem p on s.problem_id = p.problem_id where s.solution_id = 305187;
[D 191106 00:17:25 DB:31] 305187
[D 191106 00:17:25 DB:35] (305187, 'import java.util.*;\n\npublic class Main{\n\tpublic static void main(String[] args) {\n    \tScanner input = new Scanner(System.in);\n      \tSystem.out.println(input.nextInt() + input.nextInt());\n    }\n}', 305187, 1000, '11712225', 0, 0, datetime.datetime(2019, 11, 5, 8, 17, 22), 0, 3, '172.18.1.122', None, 1, -1, 196, datetime.datetime(2019, 11, 5, 8, 17, 22), Decimal('0.00'), 0, 'LOCAL', 1000, 'A+B', '<p>\r\n\t<span style="font-size:14px;">Give you two integers </span><strong><span style="font-size:14px;">A</span></strong><span style="font-size:14px;"> and </span><strong><span style="font-size:14px;">B</span></strong><span style="font-size:14px;">. Please print the sum of the two integers.</span> \r\n</p>', '<p>\r\n\t<span style="font-size:14px;">Two integers: </span><b><span style="font-size:14px;">A B&nbsp;</span></b><span style="font-size:14px;">(0&lt;= A &lt;=10</span><sup><span style="font-size:14px;">6</span></sup><span style="font-size:14px;">, 0 &lt;= B &lt;= 10</span><sup><span style="font-size:14px;">6</span></sup><span style="font-size:14px;">)</span> \r\n</p>\r\n<span style="font-size:12px;"></span>', '<p>\r\n\t<span style="font-size:14px;">Sum of the two integers: </span><strong><span style="font-size:14px;">S</span></strong> \r\n</p>', '50 50', '100', '0', 'easy problem, getting started!', 'Test', datetime.datetime(2017, 9, 14, 21, 31, 28), 1, 64, 'N', 480, 1161, 0)
[I 191106 00:17:25 Judge_Service:43] _____________________START____________________________
[I 191106 00:17:25 Judge_Service:44] Searching solution_id: 305187
[I 191106 00:17:25 Judger:80] COMPILING CODE: /home/isc-/Desktop/CS309_OOAD_online_judge/judger/userCodes/Main.java
[I 191106 00:17:25 Judger:71] COMPILING COMMAND: /usr/bin/javac /home/isc-/Desktop/CS309_OOAD_online_judge/judger/userCodes/Main.java -d /home/isc-/Desktop/CS309_OOAD_online_judge/judger/userCodes/ -encoding UTF8
[E 191106 00:17:28 Judger:132] /home/isc-/Desktop/CS309_OOAD_online_judge/judger/data/1000/
[I 191106 00:17:28 Judger:143] RUNNING CODE: /home/isc-/Desktop/CS309_OOAD_online_judge/judger/userCodes/Main 2.in
[I 191106 00:17:28 Judger:118] RUNNING COMMAND: java /home/isc-/Desktop/CS309_OOAD_online_judge/judger/userCodes// Main < /home/isc-/Desktop/CS309_OOAD_online_judge/judger/data/1000/2.in > /home/isc-/Desktop/CS309_OOAD_online_judge/judger/userCodes/2.out
[D 191106 00:17:28 Judger:122] docker run --rm -u 1000:1000 --name 266231943406659966 -v /home/isc-/Desktop/CS309_OOAD_online_judge/:/home/isc-/Desktop/CS309_OOAD_online_judge/  judge:v3 python3 /home/isc-/Desktop/CS309_OOAD_online_judge/judger/service/Runner.py 'java /home/isc-/Desktop/CS309_OOAD_online_judge/judger/userCodes// Main < /home/isc-/Desktop/CS309_OOAD_online_judge/judger/data/1000/2.in > /home/isc-/Desktop/CS309_OOAD_online_judge/judger/userCodes/2.out' 3 576 '/home/isc-/Desktop/CS309_OOAD_online_judge/judger/userCodes/docker_result.log'
[D 191106 00:17:30 Judger:158] {'timeused': 196, 'memoryused': 163348, 're_signum': 6, 'result': 10}
[I 191106 00:17:30 Judger:143] RUNNING CODE: /home/isc-/Desktop/CS309_OOAD_online_judge/judger/userCodes/Main 1.in
[I 191106 00:17:30 Judger:118] RUNNING COMMAND: java /home/isc-/Desktop/CS309_OOAD_online_judge/judger/userCodes// Main < /home/isc-/Desktop/CS309_OOAD_online_judge/judger/data/1000/1.in > /home/isc-/Desktop/CS309_OOAD_online_judge/judger/userCodes/1.out
[D 191106 00:17:30 Judger:122] docker run --rm -u 1000:1000 --name 4560186397851432005 -v /home/isc-/Desktop/CS309_OOAD_online_judge/:/home/isc-/Desktop/CS309_OOAD_online_judge/  judge:v3 python3 /home/isc-/Desktop/CS309_OOAD_online_judge/judger/service/Runner.py 'java /home/isc-/Desktop/CS309_OOAD_online_judge/judger/userCodes// Main < /home/isc-/Desktop/CS309_OOAD_online_judge/judger/data/1000/1.in > /home/isc-/Desktop/CS309_OOAD_online_judge/judger/userCodes/1.out' 3 576 '/home/isc-/Desktop/CS309_OOAD_online_judge/judger/userCodes/docker_result.log'
[D 191106 00:17:31 Judger:158] {'re_signum': 6, 'result': 10, 'memoryused': 163344, 'timeused': 195}
[D 191106 00:17:31 Judger:188] {'time': 391, 'result': 10, 'memory': 326692}
[D 191106 00:17:31 Judge_Service:57] Searching end with the result '{'time': 391, 'memory': 326692, 'result': 10, 'error': ''}'
[I 191106 00:17:31 Judge_Service:59] ______________________END_____________________________
[D 191106 00:21:13 DB:25] select * from source_code sc join solution s on sc.solution_id = s.solution_id join problem p on s.problem_id = p.problem_id where s.solution_id = 305188;
[D 191106 00:21:13 DB:31] 305188
[D 191106 00:21:13 DB:35] (305188, 'import java.util.*;\n\npublic class Main{\n\tpublic static void main(String[] args) {\n    \tScanner input = new Scanner(System.in);\n      \tSystem.out.println(input.nextInt() + input.nextInt());\n    }\n}', 305188, 1000, '11712225', 0, 0, datetime.datetime(2019, 11, 5, 8, 21, 13), 0, 3, '172.18.1.122', None, 1, -1, 196, datetime.datetime(2019, 11, 5, 8, 21, 13), Decimal('0.00'), 0, 'LOCAL', 1000, 'A+B', '<p>\r\n\t<span style="font-size:14px;">Give you two integers </span><strong><span style="font-size:14px;">A</span></strong><span style="font-size:14px;"> and </span><strong><span style="font-size:14px;">B</span></strong><span style="font-size:14px;">. Please print the sum of the two integers.</span> \r\n</p>', '<p>\r\n\t<span style="font-size:14px;">Two integers: </span><b><span style="font-size:14px;">A B&nbsp;</span></b><span style="font-size:14px;">(0&lt;= A &lt;=10</span><sup><span style="font-size:14px;">6</span></sup><span style="font-size:14px;">, 0 &lt;= B &lt;= 10</span><sup><span style="font-size:14px;">6</span></sup><span style="font-size:14px;">)</span> \r\n</p>\r\n<span style="font-size:12px;"></span>', '<p>\r\n\t<span style="font-size:14px;">Sum of the two integers: </span><strong><span style="font-size:14px;">S</span></strong> \r\n</p>', '50 50', '100', '0', 'easy problem, getting started!', 'Test', datetime.datetime(2017, 9, 14, 21, 31, 28), 1, 64, 'N', 480, 1161, 0)
[I 191106 00:21:13 Judge_Service:43] _____________________START____________________________
[I 191106 00:21:13 Judge_Service:44] Searching solution_id: 305188
[I 191106 00:21:13 Judger:80] COMPILING CODE: /home/isc-/Desktop/CS309_OOAD_online_judge/judger/userCodes/Main.java
[I 191106 00:21:13 Judger:71] COMPILING COMMAND: /usr/bin/javac /home/isc-/Desktop/CS309_OOAD_online_judge/judger/userCodes/Main.java -d /home/isc-/Desktop/CS309_OOAD_online_judge/judger/userCodes/ -encoding UTF8
[E 191106 00:21:14 Judger:132] /home/isc-/Desktop/CS309_OOAD_online_judge/judger/data/1000/
[I 191106 00:21:14 Judger:143] RUNNING CODE: /home/isc-/Desktop/CS309_OOAD_online_judge/judger/userCodes/Main 2.in
[I 191106 00:21:14 Judger:118] RUNNING COMMAND: java /home/isc-/Desktop/CS309_OOAD_online_judge/judger/userCodes// Main < /home/isc-/Desktop/CS309_OOAD_online_judge/judger/data/1000/2.in > /home/isc-/Desktop/CS309_OOAD_online_judge/judger/userCodes/2.out
[D 191106 00:21:14 Judger:122] docker run --rm -u 1000:1000 --name 4873609249076366976 -v /home/isc-/Desktop/CS309_OOAD_online_judge/:/home/isc-/Desktop/CS309_OOAD_online_judge/  judge:v3 python3 /home/isc-/Desktop/CS309_OOAD_online_judge/judger/service/Runner.py 'java /home/isc-/Desktop/CS309_OOAD_online_judge/judger/userCodes// Main < /home/isc-/Desktop/CS309_OOAD_online_judge/judger/data/1000/2.in > /home/isc-/Desktop/CS309_OOAD_online_judge/judger/userCodes/2.out' 3 576 '/home/isc-/Desktop/CS309_OOAD_online_judge/judger/userCodes/docker_result.log'
[D 191106 00:21:18 Judger:158] {'timeused': 263, 'result': 10, 'memoryused': 163348, 're_signum': 6}
[I 191106 00:21:18 Judger:143] RUNNING CODE: /home/isc-/Desktop/CS309_OOAD_online_judge/judger/userCodes/Main 1.in
[I 191106 00:21:18 Judger:118] RUNNING COMMAND: java /home/isc-/Desktop/CS309_OOAD_online_judge/judger/userCodes// Main < /home/isc-/Desktop/CS309_OOAD_online_judge/judger/data/1000/1.in > /home/isc-/Desktop/CS309_OOAD_online_judge/judger/userCodes/1.out
[D 191106 00:21:18 Judger:122] docker run --rm -u 1000:1000 --name 731053654163277554 -v /home/isc-/Desktop/CS309_OOAD_online_judge/:/home/isc-/Desktop/CS309_OOAD_online_judge/  judge:v3 python3 /home/isc-/Desktop/CS309_OOAD_online_judge/judger/service/Runner.py 'java /home/isc-/Desktop/CS309_OOAD_online_judge/judger/userCodes// Main < /home/isc-/Desktop/CS309_OOAD_online_judge/judger/data/1000/1.in > /home/isc-/Desktop/CS309_OOAD_online_judge/judger/userCodes/1.out' 3 576 '/home/isc-/Desktop/CS309_OOAD_online_judge/judger/userCodes/docker_result.log'
[D 191106 00:21:21 Judger:158] {'timeused': 513, 'memoryused': 163352, 're_signum': 6, 'result': 10}
[D 191106 00:21:21 Judger:188] {'time': 776, 'result': 10, 'memory': 326700}
[D 191106 00:21:21 Judge_Service:57] Searching end with the result '{'time': 776, 'memory': 326700, 'result': 10, 'error': "{'timeused': 513, 'memoryused': 163352, 're_signum': 6, 'result': 10}"}'
[E 191106 00:21:21 DB:83] Fail to execute command 'insert into runtimeinfo (solution_id, error) values (305188, '{'timeused': 513, 'memoryused': 163352, 're_signum': 6, 'result': 10}');' to database
[I 191106 00:21:21 Judge_Service:59] ______________________END_____________________________
[D 191106 00:23:37 DB:25] select * from source_code sc join solution s on sc.solution_id = s.solution_id join problem p on s.problem_id = p.problem_id where s.solution_id = 305189;
[D 191106 00:23:37 DB:31] 305189
[D 191106 00:23:37 DB:35] (305189, 'import java.util.*;\n\npublic class Main{\n\tpublic static void main(String[] args) {\n    \tScanner input = new Scanner(System.in);\n      \tSystem.out.println(input.nextInt() + input.nextInt());\n    }\n}', 305189, 1000, '11712225', 0, 0, datetime.datetime(2019, 11, 5, 8, 23, 37), 0, 3, '172.18.1.122', None, 1, -1, 196, datetime.datetime(2019, 11, 5, 8, 23, 37), Decimal('0.00'), 0, 'LOCAL', 1000, 'A+B', '<p>\r\n\t<span style="font-size:14px;">Give you two integers </span><strong><span style="font-size:14px;">A</span></strong><span style="font-size:14px;"> and </span><strong><span style="font-size:14px;">B</span></strong><span style="font-size:14px;">. Please print the sum of the two integers.</span> \r\n</p>', '<p>\r\n\t<span style="font-size:14px;">Two integers: </span><b><span style="font-size:14px;">A B&nbsp;</span></b><span style="font-size:14px;">(0&lt;= A &lt;=10</span><sup><span style="font-size:14px;">6</span></sup><span style="font-size:14px;">, 0 &lt;= B &lt;= 10</span><sup><span style="font-size:14px;">6</span></sup><span style="font-size:14px;">)</span> \r\n</p>\r\n<span style="font-size:12px;"></span>', '<p>\r\n\t<span style="font-size:14px;">Sum of the two integers: </span><strong><span style="font-size:14px;">S</span></strong> \r\n</p>', '50 50', '100', '0', 'easy problem, getting started!', 'Test', datetime.datetime(2017, 9, 14, 21, 31, 28), 1, 64, 'N', 480, 1161, 0)
[I 191106 00:23:37 Judge_Service:43] _____________________START____________________________
[I 191106 00:23:37 Judge_Service:44] Searching solution_id: 305189
[I 191106 00:23:37 Judger:80] COMPILING CODE: /home/isc-/Desktop/CS309_OOAD_online_judge/judger/userCodes/Main.java
[I 191106 00:23:37 Judger:71] COMPILING COMMAND: /usr/bin/javac /home/isc-/Desktop/CS309_OOAD_online_judge/judger/userCodes/Main.java -d /home/isc-/Desktop/CS309_OOAD_online_judge/judger/userCodes/ -encoding UTF8
[E 191106 00:23:39 Judger:132] /home/isc-/Desktop/CS309_OOAD_online_judge/judger/data/1000/
[I 191106 00:23:39 Judger:143] RUNNING CODE: /home/isc-/Desktop/CS309_OOAD_online_judge/judger/userCodes/Main 2.in
[I 191106 00:23:39 Judger:118] RUNNING COMMAND: java /home/isc-/Desktop/CS309_OOAD_online_judge/judger/userCodes// Main < /home/isc-/Desktop/CS309_OOAD_online_judge/judger/data/1000/2.in > /home/isc-/Desktop/CS309_OOAD_online_judge/judger/userCodes/2.out
[D 191106 00:23:39 Judger:122] docker run --rm -u 1000:1000 --name 5338073491741200338 -v /home/isc-/Desktop/CS309_OOAD_online_judge/:/home/isc-/Desktop/CS309_OOAD_online_judge/  judge:v3 python3 /home/isc-/Desktop/CS309_OOAD_online_judge/judger/service/Runner.py 'java /home/isc-/Desktop/CS309_OOAD_online_judge/judger/userCodes// Main < /home/isc-/Desktop/CS309_OOAD_online_judge/judger/data/1000/2.in > /home/isc-/Desktop/CS309_OOAD_online_judge/judger/userCodes/2.out' 3 576 '/home/isc-/Desktop/CS309_OOAD_online_judge/judger/userCodes/docker_result.log'
[D 191106 00:23:42 Judger:158] {'re_signum': 6, 'memoryused': 163348, 'result': 10, 'timeused': 500}
[I 191106 00:23:42 Judger:143] RUNNING CODE: /home/isc-/Desktop/CS309_OOAD_online_judge/judger/userCodes/Main 1.in
[I 191106 00:23:42 Judger:118] RUNNING COMMAND: java /home/isc-/Desktop/CS309_OOAD_online_judge/judger/userCodes// Main < /home/isc-/Desktop/CS309_OOAD_online_judge/judger/data/1000/1.in > /home/isc-/Desktop/CS309_OOAD_online_judge/judger/userCodes/1.out
[D 191106 00:23:42 Judger:122] docker run --rm -u 1000:1000 --name 8594315620651036665 -v /home/isc-/Desktop/CS309_OOAD_online_judge/:/home/isc-/Desktop/CS309_OOAD_online_judge/  judge:v3 python3 /home/isc-/Desktop/CS309_OOAD_online_judge/judger/service/Runner.py 'java /home/isc-/Desktop/CS309_OOAD_online_judge/judger/userCodes// Main < /home/isc-/Desktop/CS309_OOAD_online_judge/judger/data/1000/1.in > /home/isc-/Desktop/CS309_OOAD_online_judge/judger/userCodes/1.out' 3 576 '/home/isc-/Desktop/CS309_OOAD_online_judge/judger/userCodes/docker_result.log'
[D 191106 00:23:45 Judger:158] {'timeused': 550, 'result': 10, 'memoryused': 163344, 're_signum': 6}
[D 191106 00:23:45 Judger:188] {'time': 1050, 'result': 10, 'memory': 326692}
[D 191106 00:29:01 DB:25] select * from source_code sc join solution s on sc.solution_id = s.solution_id join problem p on s.problem_id = p.problem_id where s.solution_id = 305189;
[D 191106 00:29:01 DB:31] 305189
[D 191106 00:29:01 DB:35] (305189, 'import java.util.*;\n\npublic class Main{\n\tpublic static void main(String[] args) {\n    \tScanner input = new Scanner(System.in);\n      \tSystem.out.println(input.nextInt() + input.nextInt());\n    }\n}', 305189, 1000, '11712225', 0, 0, datetime.datetime(2019, 11, 5, 8, 23, 37), 0, 3, '172.18.1.122', None, 1, -1, 196, datetime.datetime(2019, 11, 5, 8, 23, 37), Decimal('0.00'), 0, 'LOCAL', 1000, 'A+B', '<p>\r\n\t<span style="font-size:14px;">Give you two integers </span><strong><span style="font-size:14px;">A</span></strong><span style="font-size:14px;"> and </span><strong><span style="font-size:14px;">B</span></strong><span style="font-size:14px;">. Please print the sum of the two integers.</span> \r\n</p>', '<p>\r\n\t<span style="font-size:14px;">Two integers: </span><b><span style="font-size:14px;">A B&nbsp;</span></b><span style="font-size:14px;">(0&lt;= A &lt;=10</span><sup><span style="font-size:14px;">6</span></sup><span style="font-size:14px;">, 0 &lt;= B &lt;= 10</span><sup><span style="font-size:14px;">6</span></sup><span style="font-size:14px;">)</span> \r\n</p>\r\n<span style="font-size:12px;"></span>', '<p>\r\n\t<span style="font-size:14px;">Sum of the two integers: </span><strong><span style="font-size:14px;">S</span></strong> \r\n</p>', '50 50', '100', '0', 'easy problem, getting started!', 'Test', datetime.datetime(2017, 9, 14, 21, 31, 28), 1, 64, 'N', 480, 1161, 0)
[I 191106 00:29:01 Judge_Service:43] _____________________START____________________________
[I 191106 00:29:01 Judge_Service:44] Searching solution_id: 305189
[I 191106 00:29:01 Judger:80] COMPILING CODE: /home/isc-/Desktop/CS309_OOAD_online_judge/judger/userCodes/Main.java
[I 191106 00:29:01 Judger:71] COMPILING COMMAND: /usr/bin/javac /home/isc-/Desktop/CS309_OOAD_online_judge/judger/userCodes/Main.java -d /home/isc-/Desktop/CS309_OOAD_online_judge/judger/userCodes/ -encoding UTF8
[E 191106 00:29:05 Judger:133] /home/isc-/Desktop/CS309_OOAD_online_judge/judger/data/1000/
[I 191106 00:29:05 Judger:144] RUNNING CODE: /home/isc-/Desktop/CS309_OOAD_online_judge/judger/userCodes/Main 2.in
[I 191106 00:29:05 Judger:118] RUNNING COMMAND: java /home/isc-/Desktop/CS309_OOAD_online_judge/judger/userCodes// Main < /home/isc-/Desktop/CS309_OOAD_online_judge/judger/data/1000/2.in > /home/isc-/Desktop/CS309_OOAD_online_judge/judger/userCodes/2.out
[D 191106 00:29:05 Judger:122] docker run --rm -u 1000:1000 --name 8532156062863366959 -v /home/isc-/Desktop/CS309_OOAD_online_judge/:/home/isc-/Desktop/CS309_OOAD_online_judge/  judge:v3 python3 /home/isc-/Desktop/CS309_OOAD_online_judge/judger/service/Runner.py 'java /home/isc-/Desktop/CS309_OOAD_online_judge/judger/userCodes// Main < /home/isc-/Desktop/CS309_OOAD_online_judge/judger/data/1000/2.in > /home/isc-/Desktop/CS309_OOAD_online_judge/judger/userCodes/2.out' 3 576 '/home/isc-/Desktop/CS309_OOAD_online_judge/judger/userCodes/docker_result.log'
[D 191106 00:29:08 Judger:159] {'timeused': 550, 'result': 10, 'memoryused': 163344, 're_signum': 6}
[D 191106 00:29:31 DB:25] select * from source_code sc join solution s on sc.solution_id = s.solution_id join problem p on s.problem_id = p.problem_id where s.solution_id = 305190;
[D 191106 00:29:31 DB:31] 305190
[D 191106 00:29:31 DB:35] (305190, 'import java.util.*;\n\npublic class Main{\n\tpublic static void main(String[] args) {\n    \tScanner input = new Scanner(System.in);\n      \tSystem.out.println(input.nextInt() + input.nextInt());\n    }\n}', 305190, 1000, '11712225', 0, 0, datetime.datetime(2019, 11, 5, 8, 29, 30), 0, 3, '172.18.1.122', None, 1, -1, 196, datetime.datetime(2019, 11, 5, 8, 29, 30), Decimal('0.00'), 0, 'LOCAL', 1000, 'A+B', '<p>\r\n\t<span style="font-size:14px;">Give you two integers </span><strong><span style="font-size:14px;">A</span></strong><span style="font-size:14px;"> and </span><strong><span style="font-size:14px;">B</span></strong><span style="font-size:14px;">. Please print the sum of the two integers.</span> \r\n</p>', '<p>\r\n\t<span style="font-size:14px;">Two integers: </span><b><span style="font-size:14px;">A B&nbsp;</span></b><span style="font-size:14px;">(0&lt;= A &lt;=10</span><sup><span style="font-size:14px;">6</span></sup><span style="font-size:14px;">, 0 &lt;= B &lt;= 10</span><sup><span style="font-size:14px;">6</span></sup><span style="font-size:14px;">)</span> \r\n</p>\r\n<span style="font-size:12px;"></span>', '<p>\r\n\t<span style="font-size:14px;">Sum of the two integers: </span><strong><span style="font-size:14px;">S</span></strong> \r\n</p>', '50 50', '100', '0', 'easy problem, getting started!', 'Test', datetime.datetime(2017, 9, 14, 21, 31, 28), 1, 64, 'N', 480, 1161, 0)
[I 191106 00:29:31 Judge_Service:43] _____________________START____________________________
[I 191106 00:29:31 Judge_Service:44] Searching solution_id: 305190
[I 191106 00:29:31 Judger:80] COMPILING CODE: /home/isc-/Desktop/CS309_OOAD_online_judge/judger/userCodes/Main.java
[I 191106 00:29:31 Judger:71] COMPILING COMMAND: /usr/bin/javac /home/isc-/Desktop/CS309_OOAD_online_judge/judger/userCodes/Main.java -d /home/isc-/Desktop/CS309_OOAD_online_judge/judger/userCodes/ -encoding UTF8
[E 191106 00:29:33 Judger:133] /home/isc-/Desktop/CS309_OOAD_online_judge/judger/data/1000/
[I 191106 00:29:33 Judger:144] RUNNING CODE: /home/isc-/Desktop/CS309_OOAD_online_judge/judger/userCodes/Main 2.in
[I 191106 00:29:33 Judger:118] RUNNING COMMAND: java /home/isc-/Desktop/CS309_OOAD_online_judge/judger/userCodes// Main < /home/isc-/Desktop/CS309_OOAD_online_judge/judger/data/1000/2.in > /home/isc-/Desktop/CS309_OOAD_online_judge/judger/userCodes/2.out
[D 191106 00:29:33 Judger:122] docker run --rm -u 1000:1000 --name 6593521865878102323 -v /home/isc-/Desktop/CS309_OOAD_online_judge/:/home/isc-/Desktop/CS309_OOAD_online_judge/  judge:v3 python3 /home/isc-/Desktop/CS309_OOAD_online_judge/judger/service/Runner.py 'java /home/isc-/Desktop/CS309_OOAD_online_judge/judger/userCodes// Main < /home/isc-/Desktop/CS309_OOAD_online_judge/judger/data/1000/2.in > /home/isc-/Desktop/CS309_OOAD_online_judge/judger/userCodes/2.out' 3 576 '/home/isc-/Desktop/CS309_OOAD_online_judge/judger/userCodes/docker_result.log'
[D 191106 00:29:36 Judger:152] NOT EXISTS DOCKER_RESULT_LOG
[D 191106 00:29:37 Judger:152] NOT EXISTS DOCKER_RESULT_LOG
[D 191106 00:29:38 Judger:152] NOT EXISTS DOCKER_RESULT_LOG
[D 191106 00:29:39 Judger:152] NOT EXISTS DOCKER_RESULT_LOG
[D 191106 00:29:40 Judger:152] NOT EXISTS DOCKER_RESULT_LOG
[D 191106 00:29:41 Judger:152] NOT EXISTS DOCKER_RESULT_LOG
[D 191106 00:30:18 DB:25] select * from source_code sc join solution s on sc.solution_id = s.solution_id join problem p on s.problem_id = p.problem_id where s.solution_id = 305190;
[D 191106 00:30:18 DB:31] 305190
[D 191106 00:30:18 DB:35] (305190, 'import java.util.*;\n\npublic class Main{\n\tpublic static void main(String[] args) {\n    \tScanner input = new Scanner(System.in);\n      \tSystem.out.println(input.nextInt() + input.nextInt());\n    }\n}', 305190, 1000, '11712225', 0, 0, datetime.datetime(2019, 11, 5, 8, 29, 30), 0, 3, '172.18.1.122', None, 1, -1, 196, datetime.datetime(2019, 11, 5, 8, 29, 30), Decimal('0.00'), 0, 'LOCAL', 1000, 'A+B', '<p>\r\n\t<span style="font-size:14px;">Give you two integers </span><strong><span style="font-size:14px;">A</span></strong><span style="font-size:14px;"> and </span><strong><span style="font-size:14px;">B</span></strong><span style="font-size:14px;">. Please print the sum of the two integers.</span> \r\n</p>', '<p>\r\n\t<span style="font-size:14px;">Two integers: </span><b><span style="font-size:14px;">A B&nbsp;</span></b><span style="font-size:14px;">(0&lt;= A &lt;=10</span><sup><span style="font-size:14px;">6</span></sup><span style="font-size:14px;">, 0 &lt;= B &lt;= 10</span><sup><span style="font-size:14px;">6</span></sup><span style="font-size:14px;">)</span> \r\n</p>\r\n<span style="font-size:12px;"></span>', '<p>\r\n\t<span style="font-size:14px;">Sum of the two integers: </span><strong><span style="font-size:14px;">S</span></strong> \r\n</p>', '50 50', '100', '0', 'easy problem, getting started!', 'Test', datetime.datetime(2017, 9, 14, 21, 31, 28), 1, 64, 'N', 480, 1161, 0)
[I 191106 00:30:18 Judge_Service:43] _____________________START____________________________
[I 191106 00:30:18 Judge_Service:44] Searching solution_id: 305190
[I 191106 00:30:18 Judger:80] COMPILING CODE: /home/isc-/Desktop/CS309_OOAD_online_judge/judger/userCodes/Main.java
[I 191106 00:30:18 Judger:71] COMPILING COMMAND: /usr/bin/javac /home/isc-/Desktop/CS309_OOAD_online_judge/judger/userCodes/Main.java -d /home/isc-/Desktop/CS309_OOAD_online_judge/judger/userCodes/ -encoding UTF8
[E 191106 00:30:19 Judger:133] /home/isc-/Desktop/CS309_OOAD_online_judge/judger/data/1000/
[I 191106 00:30:19 Judger:144] RUNNING CODE: /home/isc-/Desktop/CS309_OOAD_online_judge/judger/userCodes/Main 2.in
[I 191106 00:30:19 Judger:118] RUNNING COMMAND: java /home/isc-/Desktop/CS309_OOAD_online_judge/judger/userCodes// Main < /home/isc-/Desktop/CS309_OOAD_online_judge/judger/data/1000/2.in > /home/isc-/Desktop/CS309_OOAD_online_judge/judger/userCodes/2.out
[D 191106 00:30:19 Judger:122] docker run --rm -u 1000:1000 --name 127707225783413943 -v /home/isc-/Desktop/CS309_OOAD_online_judge/:/home/isc-/Desktop/CS309_OOAD_online_judge/  judge:v3 python3 /home/isc-/Desktop/CS309_OOAD_online_judge/judger/service/Runner.py 'java /home/isc-/Desktop/CS309_OOAD_online_judge/judger/userCodes// Main < /home/isc-/Desktop/CS309_OOAD_online_judge/judger/data/1000/2.in > /home/isc-/Desktop/CS309_OOAD_online_judge/judger/userCodes/2.out' 3 576 '/home/isc-/Desktop/CS309_OOAD_online_judge/judger/userCodes/docker_result.log'
[D 191106 00:30:21 Judger:159] {'memoryused': 163348, 're_signum': 6, 'error': '#\n# A fatal error has been detected by the Java Runtime Environment:\n#\n#  Internal Error (g1PageBasedVirtualSpace.cpp:43), pid=7, tid=8\n#  guarantee(rs.is_reserved()) failed: Given reserved space must have been reserved already.\n#\n# JRE version:  (11.0.5+10) (build )\n# Java VM: OpenJDK 64-Bit Server VM (11.0.5+10-post-Ubuntu-2ubuntu116.04, mixed mode, aot, sharing, tiered, compressed oops, g1 gc, linux-amd64)\n# Core dump will be written. Default location: Core dumps may be processed with "/usr/lib/systemd/systemd-coredump %P %u %g %s %t %c %h %e" (or dumping to //core.7)\n#\n# An error report file with more information is saved as:\n# /tmp/hs_err_pid7.log\n#\n# If you would like to submit a bug report, please visit:\n#   https://bugs.launchpad.net/ubuntu/+source/openjdk-lts\n#\n', 'timeused': 512, 'result': 10}
[I 191106 00:30:21 Judger:144] RUNNING CODE: /home/isc-/Desktop/CS309_OOAD_online_judge/judger/userCodes/Main 1.in
[I 191106 00:30:21 Judger:118] RUNNING COMMAND: java /home/isc-/Desktop/CS309_OOAD_online_judge/judger/userCodes// Main < /home/isc-/Desktop/CS309_OOAD_online_judge/judger/data/1000/1.in > /home/isc-/Desktop/CS309_OOAD_online_judge/judger/userCodes/1.out
[D 191106 00:30:21 Judger:122] docker run --rm -u 1000:1000 --name 1664543248062584080 -v /home/isc-/Desktop/CS309_OOAD_online_judge/:/home/isc-/Desktop/CS309_OOAD_online_judge/  judge:v3 python3 /home/isc-/Desktop/CS309_OOAD_online_judge/judger/service/Runner.py 'java /home/isc-/Desktop/CS309_OOAD_online_judge/judger/userCodes// Main < /home/isc-/Desktop/CS309_OOAD_online_judge/judger/data/1000/1.in > /home/isc-/Desktop/CS309_OOAD_online_judge/judger/userCodes/1.out' 3 576 '/home/isc-/Desktop/CS309_OOAD_online_judge/judger/userCodes/docker_result.log'
[D 191106 00:30:23 Judger:159] {'result': 10, 're_signum': 6, 'memoryused': 163348, 'timeused': 180, 'error': '#\n# A fatal error has been detected by the Java Runtime Environment:\n#\n#  Internal Error (g1PageBasedVirtualSpace.cpp:43), pid=6, tid=7\n#  guarantee(rs.is_reserved()) failed: Given reserved space must have been reserved already.\n#\n# JRE version:  (11.0.5+10) (build )\n# Java VM: OpenJDK 64-Bit Server VM (11.0.5+10-post-Ubuntu-2ubuntu116.04, mixed mode, aot, sharing, tiered, compressed oops, g1 gc, linux-amd64)\n# Core dump will be written. Default location: Core dumps may be processed with "/usr/lib/systemd/systemd-coredump %P %u %g %s %t %c %h %e" (or dumping to //core.6)\n#\n# An error report file with more information is saved as:\n# /tmp/hs_err_pid6.log\n#\n# If you would like to submit a bug report, please visit:\n#   https://bugs.launchpad.net/ubuntu/+source/openjdk-lts\n#\n'}
[D 191106 00:30:23 Judger:189] {'time': 692, 'result': 10, 'memory': 326696, 'error': '#\n# A fatal error has been detected by the Java Runtime Environment:\n#\n#  Internal Error (g1PageBasedVirtualSpace.cpp:43), pid=6, tid=7\n#  guarantee(rs.is_reserved()) failed: Given reserved space must have been reserved already.\n#\n# JRE version:  (11.0.5+10) (build )\n# Java VM: OpenJDK 64-Bit Server VM (11.0.5+10-post-Ubuntu-2ubuntu116.04, mixed mode, aot, sharing, tiered, compressed oops, g1 gc, linux-amd64)\n# Core dump will be written. Default location: Core dumps may be processed with "/usr/lib/systemd/systemd-coredump %P %u %g %s %t %c %h %e" (or dumping to //core.6)\n#\n# An error report file with more information is saved as:\n# /tmp/hs_err_pid6.log\n#\n# If you would like to submit a bug report, please visit:\n#   https://bugs.launchpad.net/ubuntu/+source/openjdk-lts\n#\n'}
[D 191106 00:30:23 Judge_Service:57] Searching end with the result '{'time': 692, 'memory': 326696, 'result': 10, 'error': '#\n# A fatal error has been detected by the Java Runtime Environment:\n#\n#  Internal Error (g1PageBasedVirtualSpace.cpp:43), pid=6, tid=7\n#  guarantee(rs.is_reserved()) failed: Given reserved space must have been reserved already.\n#\n# JRE version:  (11.0.5+10) (build )\n# Java VM: OpenJDK 64-Bit Server VM (11.0.5+10-post-Ubuntu-2ubuntu116.04, mixed mode, aot, sharing, tiered, compressed oops, g1 gc, linux-amd64)\n# Core dump will be written. Default location: Core dumps may be processed with "/usr/lib/systemd/systemd-coredump %P %u %g %s %t %c %h %e" (or dumping to //core.6)\n#\n# An error report file with more information is saved as:\n# /tmp/hs_err_pid6.log\n#\n# If you would like to submit a bug report, please visit:\n#   https://bugs.launchpad.net/ubuntu/+source/openjdk-lts\n#\n'}'
[E 191106 00:30:23 DB:83] Fail to execute command 'insert into runtimeinfo (solution_id, error) values (305190, '#
    # A fatal error has been detected by the Java Runtime Environment:
    #
    #  Internal Error (g1PageBasedVirtualSpace.cpp:43), pid=6, tid=7
    #  guarantee(rs.is_reserved()) failed: Given reserved space must have been reserved already.
    #
    # JRE version:  (11.0.5+10) (build )
    # Java VM: OpenJDK 64-Bit Server VM (11.0.5+10-post-Ubuntu-2ubuntu116.04, mixed mode, aot, sharing, tiered, compressed oops, g1 gc, linux-amd64)
    # Core dump will be written. Default location: Core dumps may be processed with "/usr/lib/systemd/systemd-coredump %P %u %g %s %t %c %h %e" (or dumping to //core.6)
    #
    # An error report file with more information is saved as:
    # /tmp/hs_err_pid6.log
    #
    # If you would like to submit a bug report, please visit:
    #   https://bugs.launchpad.net/ubuntu/+source/openjdk-lts
    #
    ');' to database
[I 191106 00:30:23 Judge_Service:59] ______________________END_____________________________
[D 191106 00:30:23 DB:25] select * from source_code sc join solution s on sc.solution_id = s.solution_id join problem p on s.problem_id = p.problem_id where s.solution_id = 305189;
[D 191106 00:30:23 DB:31] 305189
[D 191106 00:30:23 DB:35] (305189, 'import java.util.*;\n\npublic class Main{\n\tpublic static void main(String[] args) {\n    \tScanner input = new Scanner(System.in);\n      \tSystem.out.println(input.nextInt() + input.nextInt());\n    }\n}', 305189, 1000, '11712225', 0, 0, datetime.datetime(2019, 11, 5, 8, 23, 37), 0, 3, '172.18.1.122', None, 1, -1, 196, datetime.datetime(2019, 11, 5, 8, 23, 37), Decimal('0.00'), 0, 'LOCAL', 1000, 'A+B', '<p>\r\n\t<span style="font-size:14px;">Give you two integers </span><strong><span style="font-size:14px;">A</span></strong><span style="font-size:14px;"> and </span><strong><span style="font-size:14px;">B</span></strong><span style="font-size:14px;">. Please print the sum of the two integers.</span> \r\n</p>', '<p>\r\n\t<span style="font-size:14px;">Two integers: </span><b><span style="font-size:14px;">A B&nbsp;</span></b><span style="font-size:14px;">(0&lt;= A &lt;=10</span><sup><span style="font-size:14px;">6</span></sup><span style="font-size:14px;">, 0 &lt;= B &lt;= 10</span><sup><span style="font-size:14px;">6</span></sup><span style="font-size:14px;">)</span> \r\n</p>\r\n<span style="font-size:12px;"></span>', '<p>\r\n\t<span style="font-size:14px;">Sum of the two integers: </span><strong><span style="font-size:14px;">S</span></strong> \r\n</p>', '50 50', '100', '0', 'easy problem, getting started!', 'Test', datetime.datetime(2017, 9, 14, 21, 31, 28), 1, 64, 'N', 480, 1161, 0)
[I 191106 00:30:23 Judge_Service:43] _____________________START____________________________
[I 191106 00:30:23 Judge_Service:44] Searching solution_id: 305189
[I 191106 00:30:23 Judger:80] COMPILING CODE: /home/isc-/Desktop/CS309_OOAD_online_judge/judger/userCodes/Main.java
[I 191106 00:30:23 Judger:71] COMPILING COMMAND: /usr/bin/javac /home/isc-/Desktop/CS309_OOAD_online_judge/judger/userCodes/Main.java -d /home/isc-/Desktop/CS309_OOAD_online_judge/judger/userCodes/ -encoding UTF8
[E 191106 00:30:24 Judger:133] /home/isc-/Desktop/CS309_OOAD_online_judge/judger/data/1000/
[I 191106 00:30:24 Judger:144] RUNNING CODE: /home/isc-/Desktop/CS309_OOAD_online_judge/judger/userCodes/Main 2.in
[I 191106 00:30:24 Judger:118] RUNNING COMMAND: java /home/isc-/Desktop/CS309_OOAD_online_judge/judger/userCodes// Main < /home/isc-/Desktop/CS309_OOAD_online_judge/judger/data/1000/2.in > /home/isc-/Desktop/CS309_OOAD_online_judge/judger/userCodes/2.out
[D 191106 00:30:24 Judger:122] docker run --rm -u 1000:1000 --name 1284707054642081531 -v /home/isc-/Desktop/CS309_OOAD_online_judge/:/home/isc-/Desktop/CS309_OOAD_online_judge/  judge:v3 python3 /home/isc-/Desktop/CS309_OOAD_online_judge/judger/service/Runner.py 'java /home/isc-/Desktop/CS309_OOAD_online_judge/judger/userCodes// Main < /home/isc-/Desktop/CS309_OOAD_online_judge/judger/data/1000/2.in > /home/isc-/Desktop/CS309_OOAD_online_judge/judger/userCodes/2.out' 3 576 '/home/isc-/Desktop/CS309_OOAD_online_judge/judger/userCodes/docker_result.log'
[D 191106 00:30:26 Judger:159] {'error': '#\n# A fatal error has been detected by the Java Runtime Environment:\n#\n#  Internal Error (g1PageBasedVirtualSpace.cpp:43), pid=6, tid=7\n#  guarantee(rs.is_reserved()) failed: Given reserved space must have been reserved already.\n#\n# JRE version:  (11.0.5+10) (build )\n# Java VM: OpenJDK 64-Bit Server VM (11.0.5+10-post-Ubuntu-2ubuntu116.04, mixed mode, aot, sharing, tiered, compressed oops, g1 gc, linux-amd64)\n# Core dump will be written. Default location: Core dumps may be processed with "/usr/lib/systemd/systemd-coredump %P %u %g %s %t %c %h %e" (or dumping to //core.6)\n#\n# An error report file with more information is saved as:\n# /tmp/hs_err_pid6.log\n#\n# If you would like to submit a bug report, please visit:\n#   https://bugs.launchpad.net/ubuntu/+source/openjdk-lts\n#\n', 'timeused': 207, 'memoryused': 163344, 'result': 10, 're_signum': 6}
[I 191106 00:30:26 Judger:144] RUNNING CODE: /home/isc-/Desktop/CS309_OOAD_online_judge/judger/userCodes/Main 1.in
[I 191106 00:30:26 Judger:118] RUNNING COMMAND: java /home/isc-/Desktop/CS309_OOAD_online_judge/judger/userCodes// Main < /home/isc-/Desktop/CS309_OOAD_online_judge/judger/data/1000/1.in > /home/isc-/Desktop/CS309_OOAD_online_judge/judger/userCodes/1.out
[D 191106 00:30:26 Judger:122] docker run --rm -u 1000:1000 --name 6614360875448700735 -v /home/isc-/Desktop/CS309_OOAD_online_judge/:/home/isc-/Desktop/CS309_OOAD_online_judge/  judge:v3 python3 /home/isc-/Desktop/CS309_OOAD_online_judge/judger/service/Runner.py 'java /home/isc-/Desktop/CS309_OOAD_online_judge/judger/userCodes// Main < /home/isc-/Desktop/CS309_OOAD_online_judge/judger/data/1000/1.in > /home/isc-/Desktop/CS309_OOAD_online_judge/judger/userCodes/1.out' 3 576 '/home/isc-/Desktop/CS309_OOAD_online_judge/judger/userCodes/docker_result.log'
[D 191106 00:30:27 Judger:159] {'error': '#\n# A fatal error has been detected by the Java Runtime Environment:\n#\n#  Internal Error (g1PageBasedVirtualSpace.cpp:43), pid=6, tid=7\n#  guarantee(rs.is_reserved()) failed: Given reserved space must have been reserved already.\n#\n# JRE version:  (11.0.5+10) (build )\n# Java VM: OpenJDK 64-Bit Server VM (11.0.5+10-post-Ubuntu-2ubuntu116.04, mixed mode, aot, sharing, tiered, compressed oops, g1 gc, linux-amd64)\n# Core dump will be written. Default location: Core dumps may be processed with "/usr/lib/systemd/systemd-coredump %P %u %g %s %t %c %h %e" (or dumping to //core.6)\n#\n# An error report file with more information is saved as:\n# /tmp/hs_err_pid6.log\n#\n# If you would like to submit a bug report, please visit:\n#   https://bugs.launchpad.net/ubuntu/+source/openjdk-lts\n#\n', 're_signum': 6, 'timeused': 177, 'result': 10, 'memoryused': 163344}
[D 191106 00:30:27 Judger:189] {'time': 384, 'result': 10, 'memory': 326688, 'error': '#\n# A fatal error has been detected by the Java Runtime Environment:\n#\n#  Internal Error (g1PageBasedVirtualSpace.cpp:43), pid=6, tid=7\n#  guarantee(rs.is_reserved()) failed: Given reserved space must have been reserved already.\n#\n# JRE version:  (11.0.5+10) (build )\n# Java VM: OpenJDK 64-Bit Server VM (11.0.5+10-post-Ubuntu-2ubuntu116.04, mixed mode, aot, sharing, tiered, compressed oops, g1 gc, linux-amd64)\n# Core dump will be written. Default location: Core dumps may be processed with "/usr/lib/systemd/systemd-coredump %P %u %g %s %t %c %h %e" (or dumping to //core.6)\n#\n# An error report file with more information is saved as:\n# /tmp/hs_err_pid6.log\n#\n# If you would like to submit a bug report, please visit:\n#   https://bugs.launchpad.net/ubuntu/+source/openjdk-lts\n#\n'}
[D 191106 00:30:27 Judge_Service:57] Searching end with the result '{'time': 384, 'memory': 326688, 'result': 10, 'error': '#\n# A fatal error has been detected by the Java Runtime Environment:\n#\n#  Internal Error (g1PageBasedVirtualSpace.cpp:43), pid=6, tid=7\n#  guarantee(rs.is_reserved()) failed: Given reserved space must have been reserved already.\n#\n# JRE version:  (11.0.5+10) (build )\n# Java VM: OpenJDK 64-Bit Server VM (11.0.5+10-post-Ubuntu-2ubuntu116.04, mixed mode, aot, sharing, tiered, compressed oops, g1 gc, linux-amd64)\n# Core dump will be written. Default location: Core dumps may be processed with "/usr/lib/systemd/systemd-coredump %P %u %g %s %t %c %h %e" (or dumping to //core.6)\n#\n# An error report file with more information is saved as:\n# /tmp/hs_err_pid6.log\n#\n# If you would like to submit a bug report, please visit:\n#   https://bugs.launchpad.net/ubuntu/+source/openjdk-lts\n#\n'}'
[E 191106 00:30:27 DB:83] Fail to execute command 'insert into runtimeinfo (solution_id, error) values (305189, '#
    # A fatal error has been detected by the Java Runtime Environment:
    #
    #  Internal Error (g1PageBasedVirtualSpace.cpp:43), pid=6, tid=7
    #  guarantee(rs.is_reserved()) failed: Given reserved space must have been reserved already.
    #
    # JRE version:  (11.0.5+10) (build )
    # Java VM: OpenJDK 64-Bit Server VM (11.0.5+10-post-Ubuntu-2ubuntu116.04, mixed mode, aot, sharing, tiered, compressed oops, g1 gc, linux-amd64)
    # Core dump will be written. Default location: Core dumps may be processed with "/usr/lib/systemd/systemd-coredump %P %u %g %s %t %c %h %e" (or dumping to //core.6)
    #
    # An error report file with more information is saved as:
    # /tmp/hs_err_pid6.log
    #
    # If you would like to submit a bug report, please visit:
    #   https://bugs.launchpad.net/ubuntu/+source/openjdk-lts
    #
    ');' to database
[I 191106 00:30:27 Judge_Service:59] ______________________END_____________________________
[D 191106 00:34:11 DB:25] select * from source_code sc join solution s on sc.solution_id = s.solution_id join problem p on s.problem_id = p.problem_id where s.solution_id = 305191;
[D 191106 00:34:11 DB:31] 305191
[D 191106 00:34:11 DB:35] (305191, 'import java.util.*;\n\npublic class Main{\n\tpublic static void main(String[] args) {\n    \tScanner input = new Scanner(System.in);\n      \tSystem.out.println(input.nextInt() + input.nextInt());\n    }\n}', 305191, 1000, '11712225', 0, 0, datetime.datetime(2019, 11, 5, 8, 34, 9), 0, 3, '172.18.1.122', None, 1, -1, 196, datetime.datetime(2019, 11, 5, 8, 34, 9), Decimal('0.00'), 0, 'LOCAL', 1000, 'A+B', '<p>\r\n\t<span style="font-size:14px;">Give you two integers </span><strong><span style="font-size:14px;">A</span></strong><span style="font-size:14px;"> and </span><strong><span style="font-size:14px;">B</span></strong><span style="font-size:14px;">. Please print the sum of the two integers.</span> \r\n</p>', '<p>\r\n\t<span style="font-size:14px;">Two integers: </span><b><span style="font-size:14px;">A B&nbsp;</span></b><span style="font-size:14px;">(0&lt;= A &lt;=10</span><sup><span style="font-size:14px;">6</span></sup><span style="font-size:14px;">, 0 &lt;= B &lt;= 10</span><sup><span style="font-size:14px;">6</span></sup><span style="font-size:14px;">)</span> \r\n</p>\r\n<span style="font-size:12px;"></span>', '<p>\r\n\t<span style="font-size:14px;">Sum of the two integers: </span><strong><span style="font-size:14px;">S</span></strong> \r\n</p>', '50 50', '100', '0', 'easy problem, getting started!', 'Test', datetime.datetime(2017, 9, 14, 21, 31, 28), 1, 64, 'N', 480, 1161, 0)
[I 191106 00:34:11 Judge_Service:43] _____________________START____________________________
[I 191106 00:34:11 Judge_Service:44] Searching solution_id: 305191
[I 191106 00:34:11 Judger:80] COMPILING CODE: /home/isc-/Desktop/CS309_OOAD_online_judge/judger/userCodes/Main.java
[I 191106 00:34:11 Judger:71] COMPILING COMMAND: /usr/bin/javac /home/isc-/Desktop/CS309_OOAD_online_judge/judger/userCodes/Main.java -d /home/isc-/Desktop/CS309_OOAD_online_judge/judger/userCodes/ -encoding UTF8
[E 191106 00:34:13 Judger:133] /home/isc-/Desktop/CS309_OOAD_online_judge/judger/data/1000/
[I 191106 00:34:13 Judger:144] RUNNING CODE: /home/isc-/Desktop/CS309_OOAD_online_judge/judger/userCodes/Main 2.in
[I 191106 00:34:13 Judger:118] RUNNING COMMAND: java /home/isc-/Desktop/CS309_OOAD_online_judge/judger/userCodes// Main < /home/isc-/Desktop/CS309_OOAD_online_judge/judger/data/1000/2.in > /home/isc-/Desktop/CS309_OOAD_online_judge/judger/userCodes/2.out
[D 191106 00:34:13 Judger:122] docker run --rm -u 1000:1000 --name 6019243242388488644 -v /home/isc-/Desktop/CS309_OOAD_online_judge/:/home/isc-/Desktop/CS309_OOAD_online_judge/  judge:v3 python3 /home/isc-/Desktop/CS309_OOAD_online_judge/judger/service/Runner.py 'java /home/isc-/Desktop/CS309_OOAD_online_judge/judger/userCodes// Main < /home/isc-/Desktop/CS309_OOAD_online_judge/judger/data/1000/2.in > /home/isc-/Desktop/CS309_OOAD_online_judge/judger/userCodes/2.out' 3 576 '/home/isc-/Desktop/CS309_OOAD_online_judge/judger/userCodes/docker_result.log'
[D 191106 00:34:16 Judger:159] {'timeused': 469, 'memoryused': 163348, 'result': 10, 'error': '#\n# A fatal error has been detected by the Java Runtime Environment:\n#\n#  Internal Error (g1PageBasedVirtualSpace.cpp:43), pid=6, tid=7\n#  guarantee(rs.is_reserved()) failed: Given reserved space must have been reserved already.\n#\n# JRE version:  (11.0.5+10) (build )\n# Java VM: OpenJDK 64-Bit Server VM (11.0.5+10-post-Ubuntu-2ubuntu116.04, mixed mode, aot, sharing, tiered, compressed oops, g1 gc, linux-amd64)\n# Core dump will be written. Default location: Core dumps may be processed with "/usr/lib/systemd/systemd-coredump %P %u %g %s %t %c %h %e" (or dumping to //core.6)\n#\n# An error report file with more information is saved as:\n# /tmp/hs_err_pid6.log\n#\n# If you would like to submit a bug report, please visit:\n#   https://bugs.launchpad.net/ubuntu/+source/openjdk-lts\n#\n', 're_signum': 6}
[I 191106 00:34:16 Judger:144] RUNNING CODE: /home/isc-/Desktop/CS309_OOAD_online_judge/judger/userCodes/Main 1.in
[I 191106 00:34:16 Judger:118] RUNNING COMMAND: java /home/isc-/Desktop/CS309_OOAD_online_judge/judger/userCodes// Main < /home/isc-/Desktop/CS309_OOAD_online_judge/judger/data/1000/1.in > /home/isc-/Desktop/CS309_OOAD_online_judge/judger/userCodes/1.out
[D 191106 00:34:16 Judger:122] docker run --rm -u 1000:1000 --name 6255749211701204954 -v /home/isc-/Desktop/CS309_OOAD_online_judge/:/home/isc-/Desktop/CS309_OOAD_online_judge/  judge:v3 python3 /home/isc-/Desktop/CS309_OOAD_online_judge/judger/service/Runner.py 'java /home/isc-/Desktop/CS309_OOAD_online_judge/judger/userCodes// Main < /home/isc-/Desktop/CS309_OOAD_online_judge/judger/data/1000/1.in > /home/isc-/Desktop/CS309_OOAD_online_judge/judger/userCodes/1.out' 3 576 '/home/isc-/Desktop/CS309_OOAD_online_judge/judger/userCodes/docker_result.log'
[D 191106 00:34:20 Judger:159] {'timeused': 512, 'error': '#\n# A fatal error has been detected by the Java Runtime Environment:\n#\n#  Internal Error (g1PageBasedVirtualSpace.cpp:43), pid=6, tid=7\n#  guarantee(rs.is_reserved()) failed: Given reserved space must have been reserved already.\n#\n# JRE version:  (11.0.5+10) (build )\n# Java VM: OpenJDK 64-Bit Server VM (11.0.5+10-post-Ubuntu-2ubuntu116.04, mixed mode, aot, sharing, tiered, compressed oops, g1 gc, linux-amd64)\n# Core dump will be written. Default location: Core dumps may be processed with "/usr/lib/systemd/systemd-coredump %P %u %g %s %t %c %h %e" (or dumping to //core.6)\n#\n# An error report file with more information is saved as:\n# /tmp/hs_err_pid6.log\n#\n# If you would like to submit a bug report, please visit:\n#   https://bugs.launchpad.net/ubuntu/+source/openjdk-lts\n#\n', 'result': 10, 're_signum': 6, 'memoryused': 163348}
[D 191106 00:34:20 Judger:189] {'time': 981, 'result': 10, 'memory': 326696, 'error': '#\n# A fatal error has been detected by the Java Runtime Environment:\n#\n#  Internal Error (g1PageBasedVirtualSpace.cpp:43), pid=6, tid=7\n#  guarantee(rs.is_reserved()) failed: Given reserved space must have been reserved already.\n#\n# JRE version:  (11.0.5+10) (build )\n# Java VM: OpenJDK 64-Bit Server VM (11.0.5+10-post-Ubuntu-2ubuntu116.04, mixed mode, aot, sharing, tiered, compressed oops, g1 gc, linux-amd64)\n# Core dump will be written. Default location: Core dumps may be processed with "/usr/lib/systemd/systemd-coredump %P %u %g %s %t %c %h %e" (or dumping to //core.6)\n#\n# An error report file with more information is saved as:\n# /tmp/hs_err_pid6.log\n#\n# If you would like to submit a bug report, please visit:\n#   https://bugs.launchpad.net/ubuntu/+source/openjdk-lts\n#\n'}
[D 191106 00:34:20 Judge_Service:57] Searching end with the result '{'time': 981, 'memory': 326696, 'result': 10, 'error': '#\n# A fatal error has been detected by the Java Runtime Environment:\n#\n#  Internal Error (g1PageBasedVirtualSpace.cpp:43), pid=6, tid=7\n#  guarantee(rs.is_reserved()) failed: Given reserved space must have been reserved already.\n#\n# JRE version:  (11.0.5+10) (build )\n# Java VM: OpenJDK 64-Bit Server VM (11.0.5+10-post-Ubuntu-2ubuntu116.04, mixed mode, aot, sharing, tiered, compressed oops, g1 gc, linux-amd64)\n# Core dump will be written. Default location: Core dumps may be processed with "/usr/lib/systemd/systemd-coredump %P %u %g %s %t %c %h %e" (or dumping to //core.6)\n#\n# An error report file with more information is saved as:\n# /tmp/hs_err_pid6.log\n#\n# If you would like to submit a bug report, please visit:\n#   https://bugs.launchpad.net/ubuntu/+source/openjdk-lts\n#\n'}'
[E 191106 00:34:20 DB:83] Fail to execute command 'insert into runtimeinfo (solution_id, error) values (305191, '#
    # A fatal error has been detected by the Java Runtime Environment:
    #
    #  Internal Error (g1PageBasedVirtualSpace.cpp:43), pid=6, tid=7
    #  guarantee(rs.is_reserved()) failed: Given reserved space must have been reserved already.
    #
    # JRE version:  (11.0.5+10) (build )
    # Java VM: OpenJDK 64-Bit Server VM (11.0.5+10-post-Ubuntu-2ubuntu116.04, mixed mode, aot, sharing, tiered, compressed oops, g1 gc, linux-amd64)
    # Core dump will be written. Default location: Core dumps may be processed with "/usr/lib/systemd/systemd-coredump %P %u %g %s %t %c %h %e" (or dumping to //core.6)
    #
    # An error report file with more information is saved as:
    # /tmp/hs_err_pid6.log
    #
    # If you would like to submit a bug report, please visit:
    #   https://bugs.launchpad.net/ubuntu/+source/openjdk-lts
    #
    ');' to database
[I 191106 00:34:20 Judge_Service:59] ______________________END_____________________________
[D 191106 00:38:41 DB:25] select * from source_code sc join solution s on sc.solution_id = s.solution_id join problem p on s.problem_id = p.problem_id where s.solution_id = 305192;
[D 191106 00:38:41 DB:31] 305192
[D 191106 00:38:41 DB:35] (305192, 'import java.util.*;\n\npublic class Main{\n\tpublic sdddtatic void main(String[] args) {\n    \tScanner input = new Scanner(System.in);\n      \tSystem.out.println(input.nextInt() + input.nextInt());\n    }\n}', 305192, 1000, '11712225', 0, 0, datetime.datetime(2019, 11, 5, 8, 38, 39), 0, 3, '172.18.1.122', None, 1, -1, 199, datetime.datetime(2019, 11, 5, 8, 38, 39), Decimal('0.00'), 0, 'LOCAL', 1000, 'A+B', '<p>\r\n\t<span style="font-size:14px;">Give you two integers </span><strong><span style="font-size:14px;">A</span></strong><span style="font-size:14px;"> and </span><strong><span style="font-size:14px;">B</span></strong><span style="font-size:14px;">. Please print the sum of the two integers.</span> \r\n</p>', '<p>\r\n\t<span style="font-size:14px;">Two integers: </span><b><span style="font-size:14px;">A B&nbsp;</span></b><span style="font-size:14px;">(0&lt;= A &lt;=10</span><sup><span style="font-size:14px;">6</span></sup><span style="font-size:14px;">, 0 &lt;= B &lt;= 10</span><sup><span style="font-size:14px;">6</span></sup><span style="font-size:14px;">)</span> \r\n</p>\r\n<span style="font-size:12px;"></span>', '<p>\r\n\t<span style="font-size:14px;">Sum of the two integers: </span><strong><span style="font-size:14px;">S</span></strong> \r\n</p>', '50 50', '100', '0', 'easy problem, getting started!', 'Test', datetime.datetime(2017, 9, 14, 21, 31, 28), 1, 64, 'N', 480, 1161, 0)
[I 191106 00:38:41 Judge_Service:43] _____________________START____________________________
[I 191106 00:38:41 Judge_Service:44] Searching solution_id: 305192
[I 191106 00:38:41 Judger:80] COMPILING CODE: /home/isc-/Desktop/CS309_OOAD_online_judge/judger/userCodes/Main.java
[I 191106 00:38:41 Judger:71] COMPILING COMMAND: /usr/bin/javac /home/isc-/Desktop/CS309_OOAD_online_judge/judger/userCodes/Main.java -d /home/isc-/Desktop/CS309_OOAD_online_judge/judger/userCodes/ -encoding UTF8
[I 191106 00:38:42 Judger:74] Compile error
[D 191106 00:38:42 Judge_Service:57] Searching end with the result '{'time': 0, 'memory': 0, 'result': 11, 'error': ''}'
[I 191106 00:38:42 Judge_Service:59] ______________________END_____________________________
[D 191106 00:40:28 DB:27] select * from source_code sc join solution s on sc.solution_id = s.solution_id join problem p on s.problem_id = p.problem_id where s.solution_id = 305193;
[D 191106 00:40:28 DB:37] 305193
[D 191106 00:40:28 DB:41] (305193, 'import java.util.*;\n\npublic class Main{\n\tpublic fffstatic void main(String[] args) {\n    \tScanner input = new Scanner(System.in);\n      \tSystem.out.println(input.nextInt() + input.nextInt());\n    }\n}', 305193, 1000, '11712225', 0, 0, datetime.datetime(2019, 11, 5, 8, 40, 28), 0, 3, '172.18.1.122', None, 1, -1, 199, datetime.datetime(2019, 11, 5, 8, 40, 28), Decimal('0.00'), 0, 'LOCAL', 1000, 'A+B', '<p>\r\n\t<span style="font-size:14px;">Give you two integers </span><strong><span style="font-size:14px;">A</span></strong><span style="font-size:14px;"> and </span><strong><span style="font-size:14px;">B</span></strong><span style="font-size:14px;">. Please print the sum of the two integers.</span> \r\n</p>', '<p>\r\n\t<span style="font-size:14px;">Two integers: </span><b><span style="font-size:14px;">A B&nbsp;</span></b><span style="font-size:14px;">(0&lt;= A &lt;=10</span><sup><span style="font-size:14px;">6</span></sup><span style="font-size:14px;">, 0 &lt;= B &lt;= 10</span><sup><span style="font-size:14px;">6</span></sup><span style="font-size:14px;">)</span> \r\n</p>\r\n<span style="font-size:12px;"></span>', '<p>\r\n\t<span style="font-size:14px;">Sum of the two integers: </span><strong><span style="font-size:14px;">S</span></strong> \r\n</p>', '50 50', '100', '0', 'easy problem, getting started!', 'Test', datetime.datetime(2017, 9, 14, 21, 31, 28), 1, 64, 'N', 480, 1161, 0)
[I 191106 00:40:28 Judge_Service:43] _____________________START____________________________
[I 191106 00:40:28 Judge_Service:44] Searching solution_id: 305193
[I 191106 00:40:28 Judger:80] COMPILING CODE: /home/isc-/Desktop/CS309_OOAD_online_judge/judger/userCodes/Main.java
[I 191106 00:40:28 Judger:71] COMPILING COMMAND: /usr/bin/javac /home/isc-/Desktop/CS309_OOAD_online_judge/judger/userCodes/Main.java -d /home/isc-/Desktop/CS309_OOAD_online_judge/judger/userCodes/ -encoding UTF8
[I 191106 00:40:29 Judger:74] Compile error
[D 191106 00:40:29 Judge_Service:57] Searching end with the result '{'time': 0, 'memory': 0, 'result': 11, 'error': ''}'
[D 191106 00:40:29 DB:71] update solution set time = 0, memory = 0, result = 11 , judger = "10.20.97.68" where solution_id = 305193;
[I 191106 00:40:29 Judge_Service:59] ______________________END_____________________________
[D 191106 00:44:57 DB:27] select * from source_code sc join solution s on sc.solution_id = s.solution_id join problem p on s.problem_id = p.problem_id where s.solution_id = 305194;
[D 191106 00:44:57 DB:37] 305194
[D 191106 00:44:57 DB:41] (305194, 'import java.util.*;\n\npublic class Main{\n\tpublic fffstatic void main(String[] args) {\n    \tScanner input = new Scanner(System.in);\n      \tSystem.out.println(input.nextInt() + input.nextInt());\n    }\n}', 305194, 1000, '11712225', 0, 0, datetime.datetime(2019, 11, 5, 8, 44, 57), 0, 3, '172.18.1.122', None, 1, -1, 199, datetime.datetime(2019, 11, 5, 8, 44, 57), Decimal('0.00'), 0, 'LOCAL', 1000, 'A+B', '<p>\r\n\t<span style="font-size:14px;">Give you two integers </span><strong><span style="font-size:14px;">A</span></strong><span style="font-size:14px;"> and </span><strong><span style="font-size:14px;">B</span></strong><span style="font-size:14px;">. Please print the sum of the two integers.</span> \r\n</p>', '<p>\r\n\t<span style="font-size:14px;">Two integers: </span><b><span style="font-size:14px;">A B&nbsp;</span></b><span style="font-size:14px;">(0&lt;= A &lt;=10</span><sup><span style="font-size:14px;">6</span></sup><span style="font-size:14px;">, 0 &lt;= B &lt;= 10</span><sup><span style="font-size:14px;">6</span></sup><span style="font-size:14px;">)</span> \r\n</p>\r\n<span style="font-size:12px;"></span>', '<p>\r\n\t<span style="font-size:14px;">Sum of the two integers: </span><strong><span style="font-size:14px;">S</span></strong> \r\n</p>', '50 50', '100', '0', 'easy problem, getting started!', 'Test', datetime.datetime(2017, 9, 14, 21, 31, 28), 1, 64, 'N', 480, 1161, 0)
[I 191106 00:44:57 Judge_Service:43] _____________________START____________________________
[I 191106 00:44:57 Judge_Service:44] Searching solution_id: 305194
[I 191106 00:44:57 Judger:86] COMPILING CODE: /home/isc-/Desktop/CS309_OOAD_online_judge/judger/userCodes/Main.java
[I 191106 00:44:57 Judger:77] COMPILING COMMAND: /usr/bin/javac /home/isc-/Desktop/CS309_OOAD_online_judge/judger/userCodes/Main.java -d /home/isc-/Desktop/CS309_OOAD_online_judge/judger/userCodes/ -encoding UTF8
[I 191106 00:44:58 Judger:80] Compile error
[D 191106 00:44:59 Judge_Service:57] Searching end with the result '{'time': 0, 'memory': 0, 'result': 11, 'error': ''}'
[D 191106 00:44:59 DB:71] update solution set time = 0, memory = 0, result = 11 , judger = "10.20.97.68" where solution_id = 305194;
[I 191106 00:44:59 Judge_Service:59] ______________________END_____________________________
[D 191106 00:46:21 DB:27] select * from source_code sc join solution s on sc.solution_id = s.solution_id join problem p on s.problem_id = p.problem_id where s.solution_id = 305195;
[D 191106 00:46:21 DB:37] 305195
[D 191106 00:46:21 DB:41] (305195, 'import java.util.*;\n\npublic class Main{\n\tpublic static void main(String[] args) {\n    \tScanner input = new Scanner(System.in);\n      \tSystem.out.println(input.nextInt() + input.nextInt());\n    }\n}', 305195, 1000, '11712225', 0, 0, datetime.datetime(2019, 11, 5, 8, 46, 21), 0, 3, '172.18.1.122', None, 1, -1, 196, datetime.datetime(2019, 11, 5, 8, 46, 21), Decimal('0.00'), 0, 'LOCAL', 1000, 'A+B', '<p>\r\n\t<span style="font-size:14px;">Give you two integers </span><strong><span style="font-size:14px;">A</span></strong><span style="font-size:14px;"> and </span><strong><span style="font-size:14px;">B</span></strong><span style="font-size:14px;">. Please print the sum of the two integers.</span> \r\n</p>', '<p>\r\n\t<span style="font-size:14px;">Two integers: </span><b><span style="font-size:14px;">A B&nbsp;</span></b><span style="font-size:14px;">(0&lt;= A &lt;=10</span><sup><span style="font-size:14px;">6</span></sup><span style="font-size:14px;">, 0 &lt;= B &lt;= 10</span><sup><span style="font-size:14px;">6</span></sup><span style="font-size:14px;">)</span> \r\n</p>\r\n<span style="font-size:12px;"></span>', '<p>\r\n\t<span style="font-size:14px;">Sum of the two integers: </span><strong><span style="font-size:14px;">S</span></strong> \r\n</p>', '50 50', '100', '0', 'easy problem, getting started!', 'Test', datetime.datetime(2017, 9, 14, 21, 31, 28), 1, 64, 'N', 480, 1161, 0)
[I 191106 00:46:21 Judge_Service:43] _____________________START____________________________
[I 191106 00:46:21 Judge_Service:44] Searching solution_id: 305195
[I 191106 00:46:21 Judger:87] COMPILING CODE: /home/isc-/Desktop/CS309_OOAD_online_judge/judger/userCodes/Main.java
[I 191106 00:46:21 Judger:77] COMPILING COMMAND: /usr/bin/javac /home/isc-/Desktop/CS309_OOAD_online_judge/judger/userCodes/Main.java -d /home/isc-/Desktop/CS309_OOAD_online_judge/judger/userCodes/ -encoding UTF8
[D 191106 00:46:23 Judger:79] 
[E 191106 00:46:27 Judger:140] /home/isc-/Desktop/CS309_OOAD_online_judge/judger/data/1000/
[I 191106 00:46:27 Judger:151] RUNNING CODE: /home/isc-/Desktop/CS309_OOAD_online_judge/judger/userCodes/Main 2.in
[I 191106 00:46:27 Judger:125] RUNNING COMMAND: java /home/isc-/Desktop/CS309_OOAD_online_judge/judger/userCodes// Main < /home/isc-/Desktop/CS309_OOAD_online_judge/judger/data/1000/2.in > /home/isc-/Desktop/CS309_OOAD_online_judge/judger/userCodes/2.out
[D 191106 00:46:27 Judger:129] docker run --rm -u 1000:1000 --name 4418478037421375025 -v /home/isc-/Desktop/CS309_OOAD_online_judge/:/home/isc-/Desktop/CS309_OOAD_online_judge/  judge:v3 python3 /home/isc-/Desktop/CS309_OOAD_online_judge/judger/service/Runner.py 'java /home/isc-/Desktop/CS309_OOAD_online_judge/judger/userCodes// Main < /home/isc-/Desktop/CS309_OOAD_online_judge/judger/data/1000/2.in > /home/isc-/Desktop/CS309_OOAD_online_judge/judger/userCodes/2.out' 3 576 '/home/isc-/Desktop/CS309_OOAD_online_judge/judger/userCodes/docker_result.log'
[D 191106 00:46:30 Judger:166] {'memoryused': 163348, 're_signum': 6, 'timeused': 304, 'result': 10, 'error': '#\n# A fatal error has been detected by the Java Runtime Environment:\n#\n#  Internal Error (g1PageBasedVirtualSpace.cpp:43), pid=8, tid=9\n#  guarantee(rs.is_reserved()) failed: Given reserved space must have been reserved already.\n#\n# JRE version:  (11.0.5+10) (build )\n# Java VM: OpenJDK 64-Bit Server VM (11.0.5+10-post-Ubuntu-2ubuntu116.04, mixed mode, aot, sharing, tiered, compressed oops, g1 gc, linux-amd64)\n# Core dump will be written. Default location: Core dumps may be processed with "/usr/lib/systemd/systemd-coredump %P %u %g %s %t %c %h %e" (or dumping to //core.8)\n#\n# An error report file with more information is saved as:\n# /tmp/hs_err_pid8.log\n#\n# If you would like to submit a bug report, please visit:\n#   https://bugs.launchpad.net/ubuntu/+source/openjdk-lts\n#\n'}
[I 191106 00:46:30 Judger:151] RUNNING CODE: /home/isc-/Desktop/CS309_OOAD_online_judge/judger/userCodes/Main 1.in
[I 191106 00:46:30 Judger:125] RUNNING COMMAND: java /home/isc-/Desktop/CS309_OOAD_online_judge/judger/userCodes// Main < /home/isc-/Desktop/CS309_OOAD_online_judge/judger/data/1000/1.in > /home/isc-/Desktop/CS309_OOAD_online_judge/judger/userCodes/1.out
[D 191106 00:46:30 Judger:129] docker run --rm -u 1000:1000 --name 3919996363781375498 -v /home/isc-/Desktop/CS309_OOAD_online_judge/:/home/isc-/Desktop/CS309_OOAD_online_judge/  judge:v3 python3 /home/isc-/Desktop/CS309_OOAD_online_judge/judger/service/Runner.py 'java /home/isc-/Desktop/CS309_OOAD_online_judge/judger/userCodes// Main < /home/isc-/Desktop/CS309_OOAD_online_judge/judger/data/1000/1.in > /home/isc-/Desktop/CS309_OOAD_online_judge/judger/userCodes/1.out' 3 576 '/home/isc-/Desktop/CS309_OOAD_online_judge/judger/userCodes/docker_result.log'
[D 191106 00:46:32 Judger:166] {'memoryused': 163352, 'timeused': 187, 'result': 10, 'error': '#\n# A fatal error has been detected by the Java Runtime Environment:\n#\n#  Internal Error (g1PageBasedVirtualSpace.cpp:43), pid=6, tid=7\n#  guarantee(rs.is_reserved()) failed: Given reserved space must have been reserved already.\n#\n# JRE version:  (11.0.5+10) (build )\n# Java VM: OpenJDK 64-Bit Server VM (11.0.5+10-post-Ubuntu-2ubuntu116.04, mixed mode, aot, sharing, tiered, compressed oops, g1 gc, linux-amd64)\n# Core dump will be written. Default location: Core dumps may be processed with "/usr/lib/systemd/systemd-coredump %P %u %g %s %t %c %h %e" (or dumping to //core.6)\n#\n# An error report file with more information is saved as:\n# /tmp/hs_err_pid6.log\n#\n# If you would like to submit a bug report, please visit:\n#   https://bugs.launchpad.net/ubuntu/+source/openjdk-lts\n#\n', 're_signum': 6}
[D 191106 00:46:32 Judger:196] {'time': 491, 'result': 10, 'memory': 326700, 'error': '#\n# A fatal error has been detected by the Java Runtime Environment:\n#\n#  Internal Error (g1PageBasedVirtualSpace.cpp:43), pid=6, tid=7\n#  guarantee(rs.is_reserved()) failed: Given reserved space must have been reserved already.\n#\n# JRE version:  (11.0.5+10) (build )\n# Java VM: OpenJDK 64-Bit Server VM (11.0.5+10-post-Ubuntu-2ubuntu116.04, mixed mode, aot, sharing, tiered, compressed oops, g1 gc, linux-amd64)\n# Core dump will be written. Default location: Core dumps may be processed with "/usr/lib/systemd/systemd-coredump %P %u %g %s %t %c %h %e" (or dumping to //core.6)\n#\n# An error report file with more information is saved as:\n# /tmp/hs_err_pid6.log\n#\n# If you would like to submit a bug report, please visit:\n#   https://bugs.launchpad.net/ubuntu/+source/openjdk-lts\n#\n'}
[D 191106 00:46:32 Judge_Service:57] Searching end with the result '{'time': 491, 'memory': 326700, 'result': 10, 'error': '#\n# A fatal error has been detected by the Java Runtime Environment:\n#\n#  Internal Error (g1PageBasedVirtualSpace.cpp:43), pid=6, tid=7\n#  guarantee(rs.is_reserved()) failed: Given reserved space must have been reserved already.\n#\n# JRE version:  (11.0.5+10) (build )\n# Java VM: OpenJDK 64-Bit Server VM (11.0.5+10-post-Ubuntu-2ubuntu116.04, mixed mode, aot, sharing, tiered, compressed oops, g1 gc, linux-amd64)\n# Core dump will be written. Default location: Core dumps may be processed with "/usr/lib/systemd/systemd-coredump %P %u %g %s %t %c %h %e" (or dumping to //core.6)\n#\n# An error report file with more information is saved as:\n# /tmp/hs_err_pid6.log\n#\n# If you would like to submit a bug report, please visit:\n#   https://bugs.launchpad.net/ubuntu/+source/openjdk-lts\n#\n'}'
[D 191106 00:46:32 DB:71] update solution set time = 491, memory = 326700, result = 10 , judger = "10.20.97.68" where solution_id = 305195;
[D 191106 00:46:32 DB:86] insert into runtimeinfo (solution_id, error) values (305195, '#
    # A fatal error has been detected by the Java Runtime Environment:
    #
    #  Internal Error (g1PageBasedVirtualSpace.cpp:43), pid=6, tid=7
    #  guarantee(rs.is_reserved()) failed: Given reserved space must have been reserved already.
    #
    # JRE version:  (11.0.5+10) (build )
    # Java VM: OpenJDK 64-Bit Server VM (11.0.5+10-post-Ubuntu-2ubuntu116.04, mixed mode, aot, sharing, tiered, compressed oops, g1 gc, linux-amd64)
    # Core dump will be written. Default location: Core dumps may be processed with "/usr/lib/systemd/systemd-coredump %P %u %g %s %t %c %h %e" (or dumping to //core.6)
    #
    # An error report file with more information is saved as:
    # /tmp/hs_err_pid6.log
    #
    # If you would like to submit a bug report, please visit:
    #   https://bugs.launchpad.net/ubuntu/+source/openjdk-lts
    #
    ');
[I 191106 00:46:32 Judge_Service:59] ______________________END_____________________________
[D 191106 00:46:35 DB:27] select * from source_code sc join solution s on sc.solution_id = s.solution_id join problem p on s.problem_id = p.problem_id where s.solution_id = 305196;
[D 191106 00:46:35 DB:37] 305196
[D 191106 00:46:35 DB:41] (305196, 'import java.util.*;\n\npublic class Main{\n\tpublic stadddtic void main(String[] args) {\n    \tScanner input = new Scanner(System.in);\n      \tSystem.out.println(input.nextInt() + input.nextInt());\n    }\n}', 305196, 1000, '11712225', 0, 0, datetime.datetime(2019, 11, 5, 8, 46, 35), 0, 3, '172.18.1.122', None, 1, -1, 199, datetime.datetime(2019, 11, 5, 8, 46, 35), Decimal('0.00'), 0, 'LOCAL', 1000, 'A+B', '<p>\r\n\t<span style="font-size:14px;">Give you two integers </span><strong><span style="font-size:14px;">A</span></strong><span style="font-size:14px;"> and </span><strong><span style="font-size:14px;">B</span></strong><span style="font-size:14px;">. Please print the sum of the two integers.</span> \r\n</p>', '<p>\r\n\t<span style="font-size:14px;">Two integers: </span><b><span style="font-size:14px;">A B&nbsp;</span></b><span style="font-size:14px;">(0&lt;= A &lt;=10</span><sup><span style="font-size:14px;">6</span></sup><span style="font-size:14px;">, 0 &lt;= B &lt;= 10</span><sup><span style="font-size:14px;">6</span></sup><span style="font-size:14px;">)</span> \r\n</p>\r\n<span style="font-size:12px;"></span>', '<p>\r\n\t<span style="font-size:14px;">Sum of the two integers: </span><strong><span style="font-size:14px;">S</span></strong> \r\n</p>', '50 50', '100', '0', 'easy problem, getting started!', 'Test', datetime.datetime(2017, 9, 14, 21, 31, 28), 1, 64, 'N', 480, 1161, 0)
[I 191106 00:46:35 Judge_Service:43] _____________________START____________________________
[I 191106 00:46:35 Judge_Service:44] Searching solution_id: 305196
[I 191106 00:46:35 Judger:87] COMPILING CODE: /home/isc-/Desktop/CS309_OOAD_online_judge/judger/userCodes/Main.java
[I 191106 00:46:35 Judger:77] COMPILING COMMAND: /usr/bin/javac /home/isc-/Desktop/CS309_OOAD_online_judge/judger/userCodes/Main.java -d /home/isc-/Desktop/CS309_OOAD_online_judge/judger/userCodes/ -encoding UTF8
[D 191106 00:46:36 Judger:79] 
[I 191106 00:46:37 Judger:81] Compile error
[D 191106 00:46:38 Judge_Service:57] Searching end with the result '{'time': 0, 'memory': 0, 'result': 11, 'error': ''}'
[D 191106 00:46:38 DB:71] update solution set time = 0, memory = 0, result = 11 , judger = "10.20.97.68" where solution_id = 305196;
[I 191106 00:46:38 Judge_Service:59] ______________________END_____________________________
[D 191106 00:47:02 DB:27] select * from source_code sc join solution s on sc.solution_id = s.solution_id join problem p on s.problem_id = p.problem_id where s.solution_id = 305197;
[D 191106 00:47:02 DB:37] 305197
[D 191106 00:47:02 DB:41] (305197, 'import java.util.*;\n\npublic class Main{\n\tpublic stadddtic void main(String[] args) {\n    \tScanner input = new Scanner(System.in);\n      \tSystem.out.println(input.nextInt() + input.nextInt());\n    }\n}', 305197, 1000, '11712225', 0, 0, datetime.datetime(2019, 11, 5, 8, 47, 2), 0, 3, '172.18.1.122', None, 1, -1, 199, datetime.datetime(2019, 11, 5, 8, 47, 2), Decimal('0.00'), 0, 'LOCAL', 1000, 'A+B', '<p>\r\n\t<span style="font-size:14px;">Give you two integers </span><strong><span style="font-size:14px;">A</span></strong><span style="font-size:14px;"> and </span><strong><span style="font-size:14px;">B</span></strong><span style="font-size:14px;">. Please print the sum of the two integers.</span> \r\n</p>', '<p>\r\n\t<span style="font-size:14px;">Two integers: </span><b><span style="font-size:14px;">A B&nbsp;</span></b><span style="font-size:14px;">(0&lt;= A &lt;=10</span><sup><span style="font-size:14px;">6</span></sup><span style="font-size:14px;">, 0 &lt;= B &lt;= 10</span><sup><span style="font-size:14px;">6</span></sup><span style="font-size:14px;">)</span> \r\n</p>\r\n<span style="font-size:12px;"></span>', '<p>\r\n\t<span style="font-size:14px;">Sum of the two integers: </span><strong><span style="font-size:14px;">S</span></strong> \r\n</p>', '50 50', '100', '0', 'easy problem, getting started!', 'Test', datetime.datetime(2017, 9, 14, 21, 31, 28), 1, 64, 'N', 480, 1161, 0)
[I 191106 00:47:02 Judge_Service:43] _____________________START____________________________
[I 191106 00:47:02 Judge_Service:44] Searching solution_id: 305197
[I 191106 00:47:02 Judger:87] COMPILING CODE: /home/isc-/Desktop/CS309_OOAD_online_judge/judger/userCodes/Main.java
[I 191106 00:47:02 Judger:77] COMPILING COMMAND: /usr/bin/javac /home/isc-/Desktop/CS309_OOAD_online_judge/judger/userCodes/Main.java -d /home/isc-/Desktop/CS309_OOAD_online_judge/judger/userCodes/ -encoding UTF8
[D 191106 00:47:03 Judger:79] 
[I 191106 00:47:04 Judger:81] Compile error
[D 191106 00:47:05 Judge_Service:57] Searching end with the result '{'time': 0, 'memory': 0, 'result': 11, 'error': ''}'
[D 191106 00:47:05 DB:71] update solution set time = 0, memory = 0, result = 11 , judger = "10.20.97.68" where solution_id = 305197;
[I 191106 00:47:05 Judge_Service:59] ______________________END_____________________________
[D 191106 00:53:26 DB:27] select * from source_code sc join solution s on sc.solution_id = s.solution_id join problem p on s.problem_id = p.problem_id where s.solution_id = 305198;
[D 191106 00:53:26 DB:37] 305198
[D 191106 00:53:26 DB:41] (305198, 'import java.util.*;\n\npublic class Main{\n\tpublic stadddtic void main(String[] args) {\n    \tScanner input = new Scanner(System.in);\n      \tSystem.out.println(input.nextInt() + input.nextInt());\n    }\n}', 305198, 1000, '11712225', 0, 0, datetime.datetime(2019, 11, 5, 8, 53, 26), 0, 3, '172.18.1.122', None, 1, -1, 199, datetime.datetime(2019, 11, 5, 8, 53, 26), Decimal('0.00'), 0, 'LOCAL', 1000, 'A+B', '<p>\r\n\t<span style="font-size:14px;">Give you two integers </span><strong><span style="font-size:14px;">A</span></strong><span style="font-size:14px;"> and </span><strong><span style="font-size:14px;">B</span></strong><span style="font-size:14px;">. Please print the sum of the two integers.</span> \r\n</p>', '<p>\r\n\t<span style="font-size:14px;">Two integers: </span><b><span style="font-size:14px;">A B&nbsp;</span></b><span style="font-size:14px;">(0&lt;= A &lt;=10</span><sup><span style="font-size:14px;">6</span></sup><span style="font-size:14px;">, 0 &lt;= B &lt;= 10</span><sup><span style="font-size:14px;">6</span></sup><span style="font-size:14px;">)</span> \r\n</p>\r\n<span style="font-size:12px;"></span>', '<p>\r\n\t<span style="font-size:14px;">Sum of the two integers: </span><strong><span style="font-size:14px;">S</span></strong> \r\n</p>', '50 50', '100', '0', 'easy problem, getting started!', 'Test', datetime.datetime(2017, 9, 14, 21, 31, 28), 1, 64, 'N', 480, 1161, 0)
[I 191106 00:53:26 Judge_Service:43] _____________________START____________________________
[I 191106 00:53:26 Judge_Service:44] Searching solution_id: 305198
[I 191106 00:53:26 Judger:82] COMPILING CODE: /home/isc-/Desktop/CS309_OOAD_online_judge/judger/userCodes/Main.java
[I 191106 00:53:26 Judger:68] COMPILING COMMAND: /usr/bin/javac /home/isc-/Desktop/CS309_OOAD_online_judge/judger/userCodes/Main.java -d /home/isc-/Desktop/CS309_OOAD_online_judge/judger/userCodes/ -encoding UTF8 2> /home/isc-/Desktop/CS309_OOAD_online_judge/judger/userCodes//compile_result.log
[I 191106 00:53:27 Judger:71] Compile error
[D 191106 00:53:55 DB:27] select * from source_code sc join solution s on sc.solution_id = s.solution_id join problem p on s.problem_id = p.problem_id where s.solution_id = 305198;
[D 191106 00:53:55 DB:37] 305198
[D 191106 00:53:55 DB:41] (305198, 'import java.util.*;\n\npublic class Main{\n\tpublic stadddtic void main(String[] args) {\n    \tScanner input = new Scanner(System.in);\n      \tSystem.out.println(input.nextInt() + input.nextInt());\n    }\n}', 305198, 1000, '11712225', 0, 0, datetime.datetime(2019, 11, 5, 8, 53, 26), 0, 3, '172.18.1.122', None, 1, -1, 199, datetime.datetime(2019, 11, 5, 8, 53, 26), Decimal('0.00'), 0, 'LOCAL', 1000, 'A+B', '<p>\r\n\t<span style="font-size:14px;">Give you two integers </span><strong><span style="font-size:14px;">A</span></strong><span style="font-size:14px;"> and </span><strong><span style="font-size:14px;">B</span></strong><span style="font-size:14px;">. Please print the sum of the two integers.</span> \r\n</p>', '<p>\r\n\t<span style="font-size:14px;">Two integers: </span><b><span style="font-size:14px;">A B&nbsp;</span></b><span style="font-size:14px;">(0&lt;= A &lt;=10</span><sup><span style="font-size:14px;">6</span></sup><span style="font-size:14px;">, 0 &lt;= B &lt;= 10</span><sup><span style="font-size:14px;">6</span></sup><span style="font-size:14px;">)</span> \r\n</p>\r\n<span style="font-size:12px;"></span>', '<p>\r\n\t<span style="font-size:14px;">Sum of the two integers: </span><strong><span style="font-size:14px;">S</span></strong> \r\n</p>', '50 50', '100', '0', 'easy problem, getting started!', 'Test', datetime.datetime(2017, 9, 14, 21, 31, 28), 1, 64, 'N', 480, 1161, 0)
[I 191106 00:53:55 Judge_Service:43] _____________________START____________________________
[I 191106 00:53:55 Judge_Service:44] Searching solution_id: 305198
[I 191106 00:53:55 Judger:82] COMPILING CODE: /home/isc-/Desktop/CS309_OOAD_online_judge/judger/userCodes/Main.java
[I 191106 00:53:55 Judger:68] COMPILING COMMAND: /usr/bin/javac /home/isc-/Desktop/CS309_OOAD_online_judge/judger/userCodes/Main.java -d /home/isc-/Desktop/CS309_OOAD_online_judge/judger/userCodes/ -encoding UTF8 2> /home/isc-/Desktop/CS309_OOAD_online_judge/judger/userCodes//compile_result.log
[I 191106 00:53:56 Judger:71] Compile error
[D 191106 00:53:57 Judge_Service:57] Searching end with the result '{'time': 0, 'memory': 0, 'result': 11, 'error': '/home/isc-/Desktop/CS309_OOAD_online_judge/judger/userCodes/Main.java:4: : <>\n\tpublic stadddtic void main(String[] args) {\n\t                ^\n/home/isc-/Desktop/CS309_OOAD_online_judge/judger/userCodes/Main.java:4: : ; \n\tpublic stadddtic void main(String[] args) {\n\t                      ^\n2 \n'}'
[D 191106 00:53:57 DB:71] update solution set time = 0, memory = 0, result = 11 , judger = "10.20.97.68" where solution_id = 305198;
[D 191106 00:53:57 DB:86] insert into compileinfo (solution_id, error) values (305198, '/home/isc-/Desktop/CS309_OOAD_online_judge/judger/userCodes/Main.java:4: : <>
    	public stadddtic void main(String[] args) {
    	                ^
    /home/isc-/Desktop/CS309_OOAD_online_judge/judger/userCodes/Main.java:4: : ; 
    	public stadddtic void main(String[] args) {
    	                      ^
    2 
    ');
[I 191106 00:53:57 Judge_Service:59] ______________________END_____________________________
[D 191106 00:54:43 DB:27] select * from source_code sc join solution s on sc.solution_id = s.solution_id join problem p on s.problem_id = p.problem_id where s.solution_id = 305199;
[D 191106 00:54:43 DB:37] 305199
[D 191106 00:54:43 DB:41] (305199, 'import java.util.*;\n\npublic class Main{\n\tpublic statdddic void main(String[] args) {\n    \tScanner input = new Scanner(System.in);\n      \tSystem.out.println(input.nextInt() + input.nextInt());\n    }\n}', 305199, 1000, '11712225', 0, 0, datetime.datetime(2019, 11, 5, 8, 54, 43), 0, 3, '172.18.1.122', None, 1, -1, 199, datetime.datetime(2019, 11, 5, 8, 54, 43), Decimal('0.00'), 0, 'LOCAL', 1000, 'A+B', '<p>\r\n\t<span style="font-size:14px;">Give you two integers </span><strong><span style="font-size:14px;">A</span></strong><span style="font-size:14px;"> and </span><strong><span style="font-size:14px;">B</span></strong><span style="font-size:14px;">. Please print the sum of the two integers.</span> \r\n</p>', '<p>\r\n\t<span style="font-size:14px;">Two integers: </span><b><span style="font-size:14px;">A B&nbsp;</span></b><span style="font-size:14px;">(0&lt;= A &lt;=10</span><sup><span style="font-size:14px;">6</span></sup><span style="font-size:14px;">, 0 &lt;= B &lt;= 10</span><sup><span style="font-size:14px;">6</span></sup><span style="font-size:14px;">)</span> \r\n</p>\r\n<span style="font-size:12px;"></span>', '<p>\r\n\t<span style="font-size:14px;">Sum of the two integers: </span><strong><span style="font-size:14px;">S</span></strong> \r\n</p>', '50 50', '100', '0', 'easy problem, getting started!', 'Test', datetime.datetime(2017, 9, 14, 21, 31, 28), 1, 64, 'N', 480, 1161, 0)
[I 191106 00:54:43 Judge_Service:43] _____________________START____________________________
[I 191106 00:54:43 Judge_Service:44] Searching solution_id: 305199
[I 191106 00:54:43 Judger:82] COMPILING CODE: /home/isc-/Desktop/CS309_OOAD_online_judge/judger/userCodes/Main.java
[I 191106 00:54:43 Judger:68] COMPILING COMMAND: /usr/bin/javac /home/isc-/Desktop/CS309_OOAD_online_judge/judger/userCodes/Main.java -d /home/isc-/Desktop/CS309_OOAD_online_judge/judger/userCodes/ -encoding UTF8 2> /home/isc-/Desktop/CS309_OOAD_online_judge/judger/userCodes//compile_result.log
[I 191106 00:54:45 Judger:71] Compile error
[D 191106 00:54:45 Judge_Service:57] Searching end with the result '{'time': 0, 'memory': 0, 'result': 11, 'error': '/home/isc-/Desktop/CS309_OOAD_online_judge/judger/userCodes/Main.java:4: : <>\n\tpublic statdddic void main(String[] args) {\n\t                ^\n/home/isc-/Desktop/CS309_OOAD_online_judge/judger/userCodes/Main.java:4: : ; \n\tpublic statdddic void main(String[] args) {\n\t                      ^\n2 \n'}'
[D 191106 00:54:45 DB:71] update solution set time = 0, memory = 0, result = 11 , judger = "10.20.97.68" where solution_id = 305199;
[D 191106 00:54:45 DB:86] insert into compileinfo (solution_id, error) values (305199, '/home/isc-/Desktop/CS309_OOAD_online_judge/judger/userCodes/Main.java:4: : <>
    	public statdddic void main(String[] args) {
    	                ^
    /home/isc-/Desktop/CS309_OOAD_online_judge/judger/userCodes/Main.java:4: : ; 
    	public statdddic void main(String[] args) {
    	                      ^
    2 
    ');
[I 191106 00:54:45 Judge_Service:59] ______________________END_____________________________
[D 191106 00:57:48 DB:27] select * from source_code sc join solution s on sc.solution_id = s.solution_id join problem p on s.problem_id = p.problem_id where s.solution_id = 305200;
[D 191106 00:57:48 DB:37] 305200
[D 191106 00:57:48 DB:41] (305200, 'import java.util.*;\n\npublic class Main{\n\tpublic static void main(String[] args) {\n    \tScanner input = new Scanner(System.in);\n      \tSystem.out.println(input.nextInt() + input.nextInt());\n    }\n}', 305200, 1000, '11712225', 0, 0, datetime.datetime(2019, 11, 5, 8, 57, 46), 0, 3, '172.18.1.122', None, 1, -1, 196, datetime.datetime(2019, 11, 5, 8, 57, 46), Decimal('0.00'), 0, 'LOCAL', 1000, 'A+B', '<p>\r\n\t<span style="font-size:14px;">Give you two integers </span><strong><span style="font-size:14px;">A</span></strong><span style="font-size:14px;"> and </span><strong><span style="font-size:14px;">B</span></strong><span style="font-size:14px;">. Please print the sum of the two integers.</span> \r\n</p>', '<p>\r\n\t<span style="font-size:14px;">Two integers: </span><b><span style="font-size:14px;">A B&nbsp;</span></b><span style="font-size:14px;">(0&lt;= A &lt;=10</span><sup><span style="font-size:14px;">6</span></sup><span style="font-size:14px;">, 0 &lt;= B &lt;= 10</span><sup><span style="font-size:14px;">6</span></sup><span style="font-size:14px;">)</span> \r\n</p>\r\n<span style="font-size:12px;"></span>', '<p>\r\n\t<span style="font-size:14px;">Sum of the two integers: </span><strong><span style="font-size:14px;">S</span></strong> \r\n</p>', '50 50', '100', '0', 'easy problem, getting started!', 'Test', datetime.datetime(2017, 9, 14, 21, 31, 28), 1, 64, 'N', 480, 1161, 0)
[I 191106 00:57:48 Judge_Service:43] _____________________START____________________________
[I 191106 00:57:48 Judge_Service:44] Searching solution_id: 305200
[I 191106 00:57:48 Judger:76] COMPILING CODE: /home/isc-/Desktop/CS309_OOAD_online_judge/judger/userCodes/Main.java
[I 191106 00:57:48 Judger:62] COMPILING COMMAND: /usr/bin/javac /home/isc-/Desktop/CS309_OOAD_online_judge/judger/userCodes/Main.java -d /home/isc-/Desktop/CS309_OOAD_online_judge/judger/userCodes/ -encoding UTF8 2> /home/isc-/Desktop/CS309_OOAD_online_judge/judger/userCodes//compile_result.log
[E 191106 00:57:50 Judger:129] /home/isc-/Desktop/CS309_OOAD_online_judge/judger/data/1000/
[I 191106 00:57:50 Judger:140] RUNNING CODE: /home/isc-/Desktop/CS309_OOAD_online_judge/judger/userCodes/Main 2.in
[I 191106 00:57:50 Judger:114] RUNNING COMMAND: java /home/isc-/Desktop/CS309_OOAD_online_judge/judger/userCodes// Main < /home/isc-/Desktop/CS309_OOAD_online_judge/judger/data/1000/2.in > /home/isc-/Desktop/CS309_OOAD_online_judge/judger/userCodes/2.out
[D 191106 00:57:50 Judger:118] docker run --rm -u 1000:1000 --name 7810629813976021749 -v /home/isc-/Desktop/CS309_OOAD_online_judge/:/home/isc-/Desktop/CS309_OOAD_online_judge/  judge:v3 python3 /home/isc-/Desktop/CS309_OOAD_online_judge/judger/service/Runner.py 'java /home/isc-/Desktop/CS309_OOAD_online_judge/judger/userCodes// Main < /home/isc-/Desktop/CS309_OOAD_online_judge/judger/data/1000/2.in > /home/isc-/Desktop/CS309_OOAD_online_judge/judger/userCodes/2.out' 3 576 '/home/isc-/Desktop/CS309_OOAD_online_judge/judger/userCodes/docker_result.log'
[D 191106 00:57:53 Judger:155] {'re_signum': 6, 'result': 10, 'error': '#\n# A fatal error has been detected by the Java Runtime Environment:\n#\n#  Internal Error (g1PageBasedVirtualSpace.cpp:43), pid=6, tid=7\n#  guarantee(rs.is_reserved()) failed: Given reserved space must have been reserved already.\n#\n# JRE version:  (11.0.5+10) (build )\n# Java VM: OpenJDK 64-Bit Server VM (11.0.5+10-post-Ubuntu-2ubuntu116.04, mixed mode, aot, sharing, tiered, compressed oops, g1 gc, linux-amd64)\n# Core dump will be written. Default location: Core dumps may be processed with "/usr/lib/systemd/systemd-coredump %P %u %g %s %t %c %h %e" (or dumping to //core.6)\n#\n# An error report file with more information is saved as:\n# /tmp/hs_err_pid6.log\n#\n# If you would like to submit a bug report, please visit:\n#   https://bugs.launchpad.net/ubuntu/+source/openjdk-lts\n#\n', 'memoryused': 163348, 'timeused': 574}
[I 191106 00:57:53 Judger:140] RUNNING CODE: /home/isc-/Desktop/CS309_OOAD_online_judge/judger/userCodes/Main 1.in
[I 191106 00:57:53 Judger:114] RUNNING COMMAND: java /home/isc-/Desktop/CS309_OOAD_online_judge/judger/userCodes// Main < /home/isc-/Desktop/CS309_OOAD_online_judge/judger/data/1000/1.in > /home/isc-/Desktop/CS309_OOAD_online_judge/judger/userCodes/1.out
[D 191106 00:57:53 Judger:118] docker run --rm -u 1000:1000 --name 2743951391311332388 -v /home/isc-/Desktop/CS309_OOAD_online_judge/:/home/isc-/Desktop/CS309_OOAD_online_judge/  judge:v3 python3 /home/isc-/Desktop/CS309_OOAD_online_judge/judger/service/Runner.py 'java /home/isc-/Desktop/CS309_OOAD_online_judge/judger/userCodes// Main < /home/isc-/Desktop/CS309_OOAD_online_judge/judger/data/1000/1.in > /home/isc-/Desktop/CS309_OOAD_online_judge/judger/userCodes/1.out' 3 576 '/home/isc-/Desktop/CS309_OOAD_online_judge/judger/userCodes/docker_result.log'
[D 191106 00:57:57 Judger:155] {'result': 10, 'timeused': 585, 'error': '#\n# A fatal error has been detected by the Java Runtime Environment:\n#\n#  Internal Error (g1PageBasedVirtualSpace.cpp:43), pid=6, tid=7\n#  guarantee(rs.is_reserved()) failed: Given reserved space must have been reserved already.\n#\n# JRE version:  (11.0.5+10) (build )\n# Java VM: OpenJDK 64-Bit Server VM (11.0.5+10-post-Ubuntu-2ubuntu116.04, mixed mode, aot, sharing, tiered, compressed oops, g1 gc, linux-amd64)\n# Core dump will be written. Default location: Core dumps may be processed with "/usr/lib/systemd/systemd-coredump %P %u %g %s %t %c %h %e" (or dumping to //core.6)\n#\n# An error report file with more information is saved as:\n# /tmp/hs_err_pid6.log\n#\n# If you would like to submit a bug report, please visit:\n#   https://bugs.launchpad.net/ubuntu/+source/openjdk-lts\n#\n', 'memoryused': 163348, 're_signum': 6}
[D 191106 00:57:57 Judger:185] {'time': 1159, 'result': 10, 'memory': 326696, 'error': '#\n# A fatal error has been detected by the Java Runtime Environment:\n#\n#  Internal Error (g1PageBasedVirtualSpace.cpp:43), pid=6, tid=7\n#  guarantee(rs.is_reserved()) failed: Given reserved space must have been reserved already.\n#\n# JRE version:  (11.0.5+10) (build )\n# Java VM: OpenJDK 64-Bit Server VM (11.0.5+10-post-Ubuntu-2ubuntu116.04, mixed mode, aot, sharing, tiered, compressed oops, g1 gc, linux-amd64)\n# Core dump will be written. Default location: Core dumps may be processed with "/usr/lib/systemd/systemd-coredump %P %u %g %s %t %c %h %e" (or dumping to //core.6)\n#\n# An error report file with more information is saved as:\n# /tmp/hs_err_pid6.log\n#\n# If you would like to submit a bug report, please visit:\n#   https://bugs.launchpad.net/ubuntu/+source/openjdk-lts\n#\n'}
[D 191106 00:57:57 Judge_Service:50] Searching end with the result '{'time': 1159, 'memory': 326696, 'result': 10, 'error': '#\n# A fatal error has been detected by the Java Runtime Environment:\n#\n#  Internal Error (g1PageBasedVirtualSpace.cpp:43), pid=6, tid=7\n#  guarantee(rs.is_reserved()) failed: Given reserved space must have been reserved already.\n#\n# JRE version:  (11.0.5+10) (build )\n# Java VM: OpenJDK 64-Bit Server VM (11.0.5+10-post-Ubuntu-2ubuntu116.04, mixed mode, aot, sharing, tiered, compressed oops, g1 gc, linux-amd64)\n# Core dump will be written. Default location: Core dumps may be processed with "/usr/lib/systemd/systemd-coredump %P %u %g %s %t %c %h %e" (or dumping to //core.6)\n#\n# An error report file with more information is saved as:\n# /tmp/hs_err_pid6.log\n#\n# If you would like to submit a bug report, please visit:\n#   https://bugs.launchpad.net/ubuntu/+source/openjdk-lts\n#\n'}'
[D 191106 00:57:57 DB:71] update solution set time = 1159, memory = 326696, result = 10 , judger = "10.20.97.68" where solution_id = 305200;
[D 191106 00:57:57 DB:83] insert into runtimeinfo (solution_id, error) values (305200, '#
    # A fatal error has been detected by the Java Runtime Environment:
    #
    #  Internal Error (g1PageBasedVirtualSpace.cpp:43), pid=6, tid=7
    #  guarantee(rs.is_reserved()) failed: Given reserved space must have been reserved already.
    #
    # JRE version:  (11.0.5+10) (build )
    # Java VM: OpenJDK 64-Bit Server VM (11.0.5+10-post-Ubuntu-2ubuntu116.04, mixed mode, aot, sharing, tiered, compressed oops, g1 gc, linux-amd64)
    # Core dump will be written. Default location: Core dumps may be processed with "/usr/lib/systemd/systemd-coredump %P %u %g %s %t %c %h %e" (or dumping to //core.6)
    #
    # An error report file with more information is saved as:
    # /tmp/hs_err_pid6.log
    #
    # If you would like to submit a bug report, please visit:
    #   https://bugs.launchpad.net/ubuntu/+source/openjdk-lts
    #
    ');
[I 191106 00:57:57 Judge_Service:52] ______________________END_____________________________
