[I 191101 14:14:10 Judge_Service:42] _____________________START____________________________
[I 191101 14:14:10 Judge_Service:43] Searching solution_id: 1012
[I 191101 14:14:10 Judger:71] COMPILING CODE: /home/isc-/Desktop/CS309_OOAD_online_judge/judger/userCodes/Main.cpp
[I 191101 14:14:10 Judger:45] COMPILE COMMAND: g++ /home/isc-/Desktop/CS309_OOAD_online_judge/judger/userCodes/Main.cpp -o /home/isc-/Desktop/CS309_OOAD_online_judge/judger/userCodes/Main
[D 191101 14:14:10 Judge_Service:56] Searching end with the result '{'time': 0, 'memory': 0, 'result': 11, 'error': '/home/isc-/Desktop/CS309_OOAD_online_judge/judger/userCodes/Main.cpp: 在函数‘int main()’中:\n/home/isc-/Desktop/CS309_OOAD_online_judge/judger/userCodes/Main.cpp:11:14: 错误：expected ‘;’ before ‘cout’\n   11 |     sleep(60)\n      |              ^\n      |              ;\n   12 |     cout << setiosflags(ios::fixed);\n      |     ~~~~      \n'}'
[E 191101 14:14:10 DB:69] Fail to execute command 'insert into errorinfo (solution_id, error) values (1012, '/home/isc-/Desktop/CS309_OOAD_online_judge/judger/userCodes/Main.cpp: 在函数‘int main()’中:
    /home/isc-/Desktop/CS309_OOAD_online_judge/judger/userCodes/Main.cpp:11:14: 错误：expected ‘;’ before ‘cout’
       11 |     sleep(60)
          |              ^
          |              ;
       12 |     cout << setiosflags(ios::fixed);
          |     ~~~~      
    ');' to database
[I 191101 14:14:10 Judge_Service:58] ______________________END_____________________________
[I 191101 14:14:42 Judge_Service:42] _____________________START____________________________
[I 191101 14:14:42 Judge_Service:43] Searching solution_id: 1012
[I 191101 14:14:42 Judger:71] COMPILING CODE: /home/isc-/Desktop/CS309_OOAD_online_judge/judger/userCodes/Main.cpp
[I 191101 14:14:42 Judger:45] COMPILE COMMAND: g++ /home/isc-/Desktop/CS309_OOAD_online_judge/judger/userCodes/Main.cpp -o /home/isc-/Desktop/CS309_OOAD_online_judge/judger/userCodes/Main
[E 191101 14:14:42 Judger:120] /home/isc-/Desktop/CS309_OOAD_online_judge/judger/data/1000/
[I 191101 14:14:42 Judger:131] RUNNING CODE: /home/isc-/Desktop/CS309_OOAD_online_judge/judger/userCodes/Main 2.in
[I 191101 14:14:42 Judger:105] RUNNING COMMAND: /home/isc-/Desktop/CS309_OOAD_online_judge/judger/userCodes/Main < /home/isc-/Desktop/CS309_OOAD_online_judge/judger/data/1000/2.in > /home/isc-/Desktop/CS309_OOAD_online_judge/judger/userCodes/2.out
[D 191101 14:14:42 Judger:108] docker run --rm -u 1000:1000 --name 622870356732980760 -v /home/isc-/Desktop/CS309_OOAD_online_judge/judger/service/Running_Code.py:/home/isc-/Desktop/CS309_OOAD_online_judge/judger/service/Running_Code.py -v /home/isc-/Desktop/CS309_OOAD_online_judge/judger/userCodes/:/home/isc-/Desktop/CS309_OOAD_online_judge/judger/userCodes/ -v /home/isc-/Desktop/CS309_OOAD_online_judge/judger/data/1000/2.in:/home/isc-/Desktop/CS309_OOAD_online_judge/judger/data/1000/2.in judge:v2 python3 /home/isc-/Desktop/CS309_OOAD_online_judge/judger/service/Running_Code.py '/home/isc-/Desktop/CS309_OOAD_online_judge/judger/userCodes/Main < /home/isc-/Desktop/CS309_OOAD_online_judge/judger/data/1000/2.in > /home/isc-/Desktop/CS309_OOAD_online_judge/judger/userCodes/2.out' 1 64 '/home/isc-/Desktop/CS309_OOAD_online_judge/judger/userCodes/' 2> /home/isc-/Desktop/CS309_OOAD_online_judge/judger/userCodes/runtime_result.log
[D 191101 14:14:42 Judger:138] NOT EXISTS DOCKER_RESULT_LOG
[D 191101 14:14:44 Judger:145] {'MLE': True, 'memory': 1179648, 'time': 0.0017900466918945312, 'TLE': False, 'error': ''}
[D 191101 14:14:44 Judger:173] {'time': 0.0017900466918945312, 'error': '', 'TLE': False, 'MLE': True, 'memory': 1179648}
[D 191101 14:14:44 Judge_Service:56] Searching end with the result '{'time': 0.0017900466918945312, 'memory': 1179648, 'result': 8, 'error': ''}'
[I 191101 14:14:44 Judge_Service:58] ______________________END_____________________________
[I 191101 14:15:10 Judge_Service:42] _____________________START____________________________
[I 191101 14:15:10 Judge_Service:43] Searching solution_id: 1012
[I 191101 14:15:10 Judger:71] COMPILING CODE: /home/isc-/Desktop/CS309_OOAD_online_judge/judger/userCodes/Main.cpp
[I 191101 14:15:10 Judger:45] COMPILE COMMAND: g++ /home/isc-/Desktop/CS309_OOAD_online_judge/judger/userCodes/Main.cpp -o /home/isc-/Desktop/CS309_OOAD_online_judge/judger/userCodes/Main
[E 191101 14:15:11 Judger:120] /home/isc-/Desktop/CS309_OOAD_online_judge/judger/data/1000/
[I 191101 14:15:11 Judger:131] RUNNING CODE: /home/isc-/Desktop/CS309_OOAD_online_judge/judger/userCodes/Main 2.in
[I 191101 14:15:11 Judger:105] RUNNING COMMAND: /home/isc-/Desktop/CS309_OOAD_online_judge/judger/userCodes/Main < /home/isc-/Desktop/CS309_OOAD_online_judge/judger/data/1000/2.in > /home/isc-/Desktop/CS309_OOAD_online_judge/judger/userCodes/2.out
[D 191101 14:15:11 Judger:108] docker run --rm -u 1000:1000 --name 7863887696066278286 -v /home/isc-/Desktop/CS309_OOAD_online_judge/judger/service/Running_Code.py:/home/isc-/Desktop/CS309_OOAD_online_judge/judger/service/Running_Code.py -v /home/isc-/Desktop/CS309_OOAD_online_judge/judger/userCodes/:/home/isc-/Desktop/CS309_OOAD_online_judge/judger/userCodes/ -v /home/isc-/Desktop/CS309_OOAD_online_judge/judger/data/1000/2.in:/home/isc-/Desktop/CS309_OOAD_online_judge/judger/data/1000/2.in judge:v2 python3 /home/isc-/Desktop/CS309_OOAD_online_judge/judger/service/Running_Code.py '/home/isc-/Desktop/CS309_OOAD_online_judge/judger/userCodes/Main < /home/isc-/Desktop/CS309_OOAD_online_judge/judger/data/1000/2.in > /home/isc-/Desktop/CS309_OOAD_online_judge/judger/userCodes/2.out' 1 64 '/home/isc-/Desktop/CS309_OOAD_online_judge/judger/userCodes/' 2> /home/isc-/Desktop/CS309_OOAD_online_judge/judger/userCodes/runtime_result.log
[D 191101 14:15:11 Judger:138] NOT EXISTS DOCKER_RESULT_LOG
[D 191101 14:15:12 Judger:145] {'MLE': True, 'memory': 1019904, 'error': '', 'TLE': False, 'time': 0.000659942626953125}
[D 191101 14:15:12 Judger:173] {'time': 0.000659942626953125, 'error': '', 'TLE': False, 'MLE': True, 'memory': 1019904}
[D 191101 14:15:12 Judge_Service:56] Searching end with the result '{'time': 0.000659942626953125, 'memory': 1019904, 'result': 8, 'error': ''}'
[I 191101 14:15:12 Judge_Service:58] ______________________END_____________________________
[I 191101 14:20:51 Judge_Service:42] _____________________START____________________________
[I 191101 14:20:51 Judge_Service:43] Searching solution_id: 1012
[I 191101 14:20:51 Judger:71] COMPILING CODE: /home/isc-/Desktop/CS309_OOAD_online_judge/judger/userCodes/Main.cpp
[I 191101 14:20:51 Judger:45] COMPILE COMMAND: g++ /home/isc-/Desktop/CS309_OOAD_online_judge/judger/userCodes/Main.cpp -o /home/isc-/Desktop/CS309_OOAD_online_judge/judger/userCodes/Main
[E 191101 14:20:52 Judger:120] /home/isc-/Desktop/CS309_OOAD_online_judge/judger/data/1000/
[I 191101 14:20:52 Judger:131] RUNNING CODE: /home/isc-/Desktop/CS309_OOAD_online_judge/judger/userCodes/Main 2.in
[I 191101 14:20:52 Judger:105] RUNNING COMMAND: /home/isc-/Desktop/CS309_OOAD_online_judge/judger/userCodes/Main < /home/isc-/Desktop/CS309_OOAD_online_judge/judger/data/1000/2.in > /home/isc-/Desktop/CS309_OOAD_online_judge/judger/userCodes/2.out
[D 191101 14:20:52 Judger:108] docker run --rm -u 1000:1000 --name 2426167437705975197 -v /home/isc-/Desktop/CS309_OOAD_online_judge/judger/service/Running_Code.py:/home/isc-/Desktop/CS309_OOAD_online_judge/judger/service/Running_Code.py -v /home/isc-/Desktop/CS309_OOAD_online_judge/judger/userCodes/:/home/isc-/Desktop/CS309_OOAD_online_judge/judger/userCodes/ -v /home/isc-/Desktop/CS309_OOAD_online_judge/judger/data/1000/2.in:/home/isc-/Desktop/CS309_OOAD_online_judge/judger/data/1000/2.in judge:v2 python3 /home/isc-/Desktop/CS309_OOAD_online_judge/judger/service/Running_Code.py '/home/isc-/Desktop/CS309_OOAD_online_judge/judger/userCodes/Main < /home/isc-/Desktop/CS309_OOAD_online_judge/judger/data/1000/2.in > /home/isc-/Desktop/CS309_OOAD_online_judge/judger/userCodes/2.out' 1 64 '/home/isc-/Desktop/CS309_OOAD_online_judge/judger/userCodes/' 2> /home/isc-/Desktop/CS309_OOAD_online_judge/judger/userCodes/runtime_result.log
[D 191101 14:20:52 Judger:138] NOT EXISTS DOCKER_RESULT_LOG
[D 191101 14:20:53 Judger:145] {'memory': 1212416, 'MLE': True, 'error': '', 'time': 0.0010499954223632812, 'TLE': False}
[D 191101 14:20:53 Judger:173] {'time': 0.0010499954223632812, 'error': '', 'TLE': False, 'MLE': True, 'memory': 1212416}
[D 191101 14:20:53 Judge_Service:56] Searching end with the result '{'time': 0.0010499954223632812, 'memory': 1212416, 'result': 8, 'error': ''}'
[I 191101 14:20:53 Judge_Service:58] ______________________END_____________________________
[D 191101 14:23:10 DB:26] None
[D 191101 14:24:44 DB:24] 1009
[D 191101 14:25:03 DB:24] 1012
[I 191101 14:25:03 Judge_Service:42] _____________________START____________________________
[I 191101 14:25:03 Judge_Service:43] Searching solution_id: 1012
[I 191101 14:25:03 Judger:71] COMPILING CODE: /home/isc-/Desktop/CS309_OOAD_online_judge/judger/userCodes/Main.cpp
[I 191101 14:25:03 Judger:45] COMPILE COMMAND: g++ /home/isc-/Desktop/CS309_OOAD_online_judge/judger/userCodes/Main.cpp -o /home/isc-/Desktop/CS309_OOAD_online_judge/judger/userCodes/Main
[E 191101 14:25:03 Judger:120] /home/isc-/Desktop/CS309_OOAD_online_judge/judger/data/1000/
[I 191101 14:25:03 Judger:131] RUNNING CODE: /home/isc-/Desktop/CS309_OOAD_online_judge/judger/userCodes/Main 2.in
[I 191101 14:25:03 Judger:105] RUNNING COMMAND: /home/isc-/Desktop/CS309_OOAD_online_judge/judger/userCodes/Main < /home/isc-/Desktop/CS309_OOAD_online_judge/judger/data/1000/2.in > /home/isc-/Desktop/CS309_OOAD_online_judge/judger/userCodes/2.out
[D 191101 14:25:03 Judger:108] docker run --rm -u 1000:1000 --name 3826410250095050430 -v /home/isc-/Desktop/CS309_OOAD_online_judge/judger/service/Running_Code.py:/home/isc-/Desktop/CS309_OOAD_online_judge/judger/service/Running_Code.py -v /home/isc-/Desktop/CS309_OOAD_online_judge/judger/userCodes/:/home/isc-/Desktop/CS309_OOAD_online_judge/judger/userCodes/ -v /home/isc-/Desktop/CS309_OOAD_online_judge/judger/data/1000/2.in:/home/isc-/Desktop/CS309_OOAD_online_judge/judger/data/1000/2.in judge:v2 python3 /home/isc-/Desktop/CS309_OOAD_online_judge/judger/service/Running_Code.py '/home/isc-/Desktop/CS309_OOAD_online_judge/judger/userCodes/Main < /home/isc-/Desktop/CS309_OOAD_online_judge/judger/data/1000/2.in > /home/isc-/Desktop/CS309_OOAD_online_judge/judger/userCodes/2.out' 1 64 '/home/isc-/Desktop/CS309_OOAD_online_judge/judger/userCodes/' 2> /home/isc-/Desktop/CS309_OOAD_online_judge/judger/userCodes/runtime_result.log
[D 191101 14:25:03 Judger:138] NOT EXISTS DOCKER_RESULT_LOG
[D 191101 14:25:04 Judger:145] {'error': '', 'time': 0.0006861686706542969, 'MLE': True, 'TLE': False, 'memory': 729088}
[D 191101 14:25:04 Judger:173] {'time': 0.0006861686706542969, 'error': '', 'TLE': False, 'MLE': True, 'memory': 729088}
[D 191101 14:25:04 Judge_Service:56] Searching end with the result '{'time': 0.0006861686706542969, 'memory': 729088, 'result': 8, 'error': ''}'
[I 191101 14:25:04 Judge_Service:58] ______________________END_____________________________
[D 191101 14:25:38 DB:24] 1012
[I 191101 14:25:38 Judge_Service:42] _____________________START____________________________
[I 191101 14:25:38 Judge_Service:43] Searching solution_id: 1012
[I 191101 14:25:38 Judger:71] COMPILING CODE: /home/isc-/Desktop/CS309_OOAD_online_judge/judger/userCodes/Main.cpp
[I 191101 14:25:38 Judger:45] COMPILE COMMAND: g++ /home/isc-/Desktop/CS309_OOAD_online_judge/judger/userCodes/Main.cpp -o /home/isc-/Desktop/CS309_OOAD_online_judge/judger/userCodes/Main
[E 191101 14:25:38 Judger:120] /home/isc-/Desktop/CS309_OOAD_online_judge/judger/data/1000/
[I 191101 14:25:38 Judger:131] RUNNING CODE: /home/isc-/Desktop/CS309_OOAD_online_judge/judger/userCodes/Main 2.in
[I 191101 14:25:38 Judger:105] RUNNING COMMAND: /home/isc-/Desktop/CS309_OOAD_online_judge/judger/userCodes/Main < /home/isc-/Desktop/CS309_OOAD_online_judge/judger/data/1000/2.in > /home/isc-/Desktop/CS309_OOAD_online_judge/judger/userCodes/2.out
[D 191101 14:25:38 Judger:108] docker run --rm -u 1000:1000 --name 5682666542400676323 -v /home/isc-/Desktop/CS309_OOAD_online_judge/judger/service/Running_Code.py:/home/isc-/Desktop/CS309_OOAD_online_judge/judger/service/Running_Code.py -v /home/isc-/Desktop/CS309_OOAD_online_judge/judger/userCodes/:/home/isc-/Desktop/CS309_OOAD_online_judge/judger/userCodes/ -v /home/isc-/Desktop/CS309_OOAD_online_judge/judger/data/1000/2.in:/home/isc-/Desktop/CS309_OOAD_online_judge/judger/data/1000/2.in judge:v2 python3 /home/isc-/Desktop/CS309_OOAD_online_judge/judger/service/Running_Code.py '/home/isc-/Desktop/CS309_OOAD_online_judge/judger/userCodes/Main < /home/isc-/Desktop/CS309_OOAD_online_judge/judger/data/1000/2.in > /home/isc-/Desktop/CS309_OOAD_online_judge/judger/userCodes/2.out' 1 64 '/home/isc-/Desktop/CS309_OOAD_online_judge/judger/userCodes/' 2> /home/isc-/Desktop/CS309_OOAD_online_judge/judger/userCodes/runtime_result.log
[D 191101 14:25:38 Judger:138] NOT EXISTS DOCKER_RESULT_LOG
[D 191101 14:25:39 Judger:145] {'error': '', 'time': 0.0008432865142822266, 'memory': 1032192, 'MLE': True, 'TLE': False}
[D 191101 14:25:39 Judger:173] {'time': 0.0008432865142822266, 'error': '', 'TLE': False, 'MLE': True, 'memory': 1032192}
[D 191101 14:25:39 Judge_Service:56] Searching end with the result '{'time': 0.0008432865142822266, 'memory': 1032192, 'result': 8, 'error': ''}'
[I 191101 14:25:39 Judge_Service:58] ______________________END_____________________________
[D 191101 14:25:43 DB:24] 1012
[I 191101 14:25:43 Judge_Service:42] _____________________START____________________________
[I 191101 14:25:43 Judge_Service:43] Searching solution_id: 1012
[I 191101 14:25:43 Judger:71] COMPILING CODE: /home/isc-/Desktop/CS309_OOAD_online_judge/judger/userCodes/Main.cpp
[I 191101 14:25:43 Judger:45] COMPILE COMMAND: g++ /home/isc-/Desktop/CS309_OOAD_online_judge/judger/userCodes/Main.cpp -o /home/isc-/Desktop/CS309_OOAD_online_judge/judger/userCodes/Main
[E 191101 14:25:43 Judger:120] /home/isc-/Desktop/CS309_OOAD_online_judge/judger/data/1000/
[I 191101 14:25:43 Judger:131] RUNNING CODE: /home/isc-/Desktop/CS309_OOAD_online_judge/judger/userCodes/Main 2.in
[I 191101 14:25:43 Judger:105] RUNNING COMMAND: /home/isc-/Desktop/CS309_OOAD_online_judge/judger/userCodes/Main < /home/isc-/Desktop/CS309_OOAD_online_judge/judger/data/1000/2.in > /home/isc-/Desktop/CS309_OOAD_online_judge/judger/userCodes/2.out
[D 191101 14:25:43 Judger:108] docker run --rm -u 1000:1000 --name 6036167654721143669 -v /home/isc-/Desktop/CS309_OOAD_online_judge/judger/service/Running_Code.py:/home/isc-/Desktop/CS309_OOAD_online_judge/judger/service/Running_Code.py -v /home/isc-/Desktop/CS309_OOAD_online_judge/judger/userCodes/:/home/isc-/Desktop/CS309_OOAD_online_judge/judger/userCodes/ -v /home/isc-/Desktop/CS309_OOAD_online_judge/judger/data/1000/2.in:/home/isc-/Desktop/CS309_OOAD_online_judge/judger/data/1000/2.in judge:v2 python3 /home/isc-/Desktop/CS309_OOAD_online_judge/judger/service/Running_Code.py '/home/isc-/Desktop/CS309_OOAD_online_judge/judger/userCodes/Main < /home/isc-/Desktop/CS309_OOAD_online_judge/judger/data/1000/2.in > /home/isc-/Desktop/CS309_OOAD_online_judge/judger/userCodes/2.out' 1 64 '/home/isc-/Desktop/CS309_OOAD_online_judge/judger/userCodes/' 2> /home/isc-/Desktop/CS309_OOAD_online_judge/judger/userCodes/runtime_result.log
[D 191101 14:25:43 Judger:138] NOT EXISTS DOCKER_RESULT_LOG
[D 191101 14:25:44 Judger:145] {'error': '', 'memory': 1216512, 'time': 0.0006480216979980469, 'MLE': True, 'TLE': False}
[D 191101 14:25:44 Judger:173] {'time': 0.0006480216979980469, 'error': '', 'TLE': False, 'MLE': True, 'memory': 1216512}
[D 191101 14:25:44 Judge_Service:56] Searching end with the result '{'time': 0.0006480216979980469, 'memory': 1216512, 'result': 8, 'error': ''}'
[I 191101 14:25:44 Judge_Service:58] ______________________END_____________________________
[D 191101 14:25:46 DB:24] 1012
[I 191101 14:25:46 Judge_Service:42] _____________________START____________________________
[I 191101 14:25:46 Judge_Service:43] Searching solution_id: 1012
[I 191101 14:25:46 Judger:71] COMPILING CODE: /home/isc-/Desktop/CS309_OOAD_online_judge/judger/userCodes/Main.cpp
[I 191101 14:25:46 Judger:45] COMPILE COMMAND: g++ /home/isc-/Desktop/CS309_OOAD_online_judge/judger/userCodes/Main.cpp -o /home/isc-/Desktop/CS309_OOAD_online_judge/judger/userCodes/Main
[E 191101 14:25:46 Judger:120] /home/isc-/Desktop/CS309_OOAD_online_judge/judger/data/1000/
[I 191101 14:25:46 Judger:131] RUNNING CODE: /home/isc-/Desktop/CS309_OOAD_online_judge/judger/userCodes/Main 2.in
[I 191101 14:25:46 Judger:105] RUNNING COMMAND: /home/isc-/Desktop/CS309_OOAD_online_judge/judger/userCodes/Main < /home/isc-/Desktop/CS309_OOAD_online_judge/judger/data/1000/2.in > /home/isc-/Desktop/CS309_OOAD_online_judge/judger/userCodes/2.out
[D 191101 14:25:46 Judger:108] docker run --rm -u 1000:1000 --name 8365183668086714679 -v /home/isc-/Desktop/CS309_OOAD_online_judge/judger/service/Running_Code.py:/home/isc-/Desktop/CS309_OOAD_online_judge/judger/service/Running_Code.py -v /home/isc-/Desktop/CS309_OOAD_online_judge/judger/userCodes/:/home/isc-/Desktop/CS309_OOAD_online_judge/judger/userCodes/ -v /home/isc-/Desktop/CS309_OOAD_online_judge/judger/data/1000/2.in:/home/isc-/Desktop/CS309_OOAD_online_judge/judger/data/1000/2.in judge:v2 python3 /home/isc-/Desktop/CS309_OOAD_online_judge/judger/service/Running_Code.py '/home/isc-/Desktop/CS309_OOAD_online_judge/judger/userCodes/Main < /home/isc-/Desktop/CS309_OOAD_online_judge/judger/data/1000/2.in > /home/isc-/Desktop/CS309_OOAD_online_judge/judger/userCodes/2.out' 1 64 '/home/isc-/Desktop/CS309_OOAD_online_judge/judger/userCodes/' 2> /home/isc-/Desktop/CS309_OOAD_online_judge/judger/userCodes/runtime_result.log
[D 191101 14:25:46 Judger:138] NOT EXISTS DOCKER_RESULT_LOG
[D 191101 14:25:47 Judger:145] {'memory': 1011712, 'MLE': True, 'error': '', 'TLE': False, 'time': 0.0008814334869384766}
[D 191101 14:25:47 Judger:173] {'time': 0.0008814334869384766, 'error': '', 'TLE': False, 'MLE': True, 'memory': 1011712}
[D 191101 14:25:47 Judge_Service:56] Searching end with the result '{'time': 0.0008814334869384766, 'memory': 1011712, 'result': 8, 'error': ''}'
[I 191101 14:25:47 Judge_Service:58] ______________________END_____________________________
[D 191101 14:25:49 DB:24] 1012
[I 191101 14:25:49 Judge_Service:42] _____________________START____________________________
[I 191101 14:25:49 Judge_Service:43] Searching solution_id: 1012
[I 191101 14:25:49 Judger:71] COMPILING CODE: /home/isc-/Desktop/CS309_OOAD_online_judge/judger/userCodes/Main.cpp
[I 191101 14:25:49 Judger:45] COMPILE COMMAND: g++ /home/isc-/Desktop/CS309_OOAD_online_judge/judger/userCodes/Main.cpp -o /home/isc-/Desktop/CS309_OOAD_online_judge/judger/userCodes/Main
[E 191101 14:25:49 Judger:120] /home/isc-/Desktop/CS309_OOAD_online_judge/judger/data/1000/
[I 191101 14:25:49 Judger:131] RUNNING CODE: /home/isc-/Desktop/CS309_OOAD_online_judge/judger/userCodes/Main 2.in
[I 191101 14:25:49 Judger:105] RUNNING COMMAND: /home/isc-/Desktop/CS309_OOAD_online_judge/judger/userCodes/Main < /home/isc-/Desktop/CS309_OOAD_online_judge/judger/data/1000/2.in > /home/isc-/Desktop/CS309_OOAD_online_judge/judger/userCodes/2.out
[D 191101 14:25:49 Judger:108] docker run --rm -u 1000:1000 --name 4692733474704507861 -v /home/isc-/Desktop/CS309_OOAD_online_judge/judger/service/Running_Code.py:/home/isc-/Desktop/CS309_OOAD_online_judge/judger/service/Running_Code.py -v /home/isc-/Desktop/CS309_OOAD_online_judge/judger/userCodes/:/home/isc-/Desktop/CS309_OOAD_online_judge/judger/userCodes/ -v /home/isc-/Desktop/CS309_OOAD_online_judge/judger/data/1000/2.in:/home/isc-/Desktop/CS309_OOAD_online_judge/judger/data/1000/2.in judge:v2 python3 /home/isc-/Desktop/CS309_OOAD_online_judge/judger/service/Running_Code.py '/home/isc-/Desktop/CS309_OOAD_online_judge/judger/userCodes/Main < /home/isc-/Desktop/CS309_OOAD_online_judge/judger/data/1000/2.in > /home/isc-/Desktop/CS309_OOAD_online_judge/judger/userCodes/2.out' 1 64 '/home/isc-/Desktop/CS309_OOAD_online_judge/judger/userCodes/' 2> /home/isc-/Desktop/CS309_OOAD_online_judge/judger/userCodes/runtime_result.log
[D 191101 14:25:49 Judger:138] NOT EXISTS DOCKER_RESULT_LOG
[D 191101 14:25:50 Judger:145] {'memory': 1220608, 'time': 0.0007257461547851562, 'TLE': False, 'error': '', 'MLE': True}
[D 191101 14:25:50 Judger:173] {'time': 0.0007257461547851562, 'error': '', 'TLE': False, 'MLE': True, 'memory': 1220608}
[D 191101 14:25:50 Judge_Service:56] Searching end with the result '{'time': 0.0007257461547851562, 'memory': 1220608, 'result': 8, 'error': ''}'
[I 191101 14:25:50 Judge_Service:58] ______________________END_____________________________
[D 191101 14:26:00 DB:24] 1012
[I 191101 14:26:00 Judge_Service:42] _____________________START____________________________
[I 191101 14:26:00 Judge_Service:43] Searching solution_id: 1012
[I 191101 14:26:00 Judger:71] COMPILING CODE: /home/isc-/Desktop/CS309_OOAD_online_judge/judger/userCodes/Main.cpp
[I 191101 14:26:00 Judger:45] COMPILE COMMAND: g++ /home/isc-/Desktop/CS309_OOAD_online_judge/judger/userCodes/Main.cpp -o /home/isc-/Desktop/CS309_OOAD_online_judge/judger/userCodes/Main
[E 191101 14:26:00 Judger:120] /home/isc-/Desktop/CS309_OOAD_online_judge/judger/data/1000/
[I 191101 14:26:00 Judger:131] RUNNING CODE: /home/isc-/Desktop/CS309_OOAD_online_judge/judger/userCodes/Main 2.in
[I 191101 14:26:00 Judger:105] RUNNING COMMAND: /home/isc-/Desktop/CS309_OOAD_online_judge/judger/userCodes/Main < /home/isc-/Desktop/CS309_OOAD_online_judge/judger/data/1000/2.in > /home/isc-/Desktop/CS309_OOAD_online_judge/judger/userCodes/2.out
[D 191101 14:26:00 Judger:108] docker run --rm -u 1000:1000 --name 5114781271566934346 -v /home/isc-/Desktop/CS309_OOAD_online_judge/judger/service/Running_Code.py:/home/isc-/Desktop/CS309_OOAD_online_judge/judger/service/Running_Code.py -v /home/isc-/Desktop/CS309_OOAD_online_judge/judger/userCodes/:/home/isc-/Desktop/CS309_OOAD_online_judge/judger/userCodes/ -v /home/isc-/Desktop/CS309_OOAD_online_judge/judger/data/1000/2.in:/home/isc-/Desktop/CS309_OOAD_online_judge/judger/data/1000/2.in judge:v2 python3 /home/isc-/Desktop/CS309_OOAD_online_judge/judger/service/Running_Code.py '/home/isc-/Desktop/CS309_OOAD_online_judge/judger/userCodes/Main < /home/isc-/Desktop/CS309_OOAD_online_judge/judger/data/1000/2.in > /home/isc-/Desktop/CS309_OOAD_online_judge/judger/userCodes/2.out' 1 64 '/home/isc-/Desktop/CS309_OOAD_online_judge/judger/userCodes/' 2> /home/isc-/Desktop/CS309_OOAD_online_judge/judger/userCodes/runtime_result.log
[D 191101 14:26:00 Judger:138] NOT EXISTS DOCKER_RESULT_LOG
[D 191101 14:26:01 Judger:145] {'error': '', 'MLE': True, 'time': 0.0006809234619140625, 'TLE': False, 'memory': 1028096}
[D 191101 14:26:01 Judger:173] {'time': 0.0006809234619140625, 'error': '', 'TLE': False, 'MLE': True, 'memory': 1028096}
[D 191101 14:26:01 Judge_Service:56] Searching end with the result '{'time': 0.0006809234619140625, 'memory': 1028096, 'result': 8, 'error': ''}'
[I 191101 14:26:01 Judge_Service:58] ______________________END_____________________________
[D 191101 14:31:15 DB:24] 1012
[I 191101 14:31:15 Judge_Service:42] _____________________START____________________________
[I 191101 14:31:15 Judge_Service:43] Searching solution_id: 1012
[I 191101 14:31:15 Judger:71] COMPILING CODE: /home/isc-/Desktop/CS309_OOAD_online_judge/judger/userCodes/Main.cpp
[I 191101 14:31:15 Judger:45] COMPILE COMMAND: g++ /home/isc-/Desktop/CS309_OOAD_online_judge/judger/userCodes/Main.cpp -o /home/isc-/Desktop/CS309_OOAD_online_judge/judger/userCodes/Main
[E 191101 14:31:15 Judger:120] /home/isc-/Desktop/CS309_OOAD_online_judge/judger/data/1000/
[I 191101 14:31:15 Judger:131] RUNNING CODE: /home/isc-/Desktop/CS309_OOAD_online_judge/judger/userCodes/Main 2.in
[I 191101 14:31:15 Judger:105] RUNNING COMMAND: /home/isc-/Desktop/CS309_OOAD_online_judge/judger/userCodes/Main < /home/isc-/Desktop/CS309_OOAD_online_judge/judger/data/1000/2.in > /home/isc-/Desktop/CS309_OOAD_online_judge/judger/userCodes/2.out
[D 191101 14:31:15 Judger:108] docker run --rm -u 1000:1000 --name 8417532807652145821 -v /home/isc-/Desktop/CS309_OOAD_online_judge/judger/service/Running_Code.py:/home/isc-/Desktop/CS309_OOAD_online_judge/judger/service/Running_Code.py -v /home/isc-/Desktop/CS309_OOAD_online_judge/judger/userCodes/:/home/isc-/Desktop/CS309_OOAD_online_judge/judger/userCodes/ -v /home/isc-/Desktop/CS309_OOAD_online_judge/judger/data/1000/2.in:/home/isc-/Desktop/CS309_OOAD_online_judge/judger/data/1000/2.in judge:v2 python3 /home/isc-/Desktop/CS309_OOAD_online_judge/judger/service/Running_Code.py '/home/isc-/Desktop/CS309_OOAD_online_judge/judger/userCodes/Main < /home/isc-/Desktop/CS309_OOAD_online_judge/judger/data/1000/2.in > /home/isc-/Desktop/CS309_OOAD_online_judge/judger/userCodes/2.out' 1 64 '/home/isc-/Desktop/CS309_OOAD_online_judge/judger/userCodes/' 2> /home/isc-/Desktop/CS309_OOAD_online_judge/judger/userCodes/runtime_result.log
[D 191101 14:31:15 Judger:138] NOT EXISTS DOCKER_RESULT_LOG
[D 191101 14:31:16 Judger:145] {'TLE': False, 'MLE': True, 'memory': 143360, 'time': 0.0006644725799560547, 'error': ''}
[D 191101 14:31:16 Judger:173] {'time': 0.0006644725799560547, 'error': '', 'TLE': False, 'MLE': True, 'memory': 143360}
[D 191101 14:31:16 Judge_Service:56] Searching end with the result '{'time': 0.0006644725799560547, 'memory': 143360, 'result': 8, 'error': ''}'
[I 191101 14:31:16 Judge_Service:58] ______________________END_____________________________
[D 191101 14:32:39 DB:24] 1012
[I 191101 14:32:39 Judge_Service:42] _____________________START____________________________
[I 191101 14:32:39 Judge_Service:43] Searching solution_id: 1012
[I 191101 14:32:39 Judger:71] COMPILING CODE: /home/isc-/Desktop/CS309_OOAD_online_judge/judger/userCodes/Main.cpp
[I 191101 14:32:39 Judger:45] COMPILE COMMAND: g++ /home/isc-/Desktop/CS309_OOAD_online_judge/judger/userCodes/Main.cpp -o /home/isc-/Desktop/CS309_OOAD_online_judge/judger/userCodes/Main
[E 191101 14:32:39 Judger:120] /home/isc-/Desktop/CS309_OOAD_online_judge/judger/data/1000/
[I 191101 14:32:39 Judger:131] RUNNING CODE: /home/isc-/Desktop/CS309_OOAD_online_judge/judger/userCodes/Main 2.in
[I 191101 14:32:39 Judger:105] RUNNING COMMAND: /home/isc-/Desktop/CS309_OOAD_online_judge/judger/userCodes/Main < /home/isc-/Desktop/CS309_OOAD_online_judge/judger/data/1000/2.in > /home/isc-/Desktop/CS309_OOAD_online_judge/judger/userCodes/2.out
[D 191101 14:32:39 Judger:108] docker run --rm -u 1000:1000 --name 7573276217131874238 -v /home/isc-/Desktop/CS309_OOAD_online_judge/judger/service/Running_Code.py:/home/isc-/Desktop/CS309_OOAD_online_judge/judger/service/Running_Code.py -v /home/isc-/Desktop/CS309_OOAD_online_judge/judger/userCodes/:/home/isc-/Desktop/CS309_OOAD_online_judge/judger/userCodes/ -v /home/isc-/Desktop/CS309_OOAD_online_judge/judger/data/1000/2.in:/home/isc-/Desktop/CS309_OOAD_online_judge/judger/data/1000/2.in judge:v2 python3 /home/isc-/Desktop/CS309_OOAD_online_judge/judger/service/Running_Code.py '/home/isc-/Desktop/CS309_OOAD_online_judge/judger/userCodes/Main < /home/isc-/Desktop/CS309_OOAD_online_judge/judger/data/1000/2.in > /home/isc-/Desktop/CS309_OOAD_online_judge/judger/userCodes/2.out' 1 64 '/home/isc-/Desktop/CS309_OOAD_online_judge/judger/userCodes/' 2> /home/isc-/Desktop/CS309_OOAD_online_judge/judger/userCodes/runtime_result.log
[D 191101 14:32:39 Judger:138] NOT EXISTS DOCKER_RESULT_LOG
[D 191101 14:32:40 Judger:145] {'MLE': True, 'TLE': False, 'memory': 131072, 'time': 0.0006833076477050781, 'error': ''}
[D 191101 14:32:40 Judger:173] {'time': 0.0006833076477050781, 'error': '', 'TLE': False, 'MLE': True, 'memory': 131072}
[D 191101 14:32:40 Judge_Service:56] Searching end with the result '{'time': 0.0006833076477050781, 'memory': 131072, 'result': 8, 'error': ''}'
[I 191101 14:32:40 Judge_Service:58] ______________________END_____________________________
[D 191101 14:33:57 DB:24] 1012
[I 191101 14:33:57 Judge_Service:42] _____________________START____________________________
[I 191101 14:33:57 Judge_Service:43] Searching solution_id: 1012
[I 191101 14:33:57 Judger:71] COMPILING CODE: /home/isc-/Desktop/CS309_OOAD_online_judge/judger/userCodes/Main.cpp
[I 191101 14:33:57 Judger:45] COMPILE COMMAND: g++ /home/isc-/Desktop/CS309_OOAD_online_judge/judger/userCodes/Main.cpp -o /home/isc-/Desktop/CS309_OOAD_online_judge/judger/userCodes/Main
[E 191101 14:33:57 Judger:120] /home/isc-/Desktop/CS309_OOAD_online_judge/judger/data/1000/
[I 191101 14:33:57 Judger:131] RUNNING CODE: /home/isc-/Desktop/CS309_OOAD_online_judge/judger/userCodes/Main 2.in
[I 191101 14:33:57 Judger:105] RUNNING COMMAND: /home/isc-/Desktop/CS309_OOAD_online_judge/judger/userCodes/Main < /home/isc-/Desktop/CS309_OOAD_online_judge/judger/data/1000/2.in > /home/isc-/Desktop/CS309_OOAD_online_judge/judger/userCodes/2.out
[D 191101 14:33:57 Judger:108] docker run --rm -u 1000:1000 --name 8677596353099442114 -v /home/isc-/Desktop/CS309_OOAD_online_judge/judger/service/Running_Code.py:/home/isc-/Desktop/CS309_OOAD_online_judge/judger/service/Running_Code.py -v /home/isc-/Desktop/CS309_OOAD_online_judge/judger/userCodes/:/home/isc-/Desktop/CS309_OOAD_online_judge/judger/userCodes/ -v /home/isc-/Desktop/CS309_OOAD_online_judge/judger/data/1000/2.in:/home/isc-/Desktop/CS309_OOAD_online_judge/judger/data/1000/2.in judge:v2 python3 /home/isc-/Desktop/CS309_OOAD_online_judge/judger/service/Running_Code.py '/home/isc-/Desktop/CS309_OOAD_online_judge/judger/userCodes/Main < /home/isc-/Desktop/CS309_OOAD_online_judge/judger/data/1000/2.in > /home/isc-/Desktop/CS309_OOAD_online_judge/judger/userCodes/2.out' 1 64 '/home/isc-/Desktop/CS309_OOAD_online_judge/judger/userCodes/' 2> /home/isc-/Desktop/CS309_OOAD_online_judge/judger/userCodes/runtime_result.log
[D 191101 14:33:57 Judger:138] NOT EXISTS DOCKER_RESULT_LOG
[D 191101 14:33:58 Judger:145] {'error': '', 'time': 0.0006258487701416016, 'MLE': True, 'TLE': False, 'memory': 196608}
[D 191101 14:33:58 Judger:173] {'time': 0.0006258487701416016, 'error': '', 'TLE': False, 'MLE': True, 'memory': 196608}
[D 191101 14:33:58 Judge_Service:56] Searching end with the result '{'time': 0.0006258487701416016, 'memory': 196608, 'result': 8, 'error': ''}'
[I 191101 14:33:58 Judge_Service:58] ______________________END_____________________________
[D 191101 14:35:02 DB:24] 1012
[I 191101 14:35:02 Judge_Service:42] _____________________START____________________________
[I 191101 14:35:02 Judge_Service:43] Searching solution_id: 1012
[I 191101 14:35:02 Judger:71] COMPILING CODE: /home/isc-/Desktop/CS309_OOAD_online_judge/judger/userCodes/Main.cpp
[I 191101 14:35:02 Judger:45] COMPILE COMMAND: g++ /home/isc-/Desktop/CS309_OOAD_online_judge/judger/userCodes/Main.cpp -o /home/isc-/Desktop/CS309_OOAD_online_judge/judger/userCodes/Main
[E 191101 14:35:02 Judger:120] /home/isc-/Desktop/CS309_OOAD_online_judge/judger/data/1000/
[I 191101 14:35:02 Judger:131] RUNNING CODE: /home/isc-/Desktop/CS309_OOAD_online_judge/judger/userCodes/Main 2.in
[I 191101 14:35:02 Judger:105] RUNNING COMMAND: /home/isc-/Desktop/CS309_OOAD_online_judge/judger/userCodes/Main < /home/isc-/Desktop/CS309_OOAD_online_judge/judger/data/1000/2.in > /home/isc-/Desktop/CS309_OOAD_online_judge/judger/userCodes/2.out
[D 191101 14:35:02 Judger:108] docker run --rm -u 1000:1000 --name 4795973133277251995 -v /home/isc-/Desktop/CS309_OOAD_online_judge/judger/service/Running_Code.py:/home/isc-/Desktop/CS309_OOAD_online_judge/judger/service/Running_Code.py -v /home/isc-/Desktop/CS309_OOAD_online_judge/judger/userCodes/:/home/isc-/Desktop/CS309_OOAD_online_judge/judger/userCodes/ -v /home/isc-/Desktop/CS309_OOAD_online_judge/judger/data/1000/2.in:/home/isc-/Desktop/CS309_OOAD_online_judge/judger/data/1000/2.in judge:v2 python3 /home/isc-/Desktop/CS309_OOAD_online_judge/judger/service/Running_Code.py '/home/isc-/Desktop/CS309_OOAD_online_judge/judger/userCodes/Main < /home/isc-/Desktop/CS309_OOAD_online_judge/judger/data/1000/2.in > /home/isc-/Desktop/CS309_OOAD_online_judge/judger/userCodes/2.out' 1 64 '/home/isc-/Desktop/CS309_OOAD_online_judge/judger/userCodes/' 2> /home/isc-/Desktop/CS309_OOAD_online_judge/judger/userCodes/runtime_result.log
[D 191101 14:35:02 Judger:138] NOT EXISTS DOCKER_RESULT_LOG
[D 191101 14:35:03 Judger:138] NOT EXISTS DOCKER_RESULT_LOG
[D 191101 14:35:05 Judger:145] {'TLE': True, 'time': 1.1, 'error': '', 'MLE': False, 'memory': 135168}
[D 191101 14:35:05 Judger:173] {'time': 1.1, 'error': '', 'TLE': True, 'MLE': False, 'memory': 135168}
[D 191101 14:35:05 Judge_Service:56] Searching end with the result '{'time': 1.1, 'memory': 135168, 'result': 7, 'error': ''}'
[I 191101 14:35:05 Judge_Service:58] ______________________END_____________________________
[D 191101 14:35:42 DB:24] 1017
[D 191101 14:41:43 DB:24] 1012
[I 191101 14:41:43 Judge_Service:42] _____________________START____________________________
[I 191101 14:41:43 Judge_Service:43] Searching solution_id: 1012
[I 191101 14:41:43 Judger:71] COMPILING CODE: /home/isc-/Desktop/CS309_OOAD_online_judge/judger/userCodes/Main.cpp
[I 191101 14:41:43 Judger:45] COMPILE COMMAND: g++ /home/isc-/Desktop/CS309_OOAD_online_judge/judger/userCodes/Main.cpp -o /home/isc-/Desktop/CS309_OOAD_online_judge/judger/userCodes/Main
[E 191101 14:41:44 Judger:120] /home/isc-/Desktop/CS309_OOAD_online_judge/judger/data/1000/
[I 191101 14:41:44 Judger:131] RUNNING CODE: /home/isc-/Desktop/CS309_OOAD_online_judge/judger/userCodes/Main 2.in
[I 191101 14:41:44 Judger:105] RUNNING COMMAND: /home/isc-/Desktop/CS309_OOAD_online_judge/judger/userCodes/Main < /home/isc-/Desktop/CS309_OOAD_online_judge/judger/data/1000/2.in > /home/isc-/Desktop/CS309_OOAD_online_judge/judger/userCodes/2.out
[D 191101 14:41:44 Judger:108] docker run --rm -u 1000:1000 --name 6182880677647029674 -v /home/isc-/Desktop/CS309_OOAD_online_judge/judger/service/Running_Code.py:/home/isc-/Desktop/CS309_OOAD_online_judge/judger/service/Running_Code.py -v /home/isc-/Desktop/CS309_OOAD_online_judge/judger/userCodes/:/home/isc-/Desktop/CS309_OOAD_online_judge/judger/userCodes/ -v /home/isc-/Desktop/CS309_OOAD_online_judge/judger/data/1000/2.in:/home/isc-/Desktop/CS309_OOAD_online_judge/judger/data/1000/2.in judge:v2 python3 /home/isc-/Desktop/CS309_OOAD_online_judge/judger/service/Running_Code.py '/home/isc-/Desktop/CS309_OOAD_online_judge/judger/userCodes/Main < /home/isc-/Desktop/CS309_OOAD_online_judge/judger/data/1000/2.in > /home/isc-/Desktop/CS309_OOAD_online_judge/judger/userCodes/2.out' 1 64 '/home/isc-/Desktop/CS309_OOAD_online_judge/judger/userCodes/' 2> /home/isc-/Desktop/CS309_OOAD_online_judge/judger/userCodes/runtime_result.log
[D 191101 14:41:44 Judger:138] NOT EXISTS DOCKER_RESULT_LOG
[D 191101 14:41:45 Judger:138] NOT EXISTS DOCKER_RESULT_LOG
[D 191101 14:41:46 Judger:145] {'error': '', 'MLE': False, 'time': 1.1, 'TLE': True, 'memory': 135168}
[D 191101 14:41:46 Judger:173] {'time': 1.1, 'error': '', 'TLE': True, 'MLE': False, 'memory': 135168}
[D 191101 14:41:46 Judge_Service:56] Searching end with the result '{'time': 1.1, 'memory': 135168, 'result': 7, 'error': ''}'
[I 191101 14:41:46 Judge_Service:58] ______________________END_____________________________
