[D 191104 12:13:35 DB:24] 305139
[I 191104 12:13:35 Judge_Service:42] _____________________START____________________________
[I 191104 12:13:35 Judge_Service:43] Searching solution_id: 305139
[I 191104 12:13:35 Judger:72] COMPILING CODE: /home/lumia/CS309_OOAD_online_judge/judger/userCodes/Main.cpp
[I 191104 12:13:35 Judger:46] COMPILE COMMAND: g++ /home/lumia/CS309_OOAD_online_judge/judger/userCodes/Main.cpp -o /home/lumia/CS309_OOAD_online_judge/judger/userCodes/Main
[E 191104 12:13:36 Judger:122] /home/lumia/CS309_OOAD_online_judge/judger/data/1001/
[I 191104 12:13:36 Judger:133] RUNNING CODE: /home/lumia/CS309_OOAD_online_judge/judger/userCodes/Main 1.in
[I 191104 12:13:36 Judger:108] RUNNING COMMAND: /home/lumia/CS309_OOAD_online_judge/judger/userCodes/Main < /home/lumia/CS309_OOAD_online_judge/judger/data/1001/1.in > /home/lumia/CS309_OOAD_online_judge/judger/userCodes/1.out
[D 191104 12:13:36 Judger:112] docker run --rm -u 1000:1000 --name 2392869632687111931 -v /home/lumia/CS309_OOAD_online_judge/:/home/lumia/CS309_OOAD_online_judge/ judge:v3 python3 /home/lumia/CS309_OOAD_online_judge/judger/service/Runner.py '/home/lumia/CS309_OOAD_online_judge/judger/userCodes/Main < /home/lumia/CS309_OOAD_online_judge/judger/data/1001/1.in > /home/lumia/CS309_OOAD_online_judge/judger/userCodes/1.out' 1 128 '/home/lumia/CS309_OOAD_online_judge/judger/userCodes/docker_result.log'
[D 191104 12:13:37 Judger:148] {'timeused': 0, 'result': 8, 're_signum': 11, 'memoryused': 8156}
[I 191104 12:13:37 Judger:133] RUNNING CODE: /home/lumia/CS309_OOAD_online_judge/judger/userCodes/Main 2.in
[I 191104 12:13:37 Judger:108] RUNNING COMMAND: /home/lumia/CS309_OOAD_online_judge/judger/userCodes/Main < /home/lumia/CS309_OOAD_online_judge/judger/data/1001/2.in > /home/lumia/CS309_OOAD_online_judge/judger/userCodes/2.out
[D 191104 12:13:37 Judger:112] docker run --rm -u 1000:1000 --name 1144376669800204695 -v /home/lumia/CS309_OOAD_online_judge/:/home/lumia/CS309_OOAD_online_judge/ judge:v3 python3 /home/lumia/CS309_OOAD_online_judge/judger/service/Runner.py '/home/lumia/CS309_OOAD_online_judge/judger/userCodes/Main < /home/lumia/CS309_OOAD_online_judge/judger/data/1001/2.in > /home/lumia/CS309_OOAD_online_judge/judger/userCodes/2.out' 1 128 '/home/lumia/CS309_OOAD_online_judge/judger/userCodes/docker_result.log'
[D 191104 12:13:39 Judger:148] {'memoryused': 8164, 're_signum': 11, 'timeused': 0, 'result': 8}
[D 191104 12:13:39 Judger:178] {'time': 0, 'result': 8, 'memory': 16320}
[D 191104 12:13:39 Judge_Service:56] Searching end with the result '{'time': 0, 'memory': 16320, 'result': 6, 'error': ''}'
[I 191104 12:13:39 Judge_Service:58] ______________________END_____________________________
[D 191104 12:33:06 DB:24] 305139
[I 191104 12:33:06 Judge_Service:42] _____________________START____________________________
[I 191104 12:33:06 Judge_Service:43] Searching solution_id: 305139
[I 191104 12:33:06 Judger:75] COMPILING CODE: /home/lumia/CS309_OOAD_online_judge/judger/userCodes/Main.cpp
[I 191104 12:33:06 Judger:46] COMPILE COMMAND: g++ /home/lumia/CS309_OOAD_online_judge/judger/userCodes/Main.cpp -o /home/lumia/CS309_OOAD_online_judge/judger/userCodes/Main
[D 191104 12:37:05 DB:24] 305139
[I 191104 12:37:05 Judge_Service:42] _____________________START____________________________
[I 191104 12:37:05 Judge_Service:43] Searching solution_id: 305139
[I 191104 12:37:05 Judger:75] COMPILING CODE: /home/lumia/CS309_OOAD_online_judge/judger/userCodes/Main.cpp
[I 191104 12:37:05 Judger:46] COMPILE COMMAND: g++ /home/lumia/CS309_OOAD_online_judge/judger/userCodes/Main.cpp -o /home/lumia/CS309_OOAD_online_judge/judger/userCodes/Main
[D 191104 12:40:25 DB:24] 305139
[I 191104 12:40:25 Judge_Service:42] _____________________START____________________________
[I 191104 12:40:25 Judge_Service:43] Searching solution_id: 305139
[I 191104 12:40:25 Judger:75] COMPILING CODE: /home/lumia/CS309_OOAD_online_judge/judger/userCodes/Main.cpp
[I 191104 12:40:25 Judger:46] COMPILE COMMAND: g++ /home/lumia/CS309_OOAD_online_judge/judger/userCodes/Main.cpp -o /home/lumia/CS309_OOAD_online_judge/judger/userCodes/Main
[D 191104 12:42:35 DB:24] 305139
[I 191104 12:42:35 Judge_Service:42] _____________________START____________________________
[I 191104 12:42:35 Judge_Service:43] Searching solution_id: 305139
[I 191104 12:42:35 Judger:75] COMPILING CODE: /home/lumia/CS309_OOAD_online_judge/judger/userCodes/Main.cpp
[I 191104 12:42:35 Judger:46] COMPILING COMMAND: /usr/bin/g++ -DONLINE_JUDGE -w -fmax-errors=3 -std=c++11 /home/lumia/CS309_OOAD_online_judge/judger/userCodes/Main.cpp -lm -o /home/lumia/CS309_OOAD_online_judge/judger/userCodes/Main
[D 191104 12:46:01 DB:24] 305139
[I 191104 12:46:01 Judge_Service:42] _____________________START____________________________
[I 191104 12:46:01 Judge_Service:43] Searching solution_id: 305139
[I 191104 12:46:01 Judger:82] COMPILING CODE: /home/lumia/CS309_OOAD_online_judge/judger/userCodes/Main.cpp
[I 191104 12:46:01 Judger:46] COMPILE COMMAND: g++ /home/lumia/CS309_OOAD_online_judge/judger/userCodes/Main.cpp -o /home/lumia/CS309_OOAD_online_judge/judger/userCodes/Main
[E 191104 12:46:01 Judger:132] /home/lumia/CS309_OOAD_online_judge/judger/data/1001/
[I 191104 12:46:01 Judger:143] RUNNING CODE: /home/lumia/CS309_OOAD_online_judge/judger/userCodes/Main 1.in
[I 191104 12:46:01 Judger:118] RUNNING COMMAND: /home/lumia/CS309_OOAD_online_judge/judger/userCodes/Main < /home/lumia/CS309_OOAD_online_judge/judger/data/1001/1.in > /home/lumia/CS309_OOAD_online_judge/judger/userCodes/1.out
[D 191104 12:46:01 Judger:122] docker run --rm -u 1000:1000 --name 122800730841821933 -v /home/lumia/CS309_OOAD_online_judge/:/home/lumia/CS309_OOAD_online_judge/ judge:v3 python3 /home/lumia/CS309_OOAD_online_judge/judger/service/Runner.py '/home/lumia/CS309_OOAD_online_judge/judger/userCodes/Main < /home/lumia/CS309_OOAD_online_judge/judger/data/1001/1.in > /home/lumia/CS309_OOAD_online_judge/judger/userCodes/1.out' 1 128 '/home/lumia/CS309_OOAD_online_judge/judger/userCodes/docker_result.log'
[D 191104 12:46:03 Judger:158] {'timeused': 0, 're_signum': 11, 'memoryused': 8068, 'result': 8}
[I 191104 12:46:03 Judger:143] RUNNING CODE: /home/lumia/CS309_OOAD_online_judge/judger/userCodes/Main 2.in
[I 191104 12:46:03 Judger:118] RUNNING COMMAND: /home/lumia/CS309_OOAD_online_judge/judger/userCodes/Main < /home/lumia/CS309_OOAD_online_judge/judger/data/1001/2.in > /home/lumia/CS309_OOAD_online_judge/judger/userCodes/2.out
[D 191104 12:46:03 Judger:122] docker run --rm -u 1000:1000 --name 3884038324723040737 -v /home/lumia/CS309_OOAD_online_judge/:/home/lumia/CS309_OOAD_online_judge/ judge:v3 python3 /home/lumia/CS309_OOAD_online_judge/judger/service/Runner.py '/home/lumia/CS309_OOAD_online_judge/judger/userCodes/Main < /home/lumia/CS309_OOAD_online_judge/judger/data/1001/2.in > /home/lumia/CS309_OOAD_online_judge/judger/userCodes/2.out' 1 128 '/home/lumia/CS309_OOAD_online_judge/judger/userCodes/docker_result.log'
[D 191104 12:46:05 Judger:158] {'result': 8, 'memoryused': 8088, 're_signum': 11, 'timeused': 0}
[D 191104 12:46:05 Judger:188] {'time': 0, 'result': 8, 'memory': 16156}
[D 191104 12:46:05 Judge_Service:56] Searching end with the result '{'time': 0, 'memory': 16156, 'result': 6, 'error': ''}'
[I 191104 12:46:05 Judge_Service:58] ______________________END_____________________________
[D 191104 12:50:04 DB:24] 1013
[D 191104 12:52:55 DB:24] 1013
[D 191104 12:53:50 DB:24] 1013
[D 191104 12:53:50 DB:28] None
[D 191104 12:54:01 DB:24] 1013
[D 191104 12:54:01 DB:28] None
[D 191104 12:55:10 DB:24] select * from source_code sc join solution s on sc.solution_id = s.solution_id join problem p on s.problem_id = p.problem_id where s.solution_id = 1013;
[D 191104 12:55:10 DB:26] 1013
[D 191104 12:55:10 DB:30] None
[D 191104 13:02:15 DB:24] select * from source_code sc join solution s on sc.solution_id = s.solution_id join problem p on s.problem_id = p.problem_id where s.solution_id = 1014;
[D 191104 13:02:15 DB:26] 1014
[D 191104 13:02:15 DB:30] (1014, 'import java.util.Scanner;\r\n\r\npublic class Main {\r\n    public static void main(String []args) {\r\n    \tScanner scan = new Scanner(System.in);\r\n    \tint N = 0;\r\n    \tfloat M = 0.0f;\r\n    \t\r\n    \tN = scan.nextInt();\r\n    \tM = N * 0.85f;\r\n    \t\r\n    \tSystem.out.printf("%.2f\\n", M);\t\r\n    }\r\n}', 1014, 1000, 'wynter', 96, 8880, datetime.datetime(2017, 8, 30, 22, 42, 5), 0, 3, '10.20.36.92', None, 1, -1, 288, datetime.datetime(2017, 8, 30, 7, 42, 7), Decimal('0.00'), 0, '172.17.42.1', 1000, 'A+B', '<p>\r\n\t<span style="font-size:14px;">Give you two integers </span><strong><span style="font-size:14px;">A</span></strong><span style="font-size:14px;"> and </span><strong><span style="font-size:14px;">B</span></strong><span style="font-size:14px;">. Please print the sum of the two integers.</span> \r\n</p>', '<p>\r\n\t<span style="font-size:14px;">Two integers: </span><b><span style="font-size:14px;">A B&nbsp;</span></b><span style="font-size:14px;">(0&lt;= A &lt;=10</span><sup><span style="font-size:14px;">6</span></sup><span style="font-size:14px;">, 0 &lt;= B &lt;= 10</span><sup><span style="font-size:14px;">6</span></sup><span style="font-size:14px;">)</span> \r\n</p>\r\n<span style="font-size:12px;"></span>', '<p>\r\n\t<span style="font-size:14px;">Sum of the two integers: </span><strong><span style="font-size:14px;">S</span></strong> \r\n</p>', '50 50', '100', '0', 'easy problem, getting started!', 'Test', datetime.datetime(2017, 9, 14, 21, 31, 28), 1, 64, 'N', 480, 1161, 0)
[I 191104 13:02:15 Judge_Service:42] _____________________START____________________________
[I 191104 13:02:15 Judge_Service:43] Searching solution_id: 1014
[I 191104 13:02:15 Judger:82] COMPILING CODE: /home/lumia/CS309_OOAD_online_judge/judger/userCodes/Main.java
[I 191104 13:02:15 Judger:72] COMPILING COMMAND: /usr/bin/javac /home/lumia/CS309_OOAD_online_judge/judger/userCodes/Main.java -d /home/lumia/CS309_OOAD_online_judge/judger/userCodes/ -encoding UTF8
[E 191104 13:02:20 Judger:132] /home/lumia/CS309_OOAD_online_judge/judger/data/1000/
[I 191104 13:02:20 Judger:143] RUNNING CODE: /home/lumia/CS309_OOAD_online_judge/judger/userCodes/Main 1.in
[I 191104 13:02:20 Judger:118] RUNNING COMMAND: java -cp /home/lumia/CS309_OOAD_online_judge/judger/userCodes// Main < /home/lumia/CS309_OOAD_online_judge/judger/data/1000/1.in > /home/lumia/CS309_OOAD_online_judge/judger/userCodes/1.out
[D 191104 13:02:20 Judger:122] docker run --rm -u 1000:1000 --name 8972352904143172759 -v /home/lumia/CS309_OOAD_online_judge/:/home/lumia/CS309_OOAD_online_judge/ judge:v3 python3 /home/lumia/CS309_OOAD_online_judge/judger/service/Runner.py 'java -cp /home/lumia/CS309_OOAD_online_judge/judger/userCodes// Main < /home/lumia/CS309_OOAD_online_judge/judger/data/1000/1.in > /home/lumia/CS309_OOAD_online_judge/judger/userCodes/1.out' 5 537395264 '/home/lumia/CS309_OOAD_online_judge/judger/userCodes/docker_result.log'
[D 191104 13:02:22 Judger:158] {'memoryused': 14520, 'result': 0, 'timeused': 19}
[I 191104 13:02:22 Judger:143] RUNNING CODE: /home/lumia/CS309_OOAD_online_judge/judger/userCodes/Main 2.in
[I 191104 13:02:22 Judger:118] RUNNING COMMAND: java -cp /home/lumia/CS309_OOAD_online_judge/judger/userCodes// Main < /home/lumia/CS309_OOAD_online_judge/judger/data/1000/2.in > /home/lumia/CS309_OOAD_online_judge/judger/userCodes/2.out
[D 191104 13:02:22 Judger:122] docker run --rm -u 1000:1000 --name 6382774212589104328 -v /home/lumia/CS309_OOAD_online_judge/:/home/lumia/CS309_OOAD_online_judge/ judge:v3 python3 /home/lumia/CS309_OOAD_online_judge/judger/service/Runner.py 'java -cp /home/lumia/CS309_OOAD_online_judge/judger/userCodes// Main < /home/lumia/CS309_OOAD_online_judge/judger/data/1000/2.in > /home/lumia/CS309_OOAD_online_judge/judger/userCodes/2.out' 5 537395264 '/home/lumia/CS309_OOAD_online_judge/judger/userCodes/docker_result.log'
[D 191104 13:02:24 Judger:158] {'timeused': 11, 'memoryused': 14592, 'result': 0}
[D 191104 13:02:24 Judger:188] {'time': 30, 'result': 0, 'memory': 29112}
[D 191104 13:02:24 Judge_Service:56] Searching end with the result '{'time': 30, 'memory': 29112, 'result': 6, 'error': ''}'
[I 191104 13:02:24 Judge_Service:58] ______________________END_____________________________
