[I 191007 20:23:17 main:41] _____________________START____________________________
[I 191007 20:23:17 main:42] Searching solution_id: 2
[I 191007 20:23:17 Judger:70] COMPILING CODE: /home/isc-/Desktop/CS309_OOAD_online_judge/userCodes/Main.c
[I 191007 20:23:17 Judger:44] COMPILE COMMAND: g++ /home/isc-/Desktop/CS309_OOAD_online_judge/userCodes/Main.c -o /home/isc-/Desktop/CS309_OOAD_online_judge/userCodes/Main
[I 191007 20:23:17 Judger:125] RUNNING CODE: /home/isc-/Desktop/CS309_OOAD_online_judge/userCodes/Main 2.in
[I 191007 20:23:17 Judger:99] RUNNING COMMAND: /home/isc-/Desktop/CS309_OOAD_online_judge/userCodes/Main < /home/isc-/Desktop/CS309_OOAD_online_judge/data/1001/2.in > /home/isc-/Desktop/CS309_OOAD_online_judge/userCodes/2.out
[D 191007 20:23:17 Judger:103] docker run -u 1000:1000 --name 6340432753760898729 -v /home/isc-/Desktop/CS309_OOAD_online_judge/JudgeServer/JudgeServer/Running_Code.py:/home/isc-/Desktop/CS309_OOAD_online_judge/JudgeServer/JudgeServer/Running_Code.py -v /home/isc-/Desktop/CS309_OOAD_online_judge/userCodes/:/home/isc-/Desktop/CS309_OOAD_online_judge/userCodes/ -v /home/isc-/Desktop/CS309_OOAD_online_judge/data/1001/2.in:/home/isc-/Desktop/CS309_OOAD_online_judge/data/1001/2.in judge:v2 python3 /home/isc-/Desktop/CS309_OOAD_online_judge/JudgeServer/JudgeServer/Running_Code.py '/home/isc-/Desktop/CS309_OOAD_online_judge/userCodes/Main < /home/isc-/Desktop/CS309_OOAD_online_judge/data/1001/2.in > /home/isc-/Desktop/CS309_OOAD_online_judge/userCodes/2.out' 1 134217728 '/home/isc-/Desktop/CS309_OOAD_online_judge/userCodes/' 2> /home/isc-/Desktop/CS309_OOAD_online_judge/userCodes/runtime_result.log
[D 191007 20:23:17 Judger:139] {'TLE': False, 'memory': 229376, 'error': '', 'time': 0.016312122344970703, 'MLE': False}
[I 191007 20:23:19 Judger:125] RUNNING CODE: /home/isc-/Desktop/CS309_OOAD_online_judge/userCodes/Main 1.in
[I 191007 20:23:19 Judger:99] RUNNING COMMAND: /home/isc-/Desktop/CS309_OOAD_online_judge/userCodes/Main < /home/isc-/Desktop/CS309_OOAD_online_judge/data/1001/1.in > /home/isc-/Desktop/CS309_OOAD_online_judge/userCodes/1.out
[D 191007 20:23:19 Judger:103] docker run -u 1000:1000 --name 7731900288224198682 -v /home/isc-/Desktop/CS309_OOAD_online_judge/JudgeServer/JudgeServer/Running_Code.py:/home/isc-/Desktop/CS309_OOAD_online_judge/JudgeServer/JudgeServer/Running_Code.py -v /home/isc-/Desktop/CS309_OOAD_online_judge/userCodes/:/home/isc-/Desktop/CS309_OOAD_online_judge/userCodes/ -v /home/isc-/Desktop/CS309_OOAD_online_judge/data/1001/1.in:/home/isc-/Desktop/CS309_OOAD_online_judge/data/1001/1.in judge:v2 python3 /home/isc-/Desktop/CS309_OOAD_online_judge/JudgeServer/JudgeServer/Running_Code.py '/home/isc-/Desktop/CS309_OOAD_online_judge/userCodes/Main < /home/isc-/Desktop/CS309_OOAD_online_judge/data/1001/1.in > /home/isc-/Desktop/CS309_OOAD_online_judge/userCodes/1.out' 1 134217728 '/home/isc-/Desktop/CS309_OOAD_online_judge/userCodes/' 2> /home/isc-/Desktop/CS309_OOAD_online_judge/userCodes/runtime_result.log
[D 191007 20:23:19 Judger:139] {'error': '', 'TLE': False, 'memory': 36864, 'MLE': False, 'time': 0.009612798690795898}
[D 191007 20:23:20 Judger:167] {'time': 0.0259249210357666, 'error': '', 'TLE': False, 'MLE': False, 'memory': 266240}
[D 191007 20:23:20 main:55] Searching end with the result '{'time': 0.0259249210357666, 'memory': 266240, 'result': 6, 'error': ''}'
[I 191007 20:23:20 main:57] ______________________END_____________________________
[I 191007 20:23:20 main:41] _____________________START____________________________
[I 191007 20:23:20 main:42] Searching solution_id: 3
[I 191007 20:23:20 Judger:70] COMPILING CODE: /home/isc-/Desktop/CS309_OOAD_online_judge/userCodes/Main.c
[I 191007 20:23:20 Judger:44] COMPILE COMMAND: g++ /home/isc-/Desktop/CS309_OOAD_online_judge/userCodes/Main.c -o /home/isc-/Desktop/CS309_OOAD_online_judge/userCodes/Main
[D 191007 20:23:20 main:55] Searching end with the result '{'time': 0, 'memory': 0, 'result': 11, 'error': '/home/isc-/Desktop/CS309_OOAD_online_judge/userCodes/Main.c:1:2: 错误：invalid preprocessing directive #includde; did you mean #include?\n    1 | #includde <stdio.h>\n      |  ^~~~~~~~\n      |  include\n/home/isc-/Desktop/CS309_OOAD_online_judge/userCodes/Main.c: 在函数‘int main()’中:\n/home/isc-/Desktop/CS309_OOAD_online_judge/userCodes/Main.c:6:2: 错误：‘scanf’在此作用域中尚未声明\n    6 |  scanf("%d", &a);\n      |  ^~~~~\n/home/isc-/Desktop/CS309_OOAD_online_judge/userCodes/Main.c:8:3: 错误：‘printf’在此作用域中尚未声明\n    8 |   printf("%d\\n", i);\n      |   ^~~~~~\n/home/isc-/Desktop/CS309_OOAD_online_judge/userCodes/Main.c:1:1: 附注：‘printf’ is defined in header ‘<cstdio>’; did you forget to ‘#include <cstdio>’?\n  +++ |+#include <cstdio>\n    1 | #includde <stdio.h>\n'}'
[E 191007 20:23:20 DB:68] Fail to execute command 'insert into errorinfo (solution_id, error) values (3, '/home/isc-/Desktop/CS309_OOAD_online_judge/userCodes/Main.c:1:2: 错误：invalid preprocessing directive #includde; did you mean #include?
        1 | #includde <stdio.h>
          |  ^~~~~~~~
          |  include
    /home/isc-/Desktop/CS309_OOAD_online_judge/userCodes/Main.c: 在函数‘int main()’中:
    /home/isc-/Desktop/CS309_OOAD_online_judge/userCodes/Main.c:6:2: 错误：‘scanf’在此作用域中尚未声明
        6 |  scanf("%d", &a);
          |  ^~~~~
    /home/isc-/Desktop/CS309_OOAD_online_judge/userCodes/Main.c:8:3: 错误：‘printf’在此作用域中尚未声明
        8 |   printf("%d\n", i);
          |   ^~~~~~
    /home/isc-/Desktop/CS309_OOAD_online_judge/userCodes/Main.c:1:1: 附注：‘printf’ is defined in header ‘<cstdio>’; did you forget to ‘#include <cstdio>’?
      +++ |+#include <cstdio>
        1 | #includde <stdio.h>
    ');' to database
[I 191007 20:23:20 main:57] ______________________END_____________________________
[I 191007 20:23:20 main:41] _____________________START____________________________
[I 191007 20:23:20 main:42] Searching solution_id: 4
[I 191007 20:23:20 Judger:70] COMPILING CODE: /home/isc-/Desktop/CS309_OOAD_online_judge/userCodes/Main.c
[I 191007 20:23:20 Judger:44] COMPILE COMMAND: g++ /home/isc-/Desktop/CS309_OOAD_online_judge/userCodes/Main.c -o /home/isc-/Desktop/CS309_OOAD_online_judge/userCodes/Main
[I 191007 20:23:21 Judger:125] RUNNING CODE: /home/isc-/Desktop/CS309_OOAD_online_judge/userCodes/Main 2.in
[I 191007 20:23:21 Judger:99] RUNNING COMMAND: /home/isc-/Desktop/CS309_OOAD_online_judge/userCodes/Main < /home/isc-/Desktop/CS309_OOAD_online_judge/data/1001/2.in > /home/isc-/Desktop/CS309_OOAD_online_judge/userCodes/2.out
[D 191007 20:23:21 Judger:103] docker run -u 1000:1000 --name 3709040936247425095 -v /home/isc-/Desktop/CS309_OOAD_online_judge/JudgeServer/JudgeServer/Running_Code.py:/home/isc-/Desktop/CS309_OOAD_online_judge/JudgeServer/JudgeServer/Running_Code.py -v /home/isc-/Desktop/CS309_OOAD_online_judge/userCodes/:/home/isc-/Desktop/CS309_OOAD_online_judge/userCodes/ -v /home/isc-/Desktop/CS309_OOAD_online_judge/data/1001/2.in:/home/isc-/Desktop/CS309_OOAD_online_judge/data/1001/2.in judge:v2 python3 /home/isc-/Desktop/CS309_OOAD_online_judge/JudgeServer/JudgeServer/Running_Code.py '/home/isc-/Desktop/CS309_OOAD_online_judge/userCodes/Main < /home/isc-/Desktop/CS309_OOAD_online_judge/data/1001/2.in > /home/isc-/Desktop/CS309_OOAD_online_judge/userCodes/2.out' 1 134217728 '/home/isc-/Desktop/CS309_OOAD_online_judge/userCodes/' 2> /home/isc-/Desktop/CS309_OOAD_online_judge/userCodes/runtime_result.log
[D 191007 20:23:21 Judger:132] NOT EXISTS DOCKER_RESULT_LOG
[D 191007 20:23:22 Judger:132] NOT EXISTS DOCKER_RESULT_LOG
[D 191007 20:23:23 Judger:139] {'TLE': False, 'memory': 45056, 'MLE': False, 'error': 'Segmentation fault (core dumped)\n', 'time': 0.20202398300170898}
[D 191007 20:23:23 Judger:167] {'time': 0.20202398300170898, 'error': 'Segmentation fault (core dumped)\n', 'TLE': False, 'MLE': False, 'memory': 45056}
[D 191007 20:23:23 main:55] Searching end with the result '{'time': 0.20202398300170898, 'memory': 45056, 'result': 10, 'error': 'Segmentation fault (core dumped)\n'}'
[E 191007 20:23:23 DB:68] Fail to execute command 'insert into errorinfo (solution_id, error) values (4, 'Segmentation fault (core dumped)
    ');' to database
[I 191007 20:23:23 main:57] ______________________END_____________________________
[I 191007 20:23:23 main:41] _____________________START____________________________
[I 191007 20:23:23 main:42] Searching solution_id: 6
[I 191007 20:23:23 Judger:70] COMPILING CODE: /home/isc-/Desktop/CS309_OOAD_online_judge/userCodes/Main.cpp
[I 191007 20:23:23 Judger:44] COMPILE COMMAND: g++ /home/isc-/Desktop/CS309_OOAD_online_judge/userCodes/Main.cpp -o /home/isc-/Desktop/CS309_OOAD_online_judge/userCodes/Main
[I 191007 20:23:24 Judger:125] RUNNING CODE: /home/isc-/Desktop/CS309_OOAD_online_judge/userCodes/Main 2.in
[I 191007 20:23:24 Judger:99] RUNNING COMMAND: /home/isc-/Desktop/CS309_OOAD_online_judge/userCodes/Main < /home/isc-/Desktop/CS309_OOAD_online_judge/data/1001/2.in > /home/isc-/Desktop/CS309_OOAD_online_judge/userCodes/2.out
[D 191007 20:23:24 Judger:103] docker run -u 1000:1000 --name 4362398470184750678 -v /home/isc-/Desktop/CS309_OOAD_online_judge/JudgeServer/JudgeServer/Running_Code.py:/home/isc-/Desktop/CS309_OOAD_online_judge/JudgeServer/JudgeServer/Running_Code.py -v /home/isc-/Desktop/CS309_OOAD_online_judge/userCodes/:/home/isc-/Desktop/CS309_OOAD_online_judge/userCodes/ -v /home/isc-/Desktop/CS309_OOAD_online_judge/data/1001/2.in:/home/isc-/Desktop/CS309_OOAD_online_judge/data/1001/2.in judge:v2 python3 /home/isc-/Desktop/CS309_OOAD_online_judge/JudgeServer/JudgeServer/Running_Code.py '/home/isc-/Desktop/CS309_OOAD_online_judge/userCodes/Main < /home/isc-/Desktop/CS309_OOAD_online_judge/data/1001/2.in > /home/isc-/Desktop/CS309_OOAD_online_judge/userCodes/2.out' 1 134217728 '/home/isc-/Desktop/CS309_OOAD_online_judge/userCodes/' 2> /home/isc-/Desktop/CS309_OOAD_online_judge/userCodes/runtime_result.log
[D 191007 20:23:24 Judger:132] NOT EXISTS DOCKER_RESULT_LOG
[D 191007 20:23:25 Judger:139] {'time': 0.00510406494140625, 'error': '', 'MLE': False, 'TLE': False, 'memory': 45056}
[I 191007 20:23:25 Judger:125] RUNNING CODE: /home/isc-/Desktop/CS309_OOAD_online_judge/userCodes/Main 1.in
[I 191007 20:23:25 Judger:99] RUNNING COMMAND: /home/isc-/Desktop/CS309_OOAD_online_judge/userCodes/Main < /home/isc-/Desktop/CS309_OOAD_online_judge/data/1001/1.in > /home/isc-/Desktop/CS309_OOAD_online_judge/userCodes/1.out
[D 191007 20:23:25 Judger:103] docker run -u 1000:1000 --name 3397047143402185314 -v /home/isc-/Desktop/CS309_OOAD_online_judge/JudgeServer/JudgeServer/Running_Code.py:/home/isc-/Desktop/CS309_OOAD_online_judge/JudgeServer/JudgeServer/Running_Code.py -v /home/isc-/Desktop/CS309_OOAD_online_judge/userCodes/:/home/isc-/Desktop/CS309_OOAD_online_judge/userCodes/ -v /home/isc-/Desktop/CS309_OOAD_online_judge/data/1001/1.in:/home/isc-/Desktop/CS309_OOAD_online_judge/data/1001/1.in judge:v2 python3 /home/isc-/Desktop/CS309_OOAD_online_judge/JudgeServer/JudgeServer/Running_Code.py '/home/isc-/Desktop/CS309_OOAD_online_judge/userCodes/Main < /home/isc-/Desktop/CS309_OOAD_online_judge/data/1001/1.in > /home/isc-/Desktop/CS309_OOAD_online_judge/userCodes/1.out' 1 134217728 '/home/isc-/Desktop/CS309_OOAD_online_judge/userCodes/' 2> /home/isc-/Desktop/CS309_OOAD_online_judge/userCodes/runtime_result.log
[D 191007 20:23:26 Judger:139] {'time': 0.00510406494140625, 'error': '', 'MLE': False, 'TLE': False, 'memory': 45056}
[D 191007 20:23:27 Judger:167] {'time': 0.0102081298828125, 'error': '', 'TLE': False, 'MLE': False, 'memory': 90112}
[D 191007 20:23:27 main:55] Searching end with the result '{'time': 0.0102081298828125, 'memory': 90112, 'result': 6, 'error': ''}'
[I 191007 20:23:27 main:57] ______________________END_____________________________
[I 191007 20:23:27 main:41] _____________________START____________________________
[I 191007 20:23:27 main:42] Searching solution_id: 7
[I 191007 20:23:27 Judger:70] COMPILING CODE: /home/isc-/Desktop/CS309_OOAD_online_judge/userCodes/Main.cpp
[I 191007 20:23:27 Judger:44] COMPILE COMMAND: g++ /home/isc-/Desktop/CS309_OOAD_online_judge/userCodes/Main.cpp -o /home/isc-/Desktop/CS309_OOAD_online_judge/userCodes/Main
[D 191007 20:23:27 main:55] Searching end with the result '{'time': 0, 'memory': 0, 'result': 11, 'error': '/home/isc-/Desktop/CS309_OOAD_online_judge/userCodes/Main.cpp:1:2: 错误：invalid preprocessing directive #idnclude; did you mean #include?\n    1 | #idnclude <bits/stdc++.h>\n      |  ^~~~~~~~\n      |  include\n/home/isc-/Desktop/CS309_OOAD_online_judge/userCodes/Main.cpp: 在函数‘int main()’中:\n/home/isc-/Desktop/CS309_OOAD_online_judge/userCodes/Main.cpp:6:2: 错误：‘cin’在此作用域中尚未声明\n    6 |  cin >> a;\n      |  ^~~\n/home/isc-/Desktop/CS309_OOAD_online_judge/userCodes/Main.cpp:1:1: 附注：‘std::cin’ is defined in header ‘<iostream>’; did you forget to ‘#include <iostream>’?\n  +++ |+#include <iostream>\n    1 | #idnclude <bits/stdc++.h>\n/home/isc-/Desktop/CS309_OOAD_online_judge/userCodes/Main.cpp:8:3: 错误：‘cout’在此作用域中尚未声明\n    8 |   cout << i << endl;\n      |   ^~~~\n/home/isc-/Desktop/CS309_OOAD_online_judge/userCodes/Main.cpp:8:3: 附注：‘std::cout’ is defined in header ‘<iostream>’; did you forget to ‘#include <iostream>’?\n/home/isc-/Desktop/CS309_OOAD_online_judge/userCodes/Main.cpp:8:16: 错误：‘endl’在此作用域中尚未声明\n    8 |   cout << i << endl;\n      |                ^~~~\n/home/isc-/Desktop/CS309_OOAD_online_judge/userCodes/Main.cpp:1:1: 附注：‘std::endl’ is defined in header ‘<ostream>’; did you forget to ‘#include <ostream>’?\n  +++ |+#include <ostream>\n    1 | #idnclude <bits/stdc++.h>\n'}'
[E 191007 20:23:27 DB:68] Fail to execute command 'insert into errorinfo (solution_id, error) values (7, '/home/isc-/Desktop/CS309_OOAD_online_judge/userCodes/Main.cpp:1:2: 错误：invalid preprocessing directive #idnclude; did you mean #include?
        1 | #idnclude <bits/stdc++.h>
          |  ^~~~~~~~
          |  include
    /home/isc-/Desktop/CS309_OOAD_online_judge/userCodes/Main.cpp: 在函数‘int main()’中:
    /home/isc-/Desktop/CS309_OOAD_online_judge/userCodes/Main.cpp:6:2: 错误：‘cin’在此作用域中尚未声明
        6 |  cin >> a;
          |  ^~~
    /home/isc-/Desktop/CS309_OOAD_online_judge/userCodes/Main.cpp:1:1: 附注：‘std::cin’ is defined in header ‘<iostream>’; did you forget to ‘#include <iostream>’?
      +++ |+#include <iostream>
        1 | #idnclude <bits/stdc++.h>
    /home/isc-/Desktop/CS309_OOAD_online_judge/userCodes/Main.cpp:8:3: 错误：‘cout’在此作用域中尚未声明
        8 |   cout << i << endl;
          |   ^~~~
    /home/isc-/Desktop/CS309_OOAD_online_judge/userCodes/Main.cpp:8:3: 附注：‘std::cout’ is defined in header ‘<iostream>’; did you forget to ‘#include <iostream>’?
    /home/isc-/Desktop/CS309_OOAD_online_judge/userCodes/Main.cpp:8:16: 错误：‘endl’在此作用域中尚未声明
        8 |   cout << i << endl;
          |                ^~~~
    /home/isc-/Desktop/CS309_OOAD_online_judge/userCodes/Main.cpp:1:1: 附注：‘std::endl’ is defined in header ‘<ostream>’; did you forget to ‘#include <ostream>’?
      +++ |+#include <ostream>
        1 | #idnclude <bits/stdc++.h>
    ');' to database
[I 191007 20:23:27 main:57] ______________________END_____________________________
[I 191007 20:23:27 main:41] _____________________START____________________________
[I 191007 20:23:27 main:42] Searching solution_id: 8
[I 191007 20:23:27 Judger:70] COMPILING CODE: /home/isc-/Desktop/CS309_OOAD_online_judge/userCodes/Main.cpp
[I 191007 20:23:27 Judger:44] COMPILE COMMAND: g++ /home/isc-/Desktop/CS309_OOAD_online_judge/userCodes/Main.cpp -o /home/isc-/Desktop/CS309_OOAD_online_judge/userCodes/Main
[D 191007 20:23:29 main:55] Searching end with the result '{'time': 0, 'memory': 0, 'result': 11, 'error': '/home/isc-/Desktop/CS309_OOAD_online_judge/userCodes/Main.cpp: 在函数‘int main()’中:\n/home/isc-/Desktop/CS309_OOAD_online_judge/userCodes/Main.cpp:5:2: 错误：‘cin’ was not declared in this scope; did you mean ‘std::cin’?\n    5 |  cin >> a;\n      |  ^~~\n      |  std::cin\nIn file included from /usr/include/c++/9.1.0/x86_64-pc-linux-gnu/bits/stdc++.h:75,\n                 from /home/isc-/Desktop/CS309_OOAD_online_judge/userCodes/Main.cpp:1:\n/usr/include/c++/9.1.0/iostream:60:18: 附注：‘std::cin’ declared here\n   60 |   extern istream cin;  /// Linked to standard input\n      |                  ^~~\n/home/isc-/Desktop/CS309_OOAD_online_judge/userCodes/Main.cpp:7:3: 错误：‘cout’ was not declared in this scope; did you mean ‘std::cout’?\n    7 |   cout << i << endl;\n      |   ^~~~\n      |   std::cout\nIn file included from /usr/include/c++/9.1.0/x86_64-pc-linux-gnu/bits/stdc++.h:75,\n                 from /home/isc-/Desktop/CS309_OOAD_online_judge/userCodes/Main.cpp:1:\n/usr/include/c++/9.1.0/iostream:61:18: 附注：‘std::cout’ declared here\n   61 |   extern ostream cout;  /// Linked to standard output\n      |                  ^~~~\n/home/isc-/Desktop/CS309_OOAD_online_judge/userCodes/Main.cpp:7:16: 错误：‘endl’ was not declared in this scope; did you mean ‘std::endl’?\n    7 |   cout << i << endl;\n      |                ^~~~\n      |                std::endl\nIn file included from /usr/include/c++/9.1.0/istream:39,\n                 from /usr/include/c++/9.1.0/sstream:38,\n                 from /usr/include/c++/9.1.0/complex:45,\n                 from /usr/include/c++/9.1.0/ccomplex:39,\n                 from /usr/include/c++/9.1.0/x86_64-pc-linux-gnu/bits/stdc++.h:54,\n                 from /home/isc-/Desktop/CS309_OOAD_online_judge/userCodes/Main.cpp:1:\n/usr/include/c++/9.1.0/ostream:599:5: 附注：‘std::endl’ declared here\n  599 |     endl(basic_ostream<_CharT, _Traits>& __os)\n      |     ^~~~\n'}'
[E 191007 20:23:29 DB:68] Fail to execute command 'insert into errorinfo (solution_id, error) values (8, '/home/isc-/Desktop/CS309_OOAD_online_judge/userCodes/Main.cpp: 在函数‘int main()’中:
    /home/isc-/Desktop/CS309_OOAD_online_judge/userCodes/Main.cpp:5:2: 错误：‘cin’ was not declared in this scope; did you mean ‘std::cin’?
        5 |  cin >> a;
          |  ^~~
          |  std::cin
    In file included from /usr/include/c++/9.1.0/x86_64-pc-linux-gnu/bits/stdc++.h:75,
                     from /home/isc-/Desktop/CS309_OOAD_online_judge/userCodes/Main.cpp:1:
    /usr/include/c++/9.1.0/iostream:60:18: 附注：‘std::cin’ declared here
       60 |   extern istream cin;  /// Linked to standard input
          |                  ^~~
    /home/isc-/Desktop/CS309_OOAD_online_judge/userCodes/Main.cpp:7:3: 错误：‘cout’ was not declared in this scope; did you mean ‘std::cout’?
        7 |   cout << i << endl;
          |   ^~~~
          |   std::cout
    In file included from /usr/include/c++/9.1.0/x86_64-pc-linux-gnu/bits/stdc++.h:75,
                     from /home/isc-/Desktop/CS309_OOAD_online_judge/userCodes/Main.cpp:1:
    /usr/include/c++/9.1.0/iostream:61:18: 附注：‘std::cout’ declared here
       61 |   extern ostream cout;  /// Linked to standard output
          |                  ^~~~
    /home/isc-/Desktop/CS309_OOAD_online_judge/userCodes/Main.cpp:7:16: 错误：‘endl’ was not declared in this scope; did you mean ‘std::endl’?
        7 |   cout << i << endl;
          |                ^~~~
          |                std::endl
    In file included from /usr/include/c++/9.1.0/istream:39,
                     from /usr/include/c++/9.1.0/sstream:38,
                     from /usr/include/c++/9.1.0/complex:45,
                     from /usr/include/c++/9.1.0/ccomplex:39,
                     from /usr/include/c++/9.1.0/x86_64-pc-linux-gnu/bits/stdc++.h:54,
                     from /home/isc-/Desktop/CS309_OOAD_online_judge/userCodes/Main.cpp:1:
    /usr/include/c++/9.1.0/ostream:599:5: 附注：‘std::endl’ declared here
      599 |     endl(basic_ostream<_CharT, _Traits>& __os)
          |     ^~~~
    ');' to database
[I 191007 20:23:29 main:57] ______________________END_____________________________
[I 191007 20:23:29 main:41] _____________________START____________________________
[I 191007 20:23:29 main:42] Searching solution_id: 9
[I 191007 20:23:29 Judger:70] COMPILING CODE: /home/isc-/Desktop/CS309_OOAD_online_judge/userCodes/Main.java
[I 191007 20:23:29 Judger:61] COMPILING COMMAND: javac /home/isc-/Desktop/CS309_OOAD_online_judge/userCodes/Main.java
[I 191007 20:23:31 Judger:125] RUNNING CODE: /home/isc-/Desktop/CS309_OOAD_online_judge/userCodes/Main 2.in
[I 191007 20:23:31 Judger:99] RUNNING COMMAND: java -cp /home/isc-/Desktop/CS309_OOAD_online_judge/userCodes// Main < /home/isc-/Desktop/CS309_OOAD_online_judge/data/1001/2.in > /home/isc-/Desktop/CS309_OOAD_online_judge/userCodes/2.out
[D 191007 20:23:31 Judger:103] docker run -u 1000:1000 --name 4752394081155307052 -v /home/isc-/Desktop/CS309_OOAD_online_judge/JudgeServer/JudgeServer/Running_Code.py:/home/isc-/Desktop/CS309_OOAD_online_judge/JudgeServer/JudgeServer/Running_Code.py -v /home/isc-/Desktop/CS309_OOAD_online_judge/userCodes/:/home/isc-/Desktop/CS309_OOAD_online_judge/userCodes/ -v /home/isc-/Desktop/CS309_OOAD_online_judge/data/1001/2.in:/home/isc-/Desktop/CS309_OOAD_online_judge/data/1001/2.in judge:v2 python3 /home/isc-/Desktop/CS309_OOAD_online_judge/JudgeServer/JudgeServer/Running_Code.py 'java -cp /home/isc-/Desktop/CS309_OOAD_online_judge/userCodes// Main < /home/isc-/Desktop/CS309_OOAD_online_judge/data/1001/2.in > /home/isc-/Desktop/CS309_OOAD_online_judge/userCodes/2.out' 3 671088640 '/home/isc-/Desktop/CS309_OOAD_online_judge/userCodes/' 2> /home/isc-/Desktop/CS309_OOAD_online_judge/userCodes/runtime_result.log
[D 191007 20:23:31 Judger:132] NOT EXISTS DOCKER_RESULT_LOG
[D 191007 20:23:32 Judger:132] NOT EXISTS DOCKER_RESULT_LOG
[D 191007 20:23:33 Judger:139] {'MLE': False, 'TLE': False, 'memory': 262144, 'error': 'Error: A JNI error has occurred, please check your installation and try again\nException in thread "main" java.lang.UnsupportedClassVersionError: Main has been compiled by a more recent version of the Java Runtime (class file version 55.0), this version of the Java Runtime only recognizes class file versions up to 52.0\n\tat java.lang.ClassLoader.defineClass1(Native Method)\n\tat java.lang.ClassLoader.defineClass(ClassLoader.java:763)\n\tat java.security.SecureClassLoader.defineClass(SecureClassLoader.java:142)\n\tat java.net.URLClassLoader.defineClass(URLClassLoader.java:468)\n\tat java.net.URLClassLoader.access$100(URLClassLoader.java:74)\n\tat java.net.URLClassLoader$1.run(URLClassLoader.java:369)\n\tat java.net.URLClassLoader$1.run(URLClassLoader.java:363)\n\tat java.security.AccessController.doPrivileged(Native Method)\n\tat java.net.URLClassLoader.findClass(URLClassLoader.java:362)\n\tat java.lang.ClassLoader.loadClass(ClassLoader.java:424)\n\tat sun.misc.Launcher$AppClassLoader.loadClass(Launcher.java:349)\n\tat java.lang.ClassLoader.loadClass(ClassLoader.java:357)\n\tat sun.launcher.LauncherHelper.checkAndLoadMain(LauncherHelper.java:495)\n', 'time': 0.3787078857421875}
[D 191007 20:23:33 Judger:167] {'time': 0.3787078857421875, 'error': 'Error: A JNI error has occurred, please check your installation and try again\nException in thread "main" java.lang.UnsupportedClassVersionError: Main has been compiled by a more recent version of the Java Runtime (class file version 55.0), this version of the Java Runtime only recognizes class file versions up to 52.0\n\tat java.lang.ClassLoader.defineClass1(Native Method)\n\tat java.lang.ClassLoader.defineClass(ClassLoader.java:763)\n\tat java.security.SecureClassLoader.defineClass(SecureClassLoader.java:142)\n\tat java.net.URLClassLoader.defineClass(URLClassLoader.java:468)\n\tat java.net.URLClassLoader.access$100(URLClassLoader.java:74)\n\tat java.net.URLClassLoader$1.run(URLClassLoader.java:369)\n\tat java.net.URLClassLoader$1.run(URLClassLoader.java:363)\n\tat java.security.AccessController.doPrivileged(Native Method)\n\tat java.net.URLClassLoader.findClass(URLClassLoader.java:362)\n\tat java.lang.ClassLoader.loadClass(ClassLoader.java:424)\n\tat sun.misc.Launcher$AppClassLoader.loadClass(Launcher.java:349)\n\tat java.lang.ClassLoader.loadClass(ClassLoader.java:357)\n\tat sun.launcher.LauncherHelper.checkAndLoadMain(LauncherHelper.java:495)\n', 'TLE': False, 'MLE': False, 'memory': 262144}
[D 191007 20:23:33 main:55] Searching end with the result '{'time': 0.3787078857421875, 'memory': 262144, 'result': 10, 'error': 'Error: A JNI error has occurred, please check your installation and try again\nException in thread "main" java.lang.UnsupportedClassVersionError: Main has been compiled by a more recent version of the Java Runtime (class file version 55.0), this version of the Java Runtime only recognizes class file versions up to 52.0\n\tat java.lang.ClassLoader.defineClass1(Native Method)\n\tat java.lang.ClassLoader.defineClass(ClassLoader.java:763)\n\tat java.security.SecureClassLoader.defineClass(SecureClassLoader.java:142)\n\tat java.net.URLClassLoader.defineClass(URLClassLoader.java:468)\n\tat java.net.URLClassLoader.access$100(URLClassLoader.java:74)\n\tat java.net.URLClassLoader$1.run(URLClassLoader.java:369)\n\tat java.net.URLClassLoader$1.run(URLClassLoader.java:363)\n\tat java.security.AccessController.doPrivileged(Native Method)\n\tat java.net.URLClassLoader.findClass(URLClassLoader.java:362)\n\tat java.lang.ClassLoader.loadClass(ClassLoader.java:424)\n\tat sun.misc.Launcher$AppClassLoader.loadClass(Launcher.java:349)\n\tat java.lang.ClassLoader.loadClass(ClassLoader.java:357)\n\tat sun.launcher.LauncherHelper.checkAndLoadMain(LauncherHelper.java:495)\n'}'
[E 191007 20:23:33 DB:68] Fail to execute command 'insert into errorinfo (solution_id, error) values (9, 'Error: A JNI error has occurred, please check your installation and try again
    Exception in thread "main" java.lang.UnsupportedClassVersionError: Main has been compiled by a more recent version of the Java Runtime (class file version 55.0), this version of the Java Runtime only recognizes class file versions up to 52.0
    	at java.lang.ClassLoader.defineClass1(Native Method)
    	at java.lang.ClassLoader.defineClass(ClassLoader.java:763)
    	at java.security.SecureClassLoader.defineClass(SecureClassLoader.java:142)
    	at java.net.URLClassLoader.defineClass(URLClassLoader.java:468)
    	at java.net.URLClassLoader.access$100(URLClassLoader.java:74)
    	at java.net.URLClassLoader$1.run(URLClassLoader.java:369)
    	at java.net.URLClassLoader$1.run(URLClassLoader.java:363)
    	at java.security.AccessController.doPrivileged(Native Method)
    	at java.net.URLClassLoader.findClass(URLClassLoader.java:362)
    	at java.lang.ClassLoader.loadClass(ClassLoader.java:424)
    	at sun.misc.Launcher$AppClassLoader.loadClass(Launcher.java:349)
    	at java.lang.ClassLoader.loadClass(ClassLoader.java:357)
    	at sun.launcher.LauncherHelper.checkAndLoadMain(LauncherHelper.java:495)
    ');' to database
[I 191007 20:23:33 main:57] ______________________END_____________________________
[I 191007 20:23:34 main:41] _____________________START____________________________
[I 191007 20:23:34 main:42] Searching solution_id: 10
[I 191007 20:23:34 Judger:70] COMPILING CODE: /home/isc-/Desktop/CS309_OOAD_online_judge/userCodes/Main.java
[I 191007 20:23:34 Judger:61] COMPILING COMMAND: javac /home/isc-/Desktop/CS309_OOAD_online_judge/userCodes/Main.java
[I 191007 20:23:35 Judger:125] RUNNING CODE: /home/isc-/Desktop/CS309_OOAD_online_judge/userCodes/Main 2.in
[I 191007 20:23:35 Judger:99] RUNNING COMMAND: java -cp /home/isc-/Desktop/CS309_OOAD_online_judge/userCodes// Main < /home/isc-/Desktop/CS309_OOAD_online_judge/data/1001/2.in > /home/isc-/Desktop/CS309_OOAD_online_judge/userCodes/2.out
[D 191007 20:23:35 Judger:103] docker run -u 1000:1000 --name 7471156057911711374 -v /home/isc-/Desktop/CS309_OOAD_online_judge/JudgeServer/JudgeServer/Running_Code.py:/home/isc-/Desktop/CS309_OOAD_online_judge/JudgeServer/JudgeServer/Running_Code.py -v /home/isc-/Desktop/CS309_OOAD_online_judge/userCodes/:/home/isc-/Desktop/CS309_OOAD_online_judge/userCodes/ -v /home/isc-/Desktop/CS309_OOAD_online_judge/data/1001/2.in:/home/isc-/Desktop/CS309_OOAD_online_judge/data/1001/2.in judge:v2 python3 /home/isc-/Desktop/CS309_OOAD_online_judge/JudgeServer/JudgeServer/Running_Code.py 'java -cp /home/isc-/Desktop/CS309_OOAD_online_judge/userCodes// Main < /home/isc-/Desktop/CS309_OOAD_online_judge/data/1001/2.in > /home/isc-/Desktop/CS309_OOAD_online_judge/userCodes/2.out' 3 671088640 '/home/isc-/Desktop/CS309_OOAD_online_judge/userCodes/' 2> /home/isc-/Desktop/CS309_OOAD_online_judge/userCodes/runtime_result.log
[D 191007 20:23:35 Judger:132] NOT EXISTS DOCKER_RESULT_LOG
[D 191007 20:23:36 Judger:139] {'error': 'Error: A JNI error has occurred, please check your installation and try again\nException in thread "main" java.lang.UnsupportedClassVersionError: Main has been compiled by a more recent version of the Java Runtime (class file version 55.0), this version of the Java Runtime only recognizes class file versions up to 52.0\n\tat java.lang.ClassLoader.defineClass1(Native Method)\n\tat java.lang.ClassLoader.defineClass(ClassLoader.java:763)\n\tat java.security.SecureClassLoader.defineClass(SecureClassLoader.java:142)\n\tat java.net.URLClassLoader.defineClass(URLClassLoader.java:468)\n\tat java.net.URLClassLoader.access$100(URLClassLoader.java:74)\n\tat java.net.URLClassLoader$1.run(URLClassLoader.java:369)\n\tat java.net.URLClassLoader$1.run(URLClassLoader.java:363)\n\tat java.security.AccessController.doPrivileged(Native Method)\n\tat java.net.URLClassLoader.findClass(URLClassLoader.java:362)\n\tat java.lang.ClassLoader.loadClass(ClassLoader.java:424)\n\tat sun.misc.Launcher$AppClassLoader.loadClass(Launcher.java:349)\n\tat java.lang.ClassLoader.loadClass(ClassLoader.java:357)\n\tat sun.launcher.LauncherHelper.checkAndLoadMain(LauncherHelper.java:495)\n', 'memory': 45056, 'TLE': False, 'time': 0.08280158042907715, 'MLE': False}
[D 191007 20:23:36 Judger:167] {'time': 0.08280158042907715, 'error': 'Error: A JNI error has occurred, please check your installation and try again\nException in thread "main" java.lang.UnsupportedClassVersionError: Main has been compiled by a more recent version of the Java Runtime (class file version 55.0), this version of the Java Runtime only recognizes class file versions up to 52.0\n\tat java.lang.ClassLoader.defineClass1(Native Method)\n\tat java.lang.ClassLoader.defineClass(ClassLoader.java:763)\n\tat java.security.SecureClassLoader.defineClass(SecureClassLoader.java:142)\n\tat java.net.URLClassLoader.defineClass(URLClassLoader.java:468)\n\tat java.net.URLClassLoader.access$100(URLClassLoader.java:74)\n\tat java.net.URLClassLoader$1.run(URLClassLoader.java:369)\n\tat java.net.URLClassLoader$1.run(URLClassLoader.java:363)\n\tat java.security.AccessController.doPrivileged(Native Method)\n\tat java.net.URLClassLoader.findClass(URLClassLoader.java:362)\n\tat java.lang.ClassLoader.loadClass(ClassLoader.java:424)\n\tat sun.misc.Launcher$AppClassLoader.loadClass(Launcher.java:349)\n\tat java.lang.ClassLoader.loadClass(ClassLoader.java:357)\n\tat sun.launcher.LauncherHelper.checkAndLoadMain(LauncherHelper.java:495)\n', 'TLE': False, 'MLE': False, 'memory': 45056}
[D 191007 20:23:36 main:55] Searching end with the result '{'time': 0.08280158042907715, 'memory': 45056, 'result': 10, 'error': 'Error: A JNI error has occurred, please check your installation and try again\nException in thread "main" java.lang.UnsupportedClassVersionError: Main has been compiled by a more recent version of the Java Runtime (class file version 55.0), this version of the Java Runtime only recognizes class file versions up to 52.0\n\tat java.lang.ClassLoader.defineClass1(Native Method)\n\tat java.lang.ClassLoader.defineClass(ClassLoader.java:763)\n\tat java.security.SecureClassLoader.defineClass(SecureClassLoader.java:142)\n\tat java.net.URLClassLoader.defineClass(URLClassLoader.java:468)\n\tat java.net.URLClassLoader.access$100(URLClassLoader.java:74)\n\tat java.net.URLClassLoader$1.run(URLClassLoader.java:369)\n\tat java.net.URLClassLoader$1.run(URLClassLoader.java:363)\n\tat java.security.AccessController.doPrivileged(Native Method)\n\tat java.net.URLClassLoader.findClass(URLClassLoader.java:362)\n\tat java.lang.ClassLoader.loadClass(ClassLoader.java:424)\n\tat sun.misc.Launcher$AppClassLoader.loadClass(Launcher.java:349)\n\tat java.lang.ClassLoader.loadClass(ClassLoader.java:357)\n\tat sun.launcher.LauncherHelper.checkAndLoadMain(LauncherHelper.java:495)\n'}'
[E 191007 20:23:36 DB:68] Fail to execute command 'insert into errorinfo (solution_id, error) values (10, 'Error: A JNI error has occurred, please check your installation and try again
    Exception in thread "main" java.lang.UnsupportedClassVersionError: Main has been compiled by a more recent version of the Java Runtime (class file version 55.0), this version of the Java Runtime only recognizes class file versions up to 52.0
    	at java.lang.ClassLoader.defineClass1(Native Method)
    	at java.lang.ClassLoader.defineClass(ClassLoader.java:763)
    	at java.security.SecureClassLoader.defineClass(SecureClassLoader.java:142)
    	at java.net.URLClassLoader.defineClass(URLClassLoader.java:468)
    	at java.net.URLClassLoader.access$100(URLClassLoader.java:74)
    	at java.net.URLClassLoader$1.run(URLClassLoader.java:369)
    	at java.net.URLClassLoader$1.run(URLClassLoader.java:363)
    	at java.security.AccessController.doPrivileged(Native Method)
    	at java.net.URLClassLoader.findClass(URLClassLoader.java:362)
    	at java.lang.ClassLoader.loadClass(ClassLoader.java:424)
    	at sun.misc.Launcher$AppClassLoader.loadClass(Launcher.java:349)
    	at java.lang.ClassLoader.loadClass(ClassLoader.java:357)
    	at sun.launcher.LauncherHelper.checkAndLoadMain(LauncherHelper.java:495)
    ');' to database
[I 191007 20:23:36 main:57] ______________________END_____________________________
[I 191007 20:23:36 main:41] _____________________START____________________________
[I 191007 20:23:36 main:42] Searching solution_id: 11
[I 191007 20:23:36 Judger:70] COMPILING CODE: /home/isc-/Desktop/CS309_OOAD_online_judge/userCodes/Main.java
[I 191007 20:23:36 Judger:61] COMPILING COMMAND: javac /home/isc-/Desktop/CS309_OOAD_online_judge/userCodes/Main.java
[I 191007 20:23:37 Judger:64] Compile error
[D 191007 20:23:38 main:55] Searching end with the result '{'time': 0, 'memory': 0, 'result': 11, 'error': ''}'
[I 191007 20:23:38 main:57] ______________________END_____________________________
[I 191007 20:23:38 main:41] _____________________START____________________________
[I 191007 20:23:38 main:42] Searching solution_id: 12
[I 191007 20:23:38 Judger:70] COMPILING CODE: /home/isc-/Desktop/CS309_OOAD_online_judge/userCodes/Main.java
[I 191007 20:23:38 Judger:61] COMPILING COMMAND: javac /home/isc-/Desktop/CS309_OOAD_online_judge/userCodes/Main.java
[I 191007 20:23:39 Judger:125] RUNNING CODE: /home/isc-/Desktop/CS309_OOAD_online_judge/userCodes/Main 2.in
[I 191007 20:23:39 Judger:99] RUNNING COMMAND: java -cp /home/isc-/Desktop/CS309_OOAD_online_judge/userCodes// Main < /home/isc-/Desktop/CS309_OOAD_online_judge/data/1001/2.in > /home/isc-/Desktop/CS309_OOAD_online_judge/userCodes/2.out
[D 191007 20:23:39 Judger:103] docker run -u 1000:1000 --name 7478146712621856195 -v /home/isc-/Desktop/CS309_OOAD_online_judge/JudgeServer/JudgeServer/Running_Code.py:/home/isc-/Desktop/CS309_OOAD_online_judge/JudgeServer/JudgeServer/Running_Code.py -v /home/isc-/Desktop/CS309_OOAD_online_judge/userCodes/:/home/isc-/Desktop/CS309_OOAD_online_judge/userCodes/ -v /home/isc-/Desktop/CS309_OOAD_online_judge/data/1001/2.in:/home/isc-/Desktop/CS309_OOAD_online_judge/data/1001/2.in judge:v2 python3 /home/isc-/Desktop/CS309_OOAD_online_judge/JudgeServer/JudgeServer/Running_Code.py 'java -cp /home/isc-/Desktop/CS309_OOAD_online_judge/userCodes// Main < /home/isc-/Desktop/CS309_OOAD_online_judge/data/1001/2.in > /home/isc-/Desktop/CS309_OOAD_online_judge/userCodes/2.out' 3 671088640 '/home/isc-/Desktop/CS309_OOAD_online_judge/userCodes/' 2> /home/isc-/Desktop/CS309_OOAD_online_judge/userCodes/runtime_result.log
[D 191007 20:23:39 Judger:132] NOT EXISTS DOCKER_RESULT_LOG
[D 191007 20:23:40 Judger:139] {'MLE': False, 'memory': 45056, 'error': 'Error: A JNI error has occurred, please check your installation and try again\nException in thread "main" java.lang.UnsupportedClassVersionError: Main has been compiled by a more recent version of the Java Runtime (class file version 55.0), this version of the Java Runtime only recognizes class file versions up to 52.0\n\tat java.lang.ClassLoader.defineClass1(Native Method)\n\tat java.lang.ClassLoader.defineClass(ClassLoader.java:763)\n\tat java.security.SecureClassLoader.defineClass(SecureClassLoader.java:142)\n\tat java.net.URLClassLoader.defineClass(URLClassLoader.java:468)\n\tat java.net.URLClassLoader.access$100(URLClassLoader.java:74)\n\tat java.net.URLClassLoader$1.run(URLClassLoader.java:369)\n\tat java.net.URLClassLoader$1.run(URLClassLoader.java:363)\n\tat java.security.AccessController.doPrivileged(Native Method)\n\tat java.net.URLClassLoader.findClass(URLClassLoader.java:362)\n\tat java.lang.ClassLoader.loadClass(ClassLoader.java:424)\n\tat sun.misc.Launcher$AppClassLoader.loadClass(Launcher.java:349)\n\tat java.lang.ClassLoader.loadClass(ClassLoader.java:357)\n\tat sun.launcher.LauncherHelper.checkAndLoadMain(LauncherHelper.java:495)\n', 'time': 0.06503653526306152, 'TLE': False}
[D 191007 20:23:40 Judger:167] {'time': 0.06503653526306152, 'error': 'Error: A JNI error has occurred, please check your installation and try again\nException in thread "main" java.lang.UnsupportedClassVersionError: Main has been compiled by a more recent version of the Java Runtime (class file version 55.0), this version of the Java Runtime only recognizes class file versions up to 52.0\n\tat java.lang.ClassLoader.defineClass1(Native Method)\n\tat java.lang.ClassLoader.defineClass(ClassLoader.java:763)\n\tat java.security.SecureClassLoader.defineClass(SecureClassLoader.java:142)\n\tat java.net.URLClassLoader.defineClass(URLClassLoader.java:468)\n\tat java.net.URLClassLoader.access$100(URLClassLoader.java:74)\n\tat java.net.URLClassLoader$1.run(URLClassLoader.java:369)\n\tat java.net.URLClassLoader$1.run(URLClassLoader.java:363)\n\tat java.security.AccessController.doPrivileged(Native Method)\n\tat java.net.URLClassLoader.findClass(URLClassLoader.java:362)\n\tat java.lang.ClassLoader.loadClass(ClassLoader.java:424)\n\tat sun.misc.Launcher$AppClassLoader.loadClass(Launcher.java:349)\n\tat java.lang.ClassLoader.loadClass(ClassLoader.java:357)\n\tat sun.launcher.LauncherHelper.checkAndLoadMain(LauncherHelper.java:495)\n', 'TLE': False, 'MLE': False, 'memory': 45056}
[D 191007 20:23:40 main:55] Searching end with the result '{'time': 0.06503653526306152, 'memory': 45056, 'result': 10, 'error': 'Error: A JNI error has occurred, please check your installation and try again\nException in thread "main" java.lang.UnsupportedClassVersionError: Main has been compiled by a more recent version of the Java Runtime (class file version 55.0), this version of the Java Runtime only recognizes class file versions up to 52.0\n\tat java.lang.ClassLoader.defineClass1(Native Method)\n\tat java.lang.ClassLoader.defineClass(ClassLoader.java:763)\n\tat java.security.SecureClassLoader.defineClass(SecureClassLoader.java:142)\n\tat java.net.URLClassLoader.defineClass(URLClassLoader.java:468)\n\tat java.net.URLClassLoader.access$100(URLClassLoader.java:74)\n\tat java.net.URLClassLoader$1.run(URLClassLoader.java:369)\n\tat java.net.URLClassLoader$1.run(URLClassLoader.java:363)\n\tat java.security.AccessController.doPrivileged(Native Method)\n\tat java.net.URLClassLoader.findClass(URLClassLoader.java:362)\n\tat java.lang.ClassLoader.loadClass(ClassLoader.java:424)\n\tat sun.misc.Launcher$AppClassLoader.loadClass(Launcher.java:349)\n\tat java.lang.ClassLoader.loadClass(ClassLoader.java:357)\n\tat sun.launcher.LauncherHelper.checkAndLoadMain(LauncherHelper.java:495)\n'}'
[E 191007 20:23:40 DB:68] Fail to execute command 'insert into errorinfo (solution_id, error) values (12, 'Error: A JNI error has occurred, please check your installation and try again
    Exception in thread "main" java.lang.UnsupportedClassVersionError: Main has been compiled by a more recent version of the Java Runtime (class file version 55.0), this version of the Java Runtime only recognizes class file versions up to 52.0
    	at java.lang.ClassLoader.defineClass1(Native Method)
    	at java.lang.ClassLoader.defineClass(ClassLoader.java:763)
    	at java.security.SecureClassLoader.defineClass(SecureClassLoader.java:142)
    	at java.net.URLClassLoader.defineClass(URLClassLoader.java:468)
    	at java.net.URLClassLoader.access$100(URLClassLoader.java:74)
    	at java.net.URLClassLoader$1.run(URLClassLoader.java:369)
    	at java.net.URLClassLoader$1.run(URLClassLoader.java:363)
    	at java.security.AccessController.doPrivileged(Native Method)
    	at java.net.URLClassLoader.findClass(URLClassLoader.java:362)
    	at java.lang.ClassLoader.loadClass(ClassLoader.java:424)
    	at sun.misc.Launcher$AppClassLoader.loadClass(Launcher.java:349)
    	at java.lang.ClassLoader.loadClass(ClassLoader.java:357)
    	at sun.launcher.LauncherHelper.checkAndLoadMain(LauncherHelper.java:495)
    ');' to database
[I 191007 20:23:40 main:57] ______________________END_____________________________
[I 191007 20:23:40 main:41] _____________________START____________________________
[I 191007 20:23:40 main:42] Searching solution_id: 14
[I 191007 20:23:40 Judger:70] COMPILING CODE: /home/isc-/Desktop/CS309_OOAD_online_judge/userCodes/Main.py
[I 191007 20:23:40 Judger:125] RUNNING CODE: /home/isc-/Desktop/CS309_OOAD_online_judge/userCodes/Main 2.in
[I 191007 20:23:40 Judger:99] RUNNING COMMAND: python2 /home/isc-/Desktop/CS309_OOAD_online_judge/userCodes/Main.py < /home/isc-/Desktop/CS309_OOAD_online_judge/data/1001/2.in > /home/isc-/Desktop/CS309_OOAD_online_judge/userCodes/2.out
[D 191007 20:23:40 Judger:103] docker run -u 1000:1000 --name 8391126763548453426 -v /home/isc-/Desktop/CS309_OOAD_online_judge/JudgeServer/JudgeServer/Running_Code.py:/home/isc-/Desktop/CS309_OOAD_online_judge/JudgeServer/JudgeServer/Running_Code.py -v /home/isc-/Desktop/CS309_OOAD_online_judge/userCodes/:/home/isc-/Desktop/CS309_OOAD_online_judge/userCodes/ -v /home/isc-/Desktop/CS309_OOAD_online_judge/data/1001/2.in:/home/isc-/Desktop/CS309_OOAD_online_judge/data/1001/2.in judge:v2 python3 /home/isc-/Desktop/CS309_OOAD_online_judge/JudgeServer/JudgeServer/Running_Code.py 'python2 /home/isc-/Desktop/CS309_OOAD_online_judge/userCodes/Main.py < /home/isc-/Desktop/CS309_OOAD_online_judge/data/1001/2.in > /home/isc-/Desktop/CS309_OOAD_online_judge/userCodes/2.out' 1 134217728 '/home/isc-/Desktop/CS309_OOAD_online_judge/userCodes/' 2> /home/isc-/Desktop/CS309_OOAD_online_judge/userCodes/runtime_result.log
[D 191007 20:23:40 Judger:132] NOT EXISTS DOCKER_RESULT_LOG
[D 191007 20:23:41 Judger:139] {'error': '', 'TLE': False, 'memory': 40960, 'MLE': False, 'time': 0.03303885459899902}
[I 191007 20:23:42 Judger:125] RUNNING CODE: /home/isc-/Desktop/CS309_OOAD_online_judge/userCodes/Main 1.in
[I 191007 20:23:42 Judger:99] RUNNING COMMAND: python2 /home/isc-/Desktop/CS309_OOAD_online_judge/userCodes/Main.py < /home/isc-/Desktop/CS309_OOAD_online_judge/data/1001/1.in > /home/isc-/Desktop/CS309_OOAD_online_judge/userCodes/1.out
[D 191007 20:23:42 Judger:103] docker run -u 1000:1000 --name 1979812579858184454 -v /home/isc-/Desktop/CS309_OOAD_online_judge/JudgeServer/JudgeServer/Running_Code.py:/home/isc-/Desktop/CS309_OOAD_online_judge/JudgeServer/JudgeServer/Running_Code.py -v /home/isc-/Desktop/CS309_OOAD_online_judge/userCodes/:/home/isc-/Desktop/CS309_OOAD_online_judge/userCodes/ -v /home/isc-/Desktop/CS309_OOAD_online_judge/data/1001/1.in:/home/isc-/Desktop/CS309_OOAD_online_judge/data/1001/1.in judge:v2 python3 /home/isc-/Desktop/CS309_OOAD_online_judge/JudgeServer/JudgeServer/Running_Code.py 'python2 /home/isc-/Desktop/CS309_OOAD_online_judge/userCodes/Main.py < /home/isc-/Desktop/CS309_OOAD_online_judge/data/1001/1.in > /home/isc-/Desktop/CS309_OOAD_online_judge/userCodes/1.out' 1 134217728 '/home/isc-/Desktop/CS309_OOAD_online_judge/userCodes/' 2> /home/isc-/Desktop/CS309_OOAD_online_judge/userCodes/runtime_result.log
[D 191007 20:23:42 Judger:139] {'error': '', 'TLE': False, 'memory': 40960, 'MLE': False, 'time': 0.03303885459899902}
[D 191007 20:23:43 Judger:167] {'time': 0.06607770919799805, 'error': '', 'TLE': False, 'MLE': False, 'memory': 81920}
[D 191007 20:23:43 main:55] Searching end with the result '{'time': 0.06607770919799805, 'memory': 81920, 'result': 6, 'error': ''}'
[I 191007 20:23:43 main:57] ______________________END_____________________________
[I 191007 20:23:43 main:41] _____________________START____________________________
[I 191007 20:23:43 main:42] Searching solution_id: 18
[I 191007 20:23:43 Judger:70] COMPILING CODE: /home/isc-/Desktop/CS309_OOAD_online_judge/userCodes/Main.py
[I 191007 20:23:43 Judger:125] RUNNING CODE: /home/isc-/Desktop/CS309_OOAD_online_judge/userCodes/Main 2.in
[I 191007 20:23:43 Judger:99] RUNNING COMMAND: python /home/isc-/Desktop/CS309_OOAD_online_judge/userCodes/Main.py < /home/isc-/Desktop/CS309_OOAD_online_judge/data/1001/2.in > /home/isc-/Desktop/CS309_OOAD_online_judge/userCodes/2.out
[D 191007 20:23:43 Judger:103] docker run -u 1000:1000 --name 6226025214118781690 -v /home/isc-/Desktop/CS309_OOAD_online_judge/JudgeServer/JudgeServer/Running_Code.py:/home/isc-/Desktop/CS309_OOAD_online_judge/JudgeServer/JudgeServer/Running_Code.py -v /home/isc-/Desktop/CS309_OOAD_online_judge/userCodes/:/home/isc-/Desktop/CS309_OOAD_online_judge/userCodes/ -v /home/isc-/Desktop/CS309_OOAD_online_judge/data/1001/2.in:/home/isc-/Desktop/CS309_OOAD_online_judge/data/1001/2.in judge:v2 python3 /home/isc-/Desktop/CS309_OOAD_online_judge/JudgeServer/JudgeServer/Running_Code.py 'python /home/isc-/Desktop/CS309_OOAD_online_judge/userCodes/Main.py < /home/isc-/Desktop/CS309_OOAD_online_judge/data/1001/2.in > /home/isc-/Desktop/CS309_OOAD_online_judge/userCodes/2.out' 1 134217728 '/home/isc-/Desktop/CS309_OOAD_online_judge/userCodes/' 2> /home/isc-/Desktop/CS309_OOAD_online_judge/userCodes/runtime_result.log
[D 191007 20:23:43 Judger:132] NOT EXISTS DOCKER_RESULT_LOG
[D 191007 20:23:44 Judger:139] {'TLE': False, 'time': 0.02837538719177246, 'error': '', 'memory': 40960, 'MLE': False}
[I 191007 20:23:44 Judger:125] RUNNING CODE: /home/isc-/Desktop/CS309_OOAD_online_judge/userCodes/Main 1.in
[I 191007 20:23:44 Judger:99] RUNNING COMMAND: python /home/isc-/Desktop/CS309_OOAD_online_judge/userCodes/Main.py < /home/isc-/Desktop/CS309_OOAD_online_judge/data/1001/1.in > /home/isc-/Desktop/CS309_OOAD_online_judge/userCodes/1.out
[D 191007 20:23:44 Judger:103] docker run -u 1000:1000 --name 6336838018257724408 -v /home/isc-/Desktop/CS309_OOAD_online_judge/JudgeServer/JudgeServer/Running_Code.py:/home/isc-/Desktop/CS309_OOAD_online_judge/JudgeServer/JudgeServer/Running_Code.py -v /home/isc-/Desktop/CS309_OOAD_online_judge/userCodes/:/home/isc-/Desktop/CS309_OOAD_online_judge/userCodes/ -v /home/isc-/Desktop/CS309_OOAD_online_judge/data/1001/1.in:/home/isc-/Desktop/CS309_OOAD_online_judge/data/1001/1.in judge:v2 python3 /home/isc-/Desktop/CS309_OOAD_online_judge/JudgeServer/JudgeServer/Running_Code.py 'python /home/isc-/Desktop/CS309_OOAD_online_judge/userCodes/Main.py < /home/isc-/Desktop/CS309_OOAD_online_judge/data/1001/1.in > /home/isc-/Desktop/CS309_OOAD_online_judge/userCodes/1.out' 1 134217728 '/home/isc-/Desktop/CS309_OOAD_online_judge/userCodes/' 2> /home/isc-/Desktop/CS309_OOAD_online_judge/userCodes/runtime_result.log
[D 191007 20:23:44 Judger:139] {'TLE': False, 'time': 0.02837538719177246, 'error': '', 'memory': 40960, 'MLE': False}
[D 191007 20:23:46 Judger:167] {'time': 0.05675077438354492, 'error': '', 'TLE': False, 'MLE': False, 'memory': 81920}
[D 191007 20:23:46 main:55] Searching end with the result '{'time': 0.05675077438354492, 'memory': 81920, 'result': 6, 'error': ''}'
[I 191007 20:23:46 main:57] ______________________END_____________________________
[I 191007 20:23:46 main:41] _____________________START____________________________
[I 191007 20:23:46 main:42] Searching solution_id: 34
[I 191007 20:23:46 Judger:70] COMPILING CODE: /home/isc-/Desktop/CS309_OOAD_online_judge/userCodes/Main.cpp
[I 191007 20:23:46 Judger:44] COMPILE COMMAND: g++ /home/isc-/Desktop/CS309_OOAD_online_judge/userCodes/Main.cpp -o /home/isc-/Desktop/CS309_OOAD_online_judge/userCodes/Main
[I 191007 20:23:48 Judger:125] RUNNING CODE: /home/isc-/Desktop/CS309_OOAD_online_judge/userCodes/Main 1.in
[I 191007 20:23:48 Judger:99] RUNNING COMMAND: /home/isc-/Desktop/CS309_OOAD_online_judge/userCodes/Main < /home/isc-/Desktop/CS309_OOAD_online_judge/data/1002/1.in > /home/isc-/Desktop/CS309_OOAD_online_judge/userCodes/1.out
[D 191007 20:23:48 Judger:103] docker run -u 1000:1000 --name 7809637873352763716 -v /home/isc-/Desktop/CS309_OOAD_online_judge/JudgeServer/JudgeServer/Running_Code.py:/home/isc-/Desktop/CS309_OOAD_online_judge/JudgeServer/JudgeServer/Running_Code.py -v /home/isc-/Desktop/CS309_OOAD_online_judge/userCodes/:/home/isc-/Desktop/CS309_OOAD_online_judge/userCodes/ -v /home/isc-/Desktop/CS309_OOAD_online_judge/data/1002/1.in:/home/isc-/Desktop/CS309_OOAD_online_judge/data/1002/1.in judge:v2 python3 /home/isc-/Desktop/CS309_OOAD_online_judge/JudgeServer/JudgeServer/Running_Code.py '/home/isc-/Desktop/CS309_OOAD_online_judge/userCodes/Main < /home/isc-/Desktop/CS309_OOAD_online_judge/data/1002/1.in > /home/isc-/Desktop/CS309_OOAD_online_judge/userCodes/1.out' 1 268435456 '/home/isc-/Desktop/CS309_OOAD_online_judge/userCodes/' 2> /home/isc-/Desktop/CS309_OOAD_online_judge/userCodes/runtime_result.log
[D 191007 20:23:48 Judger:132] NOT EXISTS DOCKER_RESULT_LOG
[D 191007 20:23:49 Judger:132] NOT EXISTS DOCKER_RESULT_LOG
