[I 190923 00:02:05 Judger:22] #include "iostream"
    int main () {
    	int a;
    	scanf("%d", &a);
    	int i = 0;
    	while (i < a) {
    		printf("%d\n", i++);
    	}
    }
[D 190923 00:02:05 Judger:28] COMPILING CODE: /home/isc-/桌面/CS309_OOAD_online_judge/userCodes/11712225/Main.c
[D 190923 00:02:05 Judger:30] COMPILE COMMAND: g++ /home/isc-/桌面/CS309_OOAD_online_judge/userCodes/11712225/Main.c -o /home/isc-/桌面/CS309_OOAD_online_judge/userCodes/11712225/Main
[D 190923 00:02:05 Judger:60] RUNNING CODE: /home/isc-/桌面/CS309_OOAD_online_judge/userCodes/11712225/Main 2.in
[D 190923 00:02:05 Judger:63] RUNNING COMMAND: /home/isc-/桌面/CS309_OOAD_online_judge/userCodes/11712225/Main < /home/isc-/桌面/CS309_OOAD_online_judge/data/1001/2.in> /home/isc-/桌面/CS309_OOAD_online_judge/userCodes/11712225/2.out
[D 190923 00:02:05 Judger:60] RUNNING CODE: /home/isc-/桌面/CS309_OOAD_online_judge/userCodes/11712225/Main 1.in
[D 190923 00:02:05 Judger:63] RUNNING COMMAND: /home/isc-/桌面/CS309_OOAD_online_judge/userCodes/11712225/Main < /home/isc-/桌面/CS309_OOAD_online_judge/data/1001/1.in> /home/isc-/桌面/CS309_OOAD_online_judge/userCodes/11712225/1.out
[D 190923 00:02:05 Judger:89] /home/isc-/桌面/CS309_OOAD_online_judge/userCodes/11712225/
[D 190923 00:02:05 Judger:90] /home/isc-/桌面/CS309_OOAD_online_judge//data/1001/
[D 190923 00:02:05 Judger:92] 0.0
[I 190923 00:02:05 Judger:22] #include <bits/stdc++.h>
    
    using namespace std;
    
    int main() {
    	int a;
    	cin >> a;
    	for(int i = 0; i < a; i++) {
    		cout << i << endl;
    	}
    }
[D 190923 00:02:05 Judger:28] COMPILING CODE: /home/isc-/桌面/CS309_OOAD_online_judge/userCodes/11712225/Main.cpp
[D 190923 00:02:05 Judger:30] COMPILE COMMAND: g++ /home/isc-/桌面/CS309_OOAD_online_judge/userCodes/11712225/Main.cpp -o /home/isc-/桌面/CS309_OOAD_online_judge/userCodes/11712225/Main
[D 190923 00:02:05 Judger:60] RUNNING CODE: /home/isc-/桌面/CS309_OOAD_online_judge/userCodes/11712225/Main 2.in
[D 190923 00:02:05 Judger:63] RUNNING COMMAND: /home/isc-/桌面/CS309_OOAD_online_judge/userCodes/11712225/Main < /home/isc-/桌面/CS309_OOAD_online_judge/data/1001/2.in> /home/isc-/桌面/CS309_OOAD_online_judge/userCodes/11712225/2.out
[D 190923 00:02:05 Judger:60] RUNNING CODE: /home/isc-/桌面/CS309_OOAD_online_judge/userCodes/11712225/Main 1.in
[D 190923 00:02:05 Judger:63] RUNNING COMMAND: /home/isc-/桌面/CS309_OOAD_online_judge/userCodes/11712225/Main < /home/isc-/桌面/CS309_OOAD_online_judge/data/1001/1.in> /home/isc-/桌面/CS309_OOAD_online_judge/userCodes/11712225/1.out
[D 190923 00:02:05 Judger:89] /home/isc-/桌面/CS309_OOAD_online_judge/userCodes/11712225/
[D 190923 00:02:05 Judger:90] /home/isc-/桌面/CS309_OOAD_online_judge//data/1001/
[D 190923 00:02:05 Judger:92] 0.0
[I 190923 00:02:05 Judger:22] import java.util.*;public class Main{	public static void main(String[] args) {		Scanner input = new Scanner (System.in);		int a = input.nextInt();		for(int i = 0; i < a; i++) {			System.out.println(i);		}	}}
[D 190923 00:02:05 Judger:28] COMPILING CODE: /home/isc-/桌面/CS309_OOAD_online_judge/userCodes/11712225/Main.java
[D 190923 00:02:06 Judger:60] RUNNING CODE: /home/isc-/桌面/CS309_OOAD_online_judge/userCodes/11712225/Main 2.in
[D 190923 00:02:06 Judger:69] RUNNING COMMAND: java -cp /home/isc-/桌面/CS309_OOAD_online_judge/userCodes/11712225/ Main < /home/isc-/桌面/CS309_OOAD_online_judge/data/1001/2.in > /home/isc-/桌面/CS309_OOAD_online_judge/userCodes/11712225/2.out
[D 190923 00:02:06 Judger:60] RUNNING CODE: /home/isc-/桌面/CS309_OOAD_online_judge/userCodes/11712225/Main 1.in
[D 190923 00:02:06 Judger:69] RUNNING COMMAND: java -cp /home/isc-/桌面/CS309_OOAD_online_judge/userCodes/11712225/ Main < /home/isc-/桌面/CS309_OOAD_online_judge/data/1001/1.in > /home/isc-/桌面/CS309_OOAD_online_judge/userCodes/11712225/1.out
[D 190923 00:02:06 Judger:89] /home/isc-/桌面/CS309_OOAD_online_judge/userCodes/11712225/
[D 190923 00:02:06 Judger:90] /home/isc-/桌面/CS309_OOAD_online_judge//data/1001/
[D 190923 00:02:06 Judger:92] 0.0
[I 190923 00:02:28 Judger:22] #include "iostream"
    int main () {
    	int a;
    	scanf("%d", &a);
    	int i = 0;
    	while (i < a) {
    		printf("%d\n", i++);
    	}
    }
[D 190923 00:02:28 Judger:28] COMPILING CODE: /home/isc-/桌面/CS309_OOAD_online_judge/userCodes/11712225/Main.c
[D 190923 00:02:28 Judger:30] COMPILE COMMAND: g++ /home/isc-/桌面/CS309_OOAD_online_judge/userCodes/11712225/Main.c -o /home/isc-/桌面/CS309_OOAD_online_judge/userCodes/11712225/Main
[D 190923 00:02:28 Judger:60] RUNNING CODE: /home/isc-/桌面/CS309_OOAD_online_judge/userCodes/11712225/Main 2.in
[D 190923 00:02:28 Judger:63] RUNNING COMMAND: /home/isc-/桌面/CS309_OOAD_online_judge/userCodes/11712225/Main < /home/isc-/桌面/CS309_OOAD_online_judge/data/1001/2.in> /home/isc-/桌面/CS309_OOAD_online_judge/userCodes/11712225/2.out
[D 190923 00:02:28 Judger:60] RUNNING CODE: /home/isc-/桌面/CS309_OOAD_online_judge/userCodes/11712225/Main 1.in
[D 190923 00:02:28 Judger:63] RUNNING COMMAND: /home/isc-/桌面/CS309_OOAD_online_judge/userCodes/11712225/Main < /home/isc-/桌面/CS309_OOAD_online_judge/data/1001/1.in> /home/isc-/桌面/CS309_OOAD_online_judge/userCodes/11712225/1.out
[D 190923 00:02:28 Judger:89] /home/isc-/桌面/CS309_OOAD_online_judge/userCodes/11712225/
[D 190923 00:02:28 Judger:90] /home/isc-/桌面/CS309_OOAD_online_judge//data/1001/
[D 190923 00:02:28 Judger:92] 0.0
[I 190923 00:02:28 Judger:22] #include <bits/stdc++.h>
    
    using namespace std;
    
    int main() {
    	int a;
    	cin >> a;
    	for(int i = 0; i < a; i++) {
    		cout << i << endl;
    	}
    }
[D 190923 00:02:28 Judger:28] COMPILING CODE: /home/isc-/桌面/CS309_OOAD_online_judge/userCodes/11712225/Main.cpp
[D 190923 00:02:28 Judger:30] COMPILE COMMAND: g++ /home/isc-/桌面/CS309_OOAD_online_judge/userCodes/11712225/Main.cpp -o /home/isc-/桌面/CS309_OOAD_online_judge/userCodes/11712225/Main
[D 190923 00:02:28 Judger:60] RUNNING CODE: /home/isc-/桌面/CS309_OOAD_online_judge/userCodes/11712225/Main 2.in
[D 190923 00:02:28 Judger:63] RUNNING COMMAND: /home/isc-/桌面/CS309_OOAD_online_judge/userCodes/11712225/Main < /home/isc-/桌面/CS309_OOAD_online_judge/data/1001/2.in> /home/isc-/桌面/CS309_OOAD_online_judge/userCodes/11712225/2.out
[D 190923 00:02:28 Judger:60] RUNNING CODE: /home/isc-/桌面/CS309_OOAD_online_judge/userCodes/11712225/Main 1.in
[D 190923 00:02:28 Judger:63] RUNNING COMMAND: /home/isc-/桌面/CS309_OOAD_online_judge/userCodes/11712225/Main < /home/isc-/桌面/CS309_OOAD_online_judge/data/1001/1.in> /home/isc-/桌面/CS309_OOAD_online_judge/userCodes/11712225/1.out
[D 190923 00:02:28 Judger:89] /home/isc-/桌面/CS309_OOAD_online_judge/userCodes/11712225/
[D 190923 00:02:28 Judger:90] /home/isc-/桌面/CS309_OOAD_online_judge//data/1001/
[D 190923 00:02:28 Judger:92] 0.0
[I 190923 00:02:28 Judger:22] import java.util.*;public class Main{	public static void main(String[] args) {		Scanner input = new Scanner (System.in);		int a = input.nextInt();		for(int i = 0; i < a; i++) {			System.out.println(i);		}	}}
[D 190923 00:02:28 Judger:28] COMPILING CODE: /home/isc-/桌面/CS309_OOAD_online_judge/userCodes/11712225/Main.java
[D 190923 00:02:29 Judger:60] RUNNING CODE: /home/isc-/桌面/CS309_OOAD_online_judge/userCodes/11712225/Main 2.in
[D 190923 00:02:29 Judger:69] RUNNING COMMAND: java -cp /home/isc-/桌面/CS309_OOAD_online_judge/userCodes/11712225/ Main < /home/isc-/桌面/CS309_OOAD_online_judge/data/1001/2.in > /home/isc-/桌面/CS309_OOAD_online_judge/userCodes/11712225/2.out
[D 190923 00:02:29 Judger:60] RUNNING CODE: /home/isc-/桌面/CS309_OOAD_online_judge/userCodes/11712225/Main 1.in
[D 190923 00:02:29 Judger:69] RUNNING COMMAND: java -cp /home/isc-/桌面/CS309_OOAD_online_judge/userCodes/11712225/ Main < /home/isc-/桌面/CS309_OOAD_online_judge/data/1001/1.in > /home/isc-/桌面/CS309_OOAD_online_judge/userCodes/11712225/1.out
[D 190923 00:02:29 Judger:89] /home/isc-/桌面/CS309_OOAD_online_judge/userCodes/11712225/
[D 190923 00:02:29 Judger:90] /home/isc-/桌面/CS309_OOAD_online_judge//data/1001/
[D 190923 00:02:29 Judger:92] 0.0
[I 190923 00:02:34 Judger:22] #include "iostream"
    int main () {
    	int a;
    	scanf("%d", &a);
    	int i = 0;
    	while (i < a) {
    		printf("%d\n", i++);
    	}
    }
[D 190923 00:02:34 Judger:28] COMPILING CODE: /home/isc-/桌面/CS309_OOAD_online_judge/userCodes/11712225/Main.c
[D 190923 00:02:34 Judger:30] COMPILE COMMAND: g++ /home/isc-/桌面/CS309_OOAD_online_judge/userCodes/11712225/Main.c -o /home/isc-/桌面/CS309_OOAD_online_judge/userCodes/11712225/Main
[D 190923 00:02:34 Judger:60] RUNNING CODE: /home/isc-/桌面/CS309_OOAD_online_judge/userCodes/11712225/Main 2.in
[D 190923 00:02:34 Judger:63] RUNNING COMMAND: /home/isc-/桌面/CS309_OOAD_online_judge/userCodes/11712225/Main < /home/isc-/桌面/CS309_OOAD_online_judge/data/1001/2.in> /home/isc-/桌面/CS309_OOAD_online_judge/userCodes/11712225/2.out
[D 190923 00:02:34 Judger:60] RUNNING CODE: /home/isc-/桌面/CS309_OOAD_online_judge/userCodes/11712225/Main 1.in
[D 190923 00:02:34 Judger:63] RUNNING COMMAND: /home/isc-/桌面/CS309_OOAD_online_judge/userCodes/11712225/Main < /home/isc-/桌面/CS309_OOAD_online_judge/data/1001/1.in> /home/isc-/桌面/CS309_OOAD_online_judge/userCodes/11712225/1.out
[D 190923 00:02:34 Judger:89] /home/isc-/桌面/CS309_OOAD_online_judge/userCodes/11712225/
[D 190923 00:02:34 Judger:90] /home/isc-/桌面/CS309_OOAD_online_judge//data/1001/
[D 190923 00:02:34 Judger:92] 0.0
[I 190923 00:02:34 Judger:22] #include <bits/stdc++.h>
    
    using namespace std;
    
    int main() {
    	int a;
    	cin >> a;
    	for(int i = 0; i < a; i++) {
    		cout << i << endl;
    	}
    }
[D 190923 00:02:34 Judger:28] COMPILING CODE: /home/isc-/桌面/CS309_OOAD_online_judge/userCodes/11712225/Main.cpp
[D 190923 00:02:34 Judger:30] COMPILE COMMAND: g++ /home/isc-/桌面/CS309_OOAD_online_judge/userCodes/11712225/Main.cpp -o /home/isc-/桌面/CS309_OOAD_online_judge/userCodes/11712225/Main
[D 190923 00:02:34 Judger:60] RUNNING CODE: /home/isc-/桌面/CS309_OOAD_online_judge/userCodes/11712225/Main 2.in
[D 190923 00:02:34 Judger:63] RUNNING COMMAND: /home/isc-/桌面/CS309_OOAD_online_judge/userCodes/11712225/Main < /home/isc-/桌面/CS309_OOAD_online_judge/data/1001/2.in> /home/isc-/桌面/CS309_OOAD_online_judge/userCodes/11712225/2.out
[D 190923 00:02:34 Judger:60] RUNNING CODE: /home/isc-/桌面/CS309_OOAD_online_judge/userCodes/11712225/Main 1.in
[D 190923 00:02:34 Judger:63] RUNNING COMMAND: /home/isc-/桌面/CS309_OOAD_online_judge/userCodes/11712225/Main < /home/isc-/桌面/CS309_OOAD_online_judge/data/1001/1.in> /home/isc-/桌面/CS309_OOAD_online_judge/userCodes/11712225/1.out
[D 190923 00:02:34 Judger:89] /home/isc-/桌面/CS309_OOAD_online_judge/userCodes/11712225/
[D 190923 00:02:34 Judger:90] /home/isc-/桌面/CS309_OOAD_online_judge//data/1001/
[D 190923 00:02:34 Judger:92] 0.0
[I 190923 00:02:34 Judger:22] import java.util.*;public class Main{	public static void main(String[] args) {		Scanner input = new Scanner (System.in);		int a = input.nextInt();		for(int i = 0; i < a; i++) {			System.out.println(i);		}	}}
[D 190923 00:02:34 Judger:28] COMPILING CODE: /home/isc-/桌面/CS309_OOAD_online_judge/userCodes/11712225/Main.java
[D 190923 00:02:35 Judger:60] RUNNING CODE: /home/isc-/桌面/CS309_OOAD_online_judge/userCodes/11712225/Main 2.in
[D 190923 00:02:35 Judger:69] RUNNING COMMAND: java -cp /home/isc-/桌面/CS309_OOAD_online_judge/userCodes/11712225/ Main < /home/isc-/桌面/CS309_OOAD_online_judge/data/1001/2.in > /home/isc-/桌面/CS309_OOAD_online_judge/userCodes/11712225/2.out
[D 190923 00:02:35 Judger:60] RUNNING CODE: /home/isc-/桌面/CS309_OOAD_online_judge/userCodes/11712225/Main 1.in
[D 190923 00:02:35 Judger:69] RUNNING COMMAND: java -cp /home/isc-/桌面/CS309_OOAD_online_judge/userCodes/11712225/ Main < /home/isc-/桌面/CS309_OOAD_online_judge/data/1001/1.in > /home/isc-/桌面/CS309_OOAD_online_judge/userCodes/11712225/1.out
[D 190923 00:02:35 Judger:89] /home/isc-/桌面/CS309_OOAD_online_judge/userCodes/11712225/
[D 190923 00:02:35 Judger:90] /home/isc-/桌面/CS309_OOAD_online_judge//data/1001/
[D 190923 00:02:35 Judger:92] 0.0
[I 190923 00:02:50 Judger:22] import java.util.*;public class Main{	public static void main(String[] args) {		Scanner input = new Scanner (System.in);		int a = input.nextInt();		for(int i = 0; i < a; i++) {			System.out.println(i);		}	}}
[D 190923 00:02:50 Judger:28] COMPILING CODE: /home/isc-/桌面/CS309_OOAD_online_judge/userCodes/11712225/Main.java
[D 190923 00:02:51 Judger:60] RUNNING CODE: /home/isc-/桌面/CS309_OOAD_online_judge/userCodes/11712225/Main 2.in
[D 190923 00:02:51 Judger:69] RUNNING COMMAND: java -cp /home/isc-/桌面/CS309_OOAD_online_judge/userCodes/11712225/ Main < /home/isc-/桌面/CS309_OOAD_online_judge/data/1001/2.in > /home/isc-/桌面/CS309_OOAD_online_judge/userCodes/11712225/2.out
[D 190923 00:02:51 Judger:60] RUNNING CODE: /home/isc-/桌面/CS309_OOAD_online_judge/userCodes/11712225/Main 1.in
[D 190923 00:02:51 Judger:69] RUNNING COMMAND: java -cp /home/isc-/桌面/CS309_OOAD_online_judge/userCodes/11712225/ Main < /home/isc-/桌面/CS309_OOAD_online_judge/data/1001/1.in > /home/isc-/桌面/CS309_OOAD_online_judge/userCodes/11712225/1.out
[D 190923 00:02:51 Judger:89] /home/isc-/桌面/CS309_OOAD_online_judge/userCodes/11712225/
[D 190923 00:02:51 Judger:90] /home/isc-/桌面/CS309_OOAD_online_judge//data/1001/
[D 190923 00:02:51 Judger:92] 0.0
[I 190923 00:04:23 Judger:22] import java.util.*;public class Main{	public static void main(String[] args) {		Scanner input = new Scanner (System.in);		int a = input.nextInt();		for(int i = 0; i < a; i++) {			System.out.println(i);		}	}}
[D 190923 00:04:23 Judger:28] COMPILING CODE: /home/isc-/桌面/CS309_OOAD_online_judge/userCodes/11712225/Main.java
[D 190923 00:04:23 Judger:36] COMPILING COMMAND: javac /home/isc-/桌面/CS309_OOAD_online_judge/userCodes/11712225/Main.java
[D 190923 00:04:23 Judger:61] RUNNING CODE: /home/isc-/桌面/CS309_OOAD_online_judge/userCodes/11712225/Main 2.in
[D 190923 00:04:23 Judger:70] RUNNING COMMAND: java -cp /home/isc-/桌面/CS309_OOAD_online_judge/userCodes/11712225/ Main < /home/isc-/桌面/CS309_OOAD_online_judge/data/1001/2.in > /home/isc-/桌面/CS309_OOAD_online_judge/userCodes/11712225/2.out
[D 190923 00:04:23 Judger:61] RUNNING CODE: /home/isc-/桌面/CS309_OOAD_online_judge/userCodes/11712225/Main 1.in
[D 190923 00:04:23 Judger:70] RUNNING COMMAND: java -cp /home/isc-/桌面/CS309_OOAD_online_judge/userCodes/11712225/ Main < /home/isc-/桌面/CS309_OOAD_online_judge/data/1001/1.in > /home/isc-/桌面/CS309_OOAD_online_judge/userCodes/11712225/1.out
[D 190923 00:04:23 Judger:90] /home/isc-/桌面/CS309_OOAD_online_judge/userCodes/11712225/
[D 190923 00:04:23 Judger:91] /home/isc-/桌面/CS309_OOAD_online_judge//data/1001/
[D 190923 00:04:23 Judger:93] 0.0
[D 190923 00:06:33 Judger:28] COMPILING CODE: /home/isc-/桌面/CS309_OOAD_online_judge/userCodes/11712225/Main.java
[D 190923 00:06:33 Judger:36] COMPILING COMMAND: javac /home/isc-/桌面/CS309_OOAD_online_judge/userCodes/11712225/Main.java
[D 190923 00:06:33 Judger:61] RUNNING CODE: /home/isc-/桌面/CS309_OOAD_online_judge/userCodes/11712225/Main 2.in
[D 190923 00:06:33 Judger:70] RUNNING COMMAND: java -cp /home/isc-/桌面/CS309_OOAD_online_judge/userCodes/11712225/ Main < /home/isc-/桌面/CS309_OOAD_online_judge/data/1001/2.in > /home/isc-/桌面/CS309_OOAD_online_judge/userCodes/11712225/2.out
[D 190923 00:06:33 Judger:61] RUNNING CODE: /home/isc-/桌面/CS309_OOAD_online_judge/userCodes/11712225/Main 1.in
[D 190923 00:06:33 Judger:70] RUNNING COMMAND: java -cp /home/isc-/桌面/CS309_OOAD_online_judge/userCodes/11712225/ Main < /home/isc-/桌面/CS309_OOAD_online_judge/data/1001/1.in > /home/isc-/桌面/CS309_OOAD_online_judge/userCodes/11712225/1.out
[D 190923 00:06:33 Judger:90] /home/isc-/桌面/CS309_OOAD_online_judge/userCodes/11712225/
[D 190923 00:06:33 Judger:91] /home/isc-/桌面/CS309_OOAD_online_judge//data/1001/
[D 190923 00:06:33 Judger:93] 0.0
[D 190923 00:06:37 Judger:28] COMPILING CODE: /home/isc-/桌面/CS309_OOAD_online_judge/userCodes/11712225/Main.java
[D 190923 00:06:37 Judger:36] COMPILING COMMAND: javac /home/isc-/桌面/CS309_OOAD_online_judge/userCodes/11712225/Main.java
[D 190923 00:06:38 Judger:61] RUNNING CODE: /home/isc-/桌面/CS309_OOAD_online_judge/userCodes/11712225/Main 2.in
[D 190923 00:06:38 Judger:70] RUNNING COMMAND: java -cp /home/isc-/桌面/CS309_OOAD_online_judge/userCodes/11712225/ Main < /home/isc-/桌面/CS309_OOAD_online_judge/data/1001/2.in > /home/isc-/桌面/CS309_OOAD_online_judge/userCodes/11712225/2.out
[D 190923 00:06:38 Judger:61] RUNNING CODE: /home/isc-/桌面/CS309_OOAD_online_judge/userCodes/11712225/Main 1.in
[D 190923 00:06:38 Judger:70] RUNNING COMMAND: java -cp /home/isc-/桌面/CS309_OOAD_online_judge/userCodes/11712225/ Main < /home/isc-/桌面/CS309_OOAD_online_judge/data/1001/1.in > /home/isc-/桌面/CS309_OOAD_online_judge/userCodes/11712225/1.out
[D 190923 00:06:38 Judger:90] /home/isc-/桌面/CS309_OOAD_online_judge/userCodes/11712225/
[D 190923 00:06:38 Judger:91] /home/isc-/桌面/CS309_OOAD_online_judge//data/1001/
[D 190923 00:06:38 Judger:93] 0.0
[D 190923 00:07:43 Judger:28] COMPILING CODE: /home/isc-/桌面/CS309_OOAD_online_judge/userCodes/11712225/Main.java
[D 190923 00:07:43 Judger:36] COMPILING COMMAND: javac /home/isc-/桌面/CS309_OOAD_online_judge/userCodes/11712225/Main.java
[D 190923 00:07:44 Judger:61] RUNNING CODE: /home/isc-/桌面/CS309_OOAD_online_judge/userCodes/11712225/Main 2.in
[D 190923 00:07:44 Judger:70] RUNNING COMMAND: java -cp /home/isc-/桌面/CS309_OOAD_online_judge/userCodes/11712225/Main < /home/isc-/桌面/CS309_OOAD_online_judge/data/1001/2.in > /home/isc-/桌面/CS309_OOAD_online_judge/userCodes/11712225/2.out
[D 190923 00:07:44 Judger:61] RUNNING CODE: /home/isc-/桌面/CS309_OOAD_online_judge/userCodes/11712225/Main 1.in
[D 190923 00:07:44 Judger:70] RUNNING COMMAND: java -cp /home/isc-/桌面/CS309_OOAD_online_judge/userCodes/11712225/Main < /home/isc-/桌面/CS309_OOAD_online_judge/data/1001/1.in > /home/isc-/桌面/CS309_OOAD_online_judge/userCodes/11712225/1.out
[D 190923 00:07:44 Judger:90] /home/isc-/桌面/CS309_OOAD_online_judge/userCodes/11712225/
[D 190923 00:07:44 Judger:91] /home/isc-/桌面/CS309_OOAD_online_judge//data/1001/
[D 190923 00:07:44 Judger:93] 0.0
[D 190923 00:08:03 Judger:28] COMPILING CODE: /home/isc-/桌面/CS309_OOAD_online_judge/userCodes/11712225/Main.java
[D 190923 00:08:03 Judger:36] COMPILING COMMAND: javac /home/isc-/桌面/CS309_OOAD_online_judge/userCodes/11712225/Main.java
[D 190923 00:08:04 Judger:61] RUNNING CODE: /home/isc-/桌面/CS309_OOAD_online_judge/userCodes/11712225/Main 2.in
[D 190923 00:08:04 Judger:70] RUNNING COMMAND: java -cp /home/isc-/桌面/CS309_OOAD_online_judge/userCodes/11712225/ Main < /home/isc-/桌面/CS309_OOAD_online_judge/data/1001/2.in > /home/isc-/桌面/CS309_OOAD_online_judge/userCodes/11712225/2.out
[D 190923 00:08:04 Judger:61] RUNNING CODE: /home/isc-/桌面/CS309_OOAD_online_judge/userCodes/11712225/Main 1.in
[D 190923 00:08:04 Judger:70] RUNNING COMMAND: java -cp /home/isc-/桌面/CS309_OOAD_online_judge/userCodes/11712225/ Main < /home/isc-/桌面/CS309_OOAD_online_judge/data/1001/1.in > /home/isc-/桌面/CS309_OOAD_online_judge/userCodes/11712225/1.out
[D 190923 00:08:04 Judger:90] /home/isc-/桌面/CS309_OOAD_online_judge/userCodes/11712225/
[D 190923 00:08:04 Judger:91] /home/isc-/桌面/CS309_OOAD_online_judge//data/1001/
[D 190923 00:08:04 Judger:93] 0.0
[D 190923 00:09:48 Judger:28] COMPILING CODE: /home/isc-/桌面/CS309_OOAD_online_judge/userCodes/11712225/Main.java
[D 190923 00:09:48 Judger:36] COMPILING COMMAND: javac /home/isc-/桌面/CS309_OOAD_online_judge/userCodes/11712225/Main.java
[D 190923 00:09:49 Judger:61] RUNNING CODE: /home/isc-/桌面/CS309_OOAD_online_judge/userCodes/11712225/Main 2.in
[D 190923 00:09:49 Judger:70] RUNNING COMMAND:  java -cp/home/isc-/桌面/CS309_OOAD_online_judge/userCodes/11712225/ Main < /home/isc-/桌面/CS309_OOAD_online_judge/data/1001/2.in > /home/isc-/桌面/CS309_OOAD_online_judge/userCodes/11712225/2.out
[D 190923 00:09:49 Judger:61] RUNNING CODE: /home/isc-/桌面/CS309_OOAD_online_judge/userCodes/11712225/Main 1.in
[D 190923 00:09:49 Judger:70] RUNNING COMMAND:  java -cp/home/isc-/桌面/CS309_OOAD_online_judge/userCodes/11712225/ Main < /home/isc-/桌面/CS309_OOAD_online_judge/data/1001/1.in > /home/isc-/桌面/CS309_OOAD_online_judge/userCodes/11712225/1.out
[D 190923 00:09:49 Judger:90] /home/isc-/桌面/CS309_OOAD_online_judge/userCodes/11712225/
[D 190923 00:09:49 Judger:91] /home/isc-/桌面/CS309_OOAD_online_judge//data/1001/
[D 190923 00:09:49 Judger:93] 0.0
[D 190923 00:10:07 Judger:28] COMPILING CODE: /home/isc-/桌面/CS309_OOAD_online_judge/userCodes/11712225/Main.java
[D 190923 00:10:07 Judger:36] COMPILING COMMAND: javac /home/isc-/桌面/CS309_OOAD_online_judge/userCodes/11712225/Main.java
[D 190923 00:10:07 Judger:61] RUNNING CODE: /home/isc-/桌面/CS309_OOAD_online_judge/userCodes/11712225/Main 2.in
[D 190923 00:10:07 Judger:70] RUNNING COMMAND: java -cp /home/isc-/桌面/CS309_OOAD_online_judge/userCodes/11712225/ Main < /home/isc-/桌面/CS309_OOAD_online_judge/data/1001/2.in > /home/isc-/桌面/CS309_OOAD_online_judge/userCodes/11712225/2.out
[D 190923 00:10:07 Judger:61] RUNNING CODE: /home/isc-/桌面/CS309_OOAD_online_judge/userCodes/11712225/Main 1.in
[D 190923 00:10:07 Judger:70] RUNNING COMMAND: java -cp /home/isc-/桌面/CS309_OOAD_online_judge/userCodes/11712225/ Main < /home/isc-/桌面/CS309_OOAD_online_judge/data/1001/1.in > /home/isc-/桌面/CS309_OOAD_online_judge/userCodes/11712225/1.out
[D 190923 00:10:08 Judger:90] /home/isc-/桌面/CS309_OOAD_online_judge/userCodes/11712225/
[D 190923 00:10:08 Judger:91] /home/isc-/桌面/CS309_OOAD_online_judge//data/1001/
[D 190923 00:10:08 Judger:93] 1.0
[D 190923 00:10:17 Judger:28] COMPILING CODE: /home/isc-/桌面/CS309_OOAD_online_judge/userCodes/11712225/Main.c
[D 190923 00:10:17 Judger:30] COMPILE COMMAND: g++ /home/isc-/桌面/CS309_OOAD_online_judge/userCodes/11712225/Main.c -o /home/isc-/桌面/CS309_OOAD_online_judge/userCodes/11712225/Main
[D 190923 00:10:17 Judger:61] RUNNING CODE: /home/isc-/桌面/CS309_OOAD_online_judge/userCodes/11712225/Main 2.in
[D 190923 00:10:17 Judger:64] RUNNING COMMAND: /home/isc-/桌面/CS309_OOAD_online_judge/userCodes/11712225/Main < /home/isc-/桌面/CS309_OOAD_online_judge/data/1001/2.in> /home/isc-/桌面/CS309_OOAD_online_judge/userCodes/11712225/2.out
[D 190923 00:10:17 Judger:61] RUNNING CODE: /home/isc-/桌面/CS309_OOAD_online_judge/userCodes/11712225/Main 1.in
[D 190923 00:10:17 Judger:64] RUNNING COMMAND: /home/isc-/桌面/CS309_OOAD_online_judge/userCodes/11712225/Main < /home/isc-/桌面/CS309_OOAD_online_judge/data/1001/1.in> /home/isc-/桌面/CS309_OOAD_online_judge/userCodes/11712225/1.out
[D 190923 00:10:17 Judger:90] /home/isc-/桌面/CS309_OOAD_online_judge/userCodes/11712225/
[D 190923 00:10:17 Judger:91] /home/isc-/桌面/CS309_OOAD_online_judge//data/1001/
[D 190923 00:10:17 Judger:93] 1.0
[D 190923 00:10:19 Judger:28] COMPILING CODE: /home/isc-/桌面/CS309_OOAD_online_judge/userCodes/11712225/Main.c
[D 190923 00:10:19 Judger:30] COMPILE COMMAND: g++ /home/isc-/桌面/CS309_OOAD_online_judge/userCodes/11712225/Main.c -o /home/isc-/桌面/CS309_OOAD_online_judge/userCodes/11712225/Main
[D 190923 00:10:19 Judger:61] RUNNING CODE: /home/isc-/桌面/CS309_OOAD_online_judge/userCodes/11712225/Main 2.in
[D 190923 00:10:19 Judger:64] RUNNING COMMAND: /home/isc-/桌面/CS309_OOAD_online_judge/userCodes/11712225/Main < /home/isc-/桌面/CS309_OOAD_online_judge/data/1001/2.in> /home/isc-/桌面/CS309_OOAD_online_judge/userCodes/11712225/2.out
[D 190923 00:10:19 Judger:61] RUNNING CODE: /home/isc-/桌面/CS309_OOAD_online_judge/userCodes/11712225/Main 1.in
[D 190923 00:10:19 Judger:64] RUNNING COMMAND: /home/isc-/桌面/CS309_OOAD_online_judge/userCodes/11712225/Main < /home/isc-/桌面/CS309_OOAD_online_judge/data/1001/1.in> /home/isc-/桌面/CS309_OOAD_online_judge/userCodes/11712225/1.out
[D 190923 00:10:19 Judger:90] /home/isc-/桌面/CS309_OOAD_online_judge/userCodes/11712225/
[D 190923 00:10:19 Judger:91] /home/isc-/桌面/CS309_OOAD_online_judge//data/1001/
[D 190923 00:10:19 Judger:93] 1.0
[D 190923 00:10:21 Judger:28] COMPILING CODE: /home/isc-/桌面/CS309_OOAD_online_judge/userCodes/11712225/Main.c
[D 190923 00:10:21 Judger:30] COMPILE COMMAND: g++ /home/isc-/桌面/CS309_OOAD_online_judge/userCodes/11712225/Main.c -o /home/isc-/桌面/CS309_OOAD_online_judge/userCodes/11712225/Main
[D 190923 00:10:21 Judger:61] RUNNING CODE: /home/isc-/桌面/CS309_OOAD_online_judge/userCodes/11712225/Main 2.in
[D 190923 00:10:21 Judger:64] RUNNING COMMAND: /home/isc-/桌面/CS309_OOAD_online_judge/userCodes/11712225/Main < /home/isc-/桌面/CS309_OOAD_online_judge/data/1001/2.in> /home/isc-/桌面/CS309_OOAD_online_judge/userCodes/11712225/2.out
[D 190923 00:10:21 Judger:61] RUNNING CODE: /home/isc-/桌面/CS309_OOAD_online_judge/userCodes/11712225/Main 1.in
[D 190923 00:10:21 Judger:64] RUNNING COMMAND: /home/isc-/桌面/CS309_OOAD_online_judge/userCodes/11712225/Main < /home/isc-/桌面/CS309_OOAD_online_judge/data/1001/1.in> /home/isc-/桌面/CS309_OOAD_online_judge/userCodes/11712225/1.out
[D 190923 00:10:21 Judger:90] /home/isc-/桌面/CS309_OOAD_online_judge/userCodes/11712225/
[D 190923 00:10:21 Judger:91] /home/isc-/桌面/CS309_OOAD_online_judge//data/1001/
[D 190923 00:10:21 Judger:93] 1.0
[D 190923 00:10:21 Judger:28] COMPILING CODE: /home/isc-/桌面/CS309_OOAD_online_judge/userCodes/11712225/Main.cpp
[D 190923 00:10:21 Judger:30] COMPILE COMMAND: g++ /home/isc-/桌面/CS309_OOAD_online_judge/userCodes/11712225/Main.cpp -o /home/isc-/桌面/CS309_OOAD_online_judge/userCodes/11712225/Main
[D 190923 00:10:22 Judger:61] RUNNING CODE: /home/isc-/桌面/CS309_OOAD_online_judge/userCodes/11712225/Main 2.in
[D 190923 00:10:22 Judger:64] RUNNING COMMAND: /home/isc-/桌面/CS309_OOAD_online_judge/userCodes/11712225/Main < /home/isc-/桌面/CS309_OOAD_online_judge/data/1001/2.in> /home/isc-/桌面/CS309_OOAD_online_judge/userCodes/11712225/2.out
[D 190923 00:10:22 Judger:61] RUNNING CODE: /home/isc-/桌面/CS309_OOAD_online_judge/userCodes/11712225/Main 1.in
[D 190923 00:10:22 Judger:64] RUNNING COMMAND: /home/isc-/桌面/CS309_OOAD_online_judge/userCodes/11712225/Main < /home/isc-/桌面/CS309_OOAD_online_judge/data/1001/1.in> /home/isc-/桌面/CS309_OOAD_online_judge/userCodes/11712225/1.out
[D 190923 00:10:22 Judger:90] /home/isc-/桌面/CS309_OOAD_online_judge/userCodes/11712225/
[D 190923 00:10:22 Judger:91] /home/isc-/桌面/CS309_OOAD_online_judge//data/1001/
[D 190923 00:10:22 Judger:93] 1.0
[D 190923 00:10:22 Judger:28] COMPILING CODE: /home/isc-/桌面/CS309_OOAD_online_judge/userCodes/11712225/Main.java
[D 190923 00:10:22 Judger:36] COMPILING COMMAND: javac /home/isc-/桌面/CS309_OOAD_online_judge/userCodes/11712225/Main.java
[D 190923 00:10:23 Judger:61] RUNNING CODE: /home/isc-/桌面/CS309_OOAD_online_judge/userCodes/11712225/Main 2.in
[D 190923 00:10:23 Judger:70] RUNNING COMMAND: java -cp /home/isc-/桌面/CS309_OOAD_online_judge/userCodes/11712225/ Main < /home/isc-/桌面/CS309_OOAD_online_judge/data/1001/2.in > /home/isc-/桌面/CS309_OOAD_online_judge/userCodes/11712225/2.out
[D 190923 00:10:23 Judger:61] RUNNING CODE: /home/isc-/桌面/CS309_OOAD_online_judge/userCodes/11712225/Main 1.in
[D 190923 00:10:23 Judger:70] RUNNING COMMAND: java -cp /home/isc-/桌面/CS309_OOAD_online_judge/userCodes/11712225/ Main < /home/isc-/桌面/CS309_OOAD_online_judge/data/1001/1.in > /home/isc-/桌面/CS309_OOAD_online_judge/userCodes/11712225/1.out
[D 190923 00:10:23 Judger:90] /home/isc-/桌面/CS309_OOAD_online_judge/userCodes/11712225/
[D 190923 00:10:23 Judger:91] /home/isc-/桌面/CS309_OOAD_online_judge//data/1001/
[D 190923 00:10:23 Judger:93] 1.0
[D 190923 00:10:31 Judger:28] COMPILING CODE: /home/isc-/桌面/CS309_OOAD_online_judge/userCodes/11712225/Main.cpp
[D 190923 00:10:31 Judger:30] COMPILE COMMAND: g++ /home/isc-/桌面/CS309_OOAD_online_judge/userCodes/11712225/Main.cpp -o /home/isc-/桌面/CS309_OOAD_online_judge/userCodes/11712225/Main
[D 190923 00:10:32 Judger:61] RUNNING CODE: /home/isc-/桌面/CS309_OOAD_online_judge/userCodes/11712225/Main 2.in
[D 190923 00:10:32 Judger:64] RUNNING COMMAND: /home/isc-/桌面/CS309_OOAD_online_judge/userCodes/11712225/Main < /home/isc-/桌面/CS309_OOAD_online_judge/data/1001/2.in> /home/isc-/桌面/CS309_OOAD_online_judge/userCodes/11712225/2.out
[D 190923 00:10:32 Judger:61] RUNNING CODE: /home/isc-/桌面/CS309_OOAD_online_judge/userCodes/11712225/Main 1.in
[D 190923 00:10:32 Judger:64] RUNNING COMMAND: /home/isc-/桌面/CS309_OOAD_online_judge/userCodes/11712225/Main < /home/isc-/桌面/CS309_OOAD_online_judge/data/1001/1.in> /home/isc-/桌面/CS309_OOAD_online_judge/userCodes/11712225/1.out
[D 190923 00:10:32 Judger:90] /home/isc-/桌面/CS309_OOAD_online_judge/userCodes/11712225/
[D 190923 00:10:32 Judger:91] /home/isc-/桌面/CS309_OOAD_online_judge//data/1001/
[D 190923 00:10:32 Judger:93] 1.0
[D 190923 00:10:32 Judger:28] COMPILING CODE: /home/isc-/桌面/CS309_OOAD_online_judge/userCodes/11712225/Main.c
[D 190923 00:10:32 Judger:30] COMPILE COMMAND: g++ /home/isc-/桌面/CS309_OOAD_online_judge/userCodes/11712225/Main.c -o /home/isc-/桌面/CS309_OOAD_online_judge/userCodes/11712225/Main
[D 190923 00:10:32 Judger:61] RUNNING CODE: /home/isc-/桌面/CS309_OOAD_online_judge/userCodes/11712225/Main 2.in
[D 190923 00:10:32 Judger:64] RUNNING COMMAND: /home/isc-/桌面/CS309_OOAD_online_judge/userCodes/11712225/Main < /home/isc-/桌面/CS309_OOAD_online_judge/data/1001/2.in> /home/isc-/桌面/CS309_OOAD_online_judge/userCodes/11712225/2.out
[D 190923 00:10:32 Judger:61] RUNNING CODE: /home/isc-/桌面/CS309_OOAD_online_judge/userCodes/11712225/Main 1.in
[D 190923 00:10:32 Judger:64] RUNNING COMMAND: /home/isc-/桌面/CS309_OOAD_online_judge/userCodes/11712225/Main < /home/isc-/桌面/CS309_OOAD_online_judge/data/1001/1.in> /home/isc-/桌面/CS309_OOAD_online_judge/userCodes/11712225/1.out
[D 190923 00:10:32 Judger:90] /home/isc-/桌面/CS309_OOAD_online_judge/userCodes/11712225/
[D 190923 00:10:32 Judger:91] /home/isc-/桌面/CS309_OOAD_online_judge//data/1001/
[D 190923 00:10:32 Judger:93] 1.0
[D 190923 00:10:32 Judger:28] COMPILING CODE: /home/isc-/桌面/CS309_OOAD_online_judge/userCodes/11712225/Main.java
[D 190923 00:10:32 Judger:36] COMPILING COMMAND: javac /home/isc-/桌面/CS309_OOAD_online_judge/userCodes/11712225/Main.java
[D 190923 00:10:33 Judger:61] RUNNING CODE: /home/isc-/桌面/CS309_OOAD_online_judge/userCodes/11712225/Main 2.in
[D 190923 00:10:33 Judger:70] RUNNING COMMAND: java -cp /home/isc-/桌面/CS309_OOAD_online_judge/userCodes/11712225/ Main < /home/isc-/桌面/CS309_OOAD_online_judge/data/1001/2.in > /home/isc-/桌面/CS309_OOAD_online_judge/userCodes/11712225/2.out
[D 190923 00:10:33 Judger:61] RUNNING CODE: /home/isc-/桌面/CS309_OOAD_online_judge/userCodes/11712225/Main 1.in
[D 190923 00:10:33 Judger:70] RUNNING COMMAND: java -cp /home/isc-/桌面/CS309_OOAD_online_judge/userCodes/11712225/ Main < /home/isc-/桌面/CS309_OOAD_online_judge/data/1001/1.in > /home/isc-/桌面/CS309_OOAD_online_judge/userCodes/11712225/1.out
[D 190923 00:10:33 Judger:90] /home/isc-/桌面/CS309_OOAD_online_judge/userCodes/11712225/
[D 190923 00:10:33 Judger:91] /home/isc-/桌面/CS309_OOAD_online_judge//data/1001/
[D 190923 00:10:33 Judger:93] 1.0
[D 190923 00:22:35 Judger:28] COMPILING CODE: /home/isc-/桌面/CS309_OOAD_online_judge/userCodes/11712225/Main.cpp
[D 190923 00:22:35 Judger:30] COMPILE COMMAND: g++ /home/isc-/桌面/CS309_OOAD_online_judge/userCodes/11712225/Main.cpp -o /home/isc-/桌面/CS309_OOAD_online_judge/userCodes/11712225/Main
[D 190923 00:22:36 Judger:61] RUNNING CODE: /home/isc-/桌面/CS309_OOAD_online_judge/userCodes/11712225/Main 2.in
[D 190923 00:22:36 Judger:64] RUNNING COMMAND: /home/isc-/桌面/CS309_OOAD_online_judge/userCodes/11712225/Main < /home/isc-/桌面/CS309_OOAD_online_judge/data/1001/2.in> /home/isc-/桌面/CS309_OOAD_online_judge/userCodes/11712225/2.out
[D 190923 00:22:36 Judger:61] RUNNING CODE: /home/isc-/桌面/CS309_OOAD_online_judge/userCodes/11712225/Main 1.in
[D 190923 00:22:36 Judger:64] RUNNING COMMAND: /home/isc-/桌面/CS309_OOAD_online_judge/userCodes/11712225/Main < /home/isc-/桌面/CS309_OOAD_online_judge/data/1001/1.in> /home/isc-/桌面/CS309_OOAD_online_judge/userCodes/11712225/1.out
[D 190923 00:22:36 Judger:90] /home/isc-/桌面/CS309_OOAD_online_judge/userCodes/11712225/
[D 190923 00:22:36 Judger:91] /home/isc-/桌面/CS309_OOAD_online_judge/data/1001/
[D 190923 00:22:36 Judger:93] 1.0
[D 190923 00:22:36 Judger:28] COMPILING CODE: /home/isc-/桌面/CS309_OOAD_online_judge/userCodes/11712225/Main.c
[D 190923 00:22:36 Judger:30] COMPILE COMMAND: g++ /home/isc-/桌面/CS309_OOAD_online_judge/userCodes/11712225/Main.c -o /home/isc-/桌面/CS309_OOAD_online_judge/userCodes/11712225/Main
[D 190923 00:22:36 Judger:61] RUNNING CODE: /home/isc-/桌面/CS309_OOAD_online_judge/userCodes/11712225/Main 2.in
[D 190923 00:22:36 Judger:64] RUNNING COMMAND: /home/isc-/桌面/CS309_OOAD_online_judge/userCodes/11712225/Main < /home/isc-/桌面/CS309_OOAD_online_judge/data/1001/2.in> /home/isc-/桌面/CS309_OOAD_online_judge/userCodes/11712225/2.out
[D 190923 00:22:36 Judger:61] RUNNING CODE: /home/isc-/桌面/CS309_OOAD_online_judge/userCodes/11712225/Main 1.in
[D 190923 00:22:36 Judger:64] RUNNING COMMAND: /home/isc-/桌面/CS309_OOAD_online_judge/userCodes/11712225/Main < /home/isc-/桌面/CS309_OOAD_online_judge/data/1001/1.in> /home/isc-/桌面/CS309_OOAD_online_judge/userCodes/11712225/1.out
[D 190923 00:22:36 Judger:90] /home/isc-/桌面/CS309_OOAD_online_judge/userCodes/11712225/
[D 190923 00:22:36 Judger:91] /home/isc-/桌面/CS309_OOAD_online_judge/data/1001/
[D 190923 00:22:36 Judger:93] 1.0
[D 190923 00:22:36 Judger:28] COMPILING CODE: /home/isc-/桌面/CS309_OOAD_online_judge/userCodes/11712225/Main.java
[D 190923 00:22:36 Judger:36] COMPILING COMMAND: javac /home/isc-/桌面/CS309_OOAD_online_judge/userCodes/11712225/Main.java
[D 190923 00:22:37 Judger:61] RUNNING CODE: /home/isc-/桌面/CS309_OOAD_online_judge/userCodes/11712225/Main 2.in
[D 190923 00:22:37 Judger:70] RUNNING COMMAND: java -cp /home/isc-/桌面/CS309_OOAD_online_judge/userCodes/11712225/ Main < /home/isc-/桌面/CS309_OOAD_online_judge/data/1001/2.in > /home/isc-/桌面/CS309_OOAD_online_judge/userCodes/11712225/2.out
[D 190923 00:22:37 Judger:61] RUNNING CODE: /home/isc-/桌面/CS309_OOAD_online_judge/userCodes/11712225/Main 1.in
[D 190923 00:22:37 Judger:70] RUNNING COMMAND: java -cp /home/isc-/桌面/CS309_OOAD_online_judge/userCodes/11712225/ Main < /home/isc-/桌面/CS309_OOAD_online_judge/data/1001/1.in > /home/isc-/桌面/CS309_OOAD_online_judge/userCodes/11712225/1.out
[D 190923 00:22:37 Judger:90] /home/isc-/桌面/CS309_OOAD_online_judge/userCodes/11712225/
[D 190923 00:22:37 Judger:91] /home/isc-/桌面/CS309_OOAD_online_judge/data/1001/
[D 190923 00:22:37 Judger:93] 1.0
[D 190923 00:26:07 Judger:28] COMPILING CODE: /home/isc-/桌面/CS309_OOAD_online_judge/userCodes/11712225/Main.cpp
[D 190923 00:26:07 Judger:30] COMPILE COMMAND: g++ /home/isc-/桌面/CS309_OOAD_online_judge/userCodes/11712225/Main.cpp -o /home/isc-/桌面/CS309_OOAD_online_judge/userCodes/11712225/Main
[D 190923 00:26:08 Judger:62] RUNNING CODE: /home/isc-/桌面/CS309_OOAD_online_judge/userCodes/11712225/Main 2.in
[D 190923 00:26:08 Judger:65] RUNNING COMMAND: /home/isc-/桌面/CS309_OOAD_online_judge/userCodes/11712225/Main < /home/isc-/桌面/CS309_OOAD_online_judge/data/1001/2.in> /home/isc-/桌面/CS309_OOAD_online_judge/userCodes/11712225/2.out
[D 190923 00:26:08 Judger:62] RUNNING CODE: /home/isc-/桌面/CS309_OOAD_online_judge/userCodes/11712225/Main 1.in
[D 190923 00:26:08 Judger:65] RUNNING COMMAND: /home/isc-/桌面/CS309_OOAD_online_judge/userCodes/11712225/Main < /home/isc-/桌面/CS309_OOAD_online_judge/data/1001/1.in> /home/isc-/桌面/CS309_OOAD_online_judge/userCodes/11712225/1.out
[D 190923 00:26:08 Judger:91] /home/isc-/桌面/CS309_OOAD_online_judge/userCodes/11712225/
[D 190923 00:26:08 Judger:92] /home/isc-/桌面/CS309_OOAD_online_judge/data/1001/
[D 190923 00:26:08 Judger:94] 1.0
[D 190923 00:26:23 Judger:28] COMPILING CODE: /home/isc-/桌面/CS309_OOAD_online_judge/userCodes/11712225/Main.cpp
[D 190923 00:26:23 Judger:30] COMPILE COMMAND: g++ /home/isc-/桌面/CS309_OOAD_online_judge/userCodes/11712225/Main.cpp -o /home/isc-/桌面/CS309_OOAD_online_judge/userCodes/11712225/Main
[D 190923 00:26:23 Judger:62] RUNNING CODE: /home/isc-/桌面/CS309_OOAD_online_judge/userCodes/11712225/Main 2.in
[D 190923 00:26:23 Judger:65] RUNNING COMMAND: /home/isc-/桌面/CS309_OOAD_online_judge/userCodes/11712225/Main < /home/isc-/桌面/CS309_OOAD_online_judge/data/1001/2.in> /home/isc-/桌面/CS309_OOAD_online_judge/userCodes/11712225/2.out
[D 190923 00:26:23 Judger:62] RUNNING CODE: /home/isc-/桌面/CS309_OOAD_online_judge/userCodes/11712225/Main 1.in
[D 190923 00:26:23 Judger:65] RUNNING COMMAND: /home/isc-/桌面/CS309_OOAD_online_judge/userCodes/11712225/Main < /home/isc-/桌面/CS309_OOAD_online_judge/data/1001/1.in> /home/isc-/桌面/CS309_OOAD_online_judge/userCodes/11712225/1.out
[D 190923 00:26:23 Judger:91] /home/isc-/桌面/CS309_OOAD_online_judge/userCodes/11712225/
[D 190923 00:26:23 Judger:92] /home/isc-/桌面/CS309_OOAD_online_judge/data/1001/
[D 190923 00:26:23 Judger:94] 1.0
