[I 191003 22:31:51 main:42] _____________________START____________________________
[I 191003 22:31:51 main:43] Searching solution_id: 1
[I 191003 22:31:51 Judger:66] COMPILING CODE: /home/isc-/Desktop/CS309_OOAD_online_judge/userCodes/Main.c
[I 191003 22:31:51 Judger:40] COMPILE COMMAND: g++ /home/isc-/Desktop/CS309_OOAD_online_judge/userCodes/Main.c -o /home/isc-/Desktop/CS309_OOAD_online_judge/userCodes/Main
[I 191003 22:31:51 Judger:127] RUNNING CODE: /home/isc-/Desktop/CS309_OOAD_online_judge/userCodes/Main 2.in
[I 191003 22:31:51 Judger:101] RUNNING COMMAND: /home/isc-/Desktop/CS309_OOAD_online_judge/userCodes/Main < /home/isc-/Desktop/CS309_OOAD_online_judge/data/1001/2.in > /home/isc-/Desktop/CS309_OOAD_online_judge/userCodes/2.out
[D 191003 22:31:51 Judger:105] docker run -u 1000:1000 --name 4984118447225996709 -v /home/isc-/Desktop/CS309_OOAD_online_judge/JudgeServer/JudgeServer/Running_Code.py:/home/isc-/Desktop/CS309_OOAD_online_judge/JudgeServer/JudgeServer/Running_Code.py -v /home/isc-/Desktop/CS309_OOAD_online_judge/userCodes/:/home/isc-/Desktop/CS309_OOAD_online_judge/userCodes/ -v /home/isc-/Desktop/CS309_OOAD_online_judge/data/1001/2.in:/home/isc-/Desktop/CS309_OOAD_online_judge/data/1001/2.in judge:v2 python3 /home/isc-/Desktop/CS309_OOAD_online_judge/JudgeServer/JudgeServer/Running_Code.py '/home/isc-/Desktop/CS309_OOAD_online_judge/userCodes/Main < /home/isc-/Desktop/CS309_OOAD_online_judge/data/1001/2.in > /home/isc-/Desktop/CS309_OOAD_online_judge/userCodes/2.out' 1 134217728 '/home/isc-/Desktop/CS309_OOAD_online_judge/userCodes/' 2> /home/isc-/Desktop/CS309_OOAD_online_judge/userCodes/runtime_result.log
[D 191003 22:31:51 Judger:141] {'TLE': False, 'memory': 229376, 'error': '', 'time': 0.016312122344970703, 'MLE': False}
[I 191003 22:31:52 Judger:127] RUNNING CODE: /home/isc-/Desktop/CS309_OOAD_online_judge/userCodes/Main 1.in
[I 191003 22:31:52 Judger:101] RUNNING COMMAND: /home/isc-/Desktop/CS309_OOAD_online_judge/userCodes/Main < /home/isc-/Desktop/CS309_OOAD_online_judge/data/1001/1.in > /home/isc-/Desktop/CS309_OOAD_online_judge/userCodes/1.out
[D 191003 22:31:52 Judger:105] docker run -u 1000:1000 --name 8666895037971562220 -v /home/isc-/Desktop/CS309_OOAD_online_judge/JudgeServer/JudgeServer/Running_Code.py:/home/isc-/Desktop/CS309_OOAD_online_judge/JudgeServer/JudgeServer/Running_Code.py -v /home/isc-/Desktop/CS309_OOAD_online_judge/userCodes/:/home/isc-/Desktop/CS309_OOAD_online_judge/userCodes/ -v /home/isc-/Desktop/CS309_OOAD_online_judge/data/1001/1.in:/home/isc-/Desktop/CS309_OOAD_online_judge/data/1001/1.in judge:v2 python3 /home/isc-/Desktop/CS309_OOAD_online_judge/JudgeServer/JudgeServer/Running_Code.py '/home/isc-/Desktop/CS309_OOAD_online_judge/userCodes/Main < /home/isc-/Desktop/CS309_OOAD_online_judge/data/1001/1.in > /home/isc-/Desktop/CS309_OOAD_online_judge/userCodes/1.out' 1 134217728 '/home/isc-/Desktop/CS309_OOAD_online_judge/userCodes/' 2> /home/isc-/Desktop/CS309_OOAD_online_judge/userCodes/runtime_result.log
[D 191003 22:31:52 Judger:141] {'memory': 45056, 'time': 0.020920515060424805, 'MLE': False, 'TLE': False, 'error': ''}
[D 191003 22:31:53 Judger:169] {'time': 0.03723263740539551, 'error': '', 'TLE': False, 'MLE': False, 'memory': 274432}
[D 191003 22:31:53 main:56] Searching end with the result '{'time': 0.03723263740539551, 'memory': 274432, 'result': 4, 'error': ''}'
[I 191003 22:31:53 main:58] ______________________END_____________________________
[I 191003 22:31:53 main:42] _____________________START____________________________
[I 191003 22:31:53 main:43] Searching solution_id: 2
[I 191003 22:31:53 Judger:66] COMPILING CODE: /home/isc-/Desktop/CS309_OOAD_online_judge/userCodes/Main.c
[I 191003 22:31:53 Judger:40] COMPILE COMMAND: g++ /home/isc-/Desktop/CS309_OOAD_online_judge/userCodes/Main.c -o /home/isc-/Desktop/CS309_OOAD_online_judge/userCodes/Main
[I 191003 22:31:53 Judger:127] RUNNING CODE: /home/isc-/Desktop/CS309_OOAD_online_judge/userCodes/Main 2.in
[I 191003 22:31:53 Judger:101] RUNNING COMMAND: /home/isc-/Desktop/CS309_OOAD_online_judge/userCodes/Main < /home/isc-/Desktop/CS309_OOAD_online_judge/data/1001/2.in > /home/isc-/Desktop/CS309_OOAD_online_judge/userCodes/2.out
[D 191003 22:31:53 Judger:105] docker run -u 1000:1000 --name 5124796895477729092 -v /home/isc-/Desktop/CS309_OOAD_online_judge/JudgeServer/JudgeServer/Running_Code.py:/home/isc-/Desktop/CS309_OOAD_online_judge/JudgeServer/JudgeServer/Running_Code.py -v /home/isc-/Desktop/CS309_OOAD_online_judge/userCodes/:/home/isc-/Desktop/CS309_OOAD_online_judge/userCodes/ -v /home/isc-/Desktop/CS309_OOAD_online_judge/data/1001/2.in:/home/isc-/Desktop/CS309_OOAD_online_judge/data/1001/2.in judge:v2 python3 /home/isc-/Desktop/CS309_OOAD_online_judge/JudgeServer/JudgeServer/Running_Code.py '/home/isc-/Desktop/CS309_OOAD_online_judge/userCodes/Main < /home/isc-/Desktop/CS309_OOAD_online_judge/data/1001/2.in > /home/isc-/Desktop/CS309_OOAD_online_judge/userCodes/2.out' 1 134217728 '/home/isc-/Desktop/CS309_OOAD_online_judge/userCodes/' 2> /home/isc-/Desktop/CS309_OOAD_online_judge/userCodes/runtime_result.log
[D 191003 22:31:53 Judger:134] NOT EXISTS DOCKER_RESULT_LOG
[D 191003 22:31:54 Judger:141] {'TLE': False, 'error': '', 'memory': 45056, 'time': 0.002280712127685547, 'MLE': False}
[I 191003 22:31:54 Judger:127] RUNNING CODE: /home/isc-/Desktop/CS309_OOAD_online_judge/userCodes/Main 1.in
[I 191003 22:31:54 Judger:101] RUNNING COMMAND: /home/isc-/Desktop/CS309_OOAD_online_judge/userCodes/Main < /home/isc-/Desktop/CS309_OOAD_online_judge/data/1001/1.in > /home/isc-/Desktop/CS309_OOAD_online_judge/userCodes/1.out
[D 191003 22:31:54 Judger:105] docker run -u 1000:1000 --name 4620174957247662265 -v /home/isc-/Desktop/CS309_OOAD_online_judge/JudgeServer/JudgeServer/Running_Code.py:/home/isc-/Desktop/CS309_OOAD_online_judge/JudgeServer/JudgeServer/Running_Code.py -v /home/isc-/Desktop/CS309_OOAD_online_judge/userCodes/:/home/isc-/Desktop/CS309_OOAD_online_judge/userCodes/ -v /home/isc-/Desktop/CS309_OOAD_online_judge/data/1001/1.in:/home/isc-/Desktop/CS309_OOAD_online_judge/data/1001/1.in judge:v2 python3 /home/isc-/Desktop/CS309_OOAD_online_judge/JudgeServer/JudgeServer/Running_Code.py '/home/isc-/Desktop/CS309_OOAD_online_judge/userCodes/Main < /home/isc-/Desktop/CS309_OOAD_online_judge/data/1001/1.in > /home/isc-/Desktop/CS309_OOAD_online_judge/userCodes/1.out' 1 134217728 '/home/isc-/Desktop/CS309_OOAD_online_judge/userCodes/' 2> /home/isc-/Desktop/CS309_OOAD_online_judge/userCodes/runtime_result.log
[D 191003 22:31:54 Judger:141] {'TLE': False, 'error': '', 'memory': 45056, 'time': 0.002280712127685547, 'MLE': False}
[D 191003 22:31:55 Judger:169] {'time': 0.004561424255371094, 'error': '', 'TLE': False, 'MLE': False, 'memory': 90112}
[D 191003 22:31:55 main:56] Searching end with the result '{'time': 0.004561424255371094, 'memory': 90112, 'result': 6, 'error': ''}'
[I 191003 22:31:55 main:58] ______________________END_____________________________
[I 191003 22:31:55 main:42] _____________________START____________________________
[I 191003 22:31:55 main:43] Searching solution_id: 3
[I 191003 22:31:55 Judger:66] COMPILING CODE: /home/isc-/Desktop/CS309_OOAD_online_judge/userCodes/Main.c
[I 191003 22:31:55 Judger:40] COMPILE COMMAND: g++ /home/isc-/Desktop/CS309_OOAD_online_judge/userCodes/Main.c -o /home/isc-/Desktop/CS309_OOAD_online_judge/userCodes/Main
[D 191003 22:31:55 main:56] Searching end with the result '{'time': 0, 'memory': 0, 'result': 11, 'error': '/home/isc-/Desktop/CS309_OOAD_online_judge/userCodes/Main.c:1:2: 错误：invalid preprocessing directive #includde; did you mean #include?\n    1 | #includde <stdio.h>\n      |  ^~~~~~~~\n      |  include\n/home/isc-/Desktop/CS309_OOAD_online_judge/userCodes/Main.c: 在函数‘int main()’中:\n/home/isc-/Desktop/CS309_OOAD_online_judge/userCodes/Main.c:6:2: 错误：‘scanf’在此作用域中尚未声明\n    6 |  scanf("%d", &a);\n      |  ^~~~~\n/home/isc-/Desktop/CS309_OOAD_online_judge/userCodes/Main.c:8:3: 错误：‘printf’在此作用域中尚未声明\n    8 |   printf("%d\\n", i);\n      |   ^~~~~~\n/home/isc-/Desktop/CS309_OOAD_online_judge/userCodes/Main.c:1:1: 附注：‘printf’ is defined in header ‘<cstdio>’; did you forget to ‘#include <cstdio>’?\n  +++ |+#include <cstdio>\n    1 | #includde <stdio.h>\n'}'
[I 191003 22:31:55 main:58] ______________________END_____________________________
[I 191003 22:31:55 main:42] _____________________START____________________________
[I 191003 22:31:55 main:43] Searching solution_id: 4
[I 191003 22:31:55 Judger:66] COMPILING CODE: /home/isc-/Desktop/CS309_OOAD_online_judge/userCodes/Main.c
[I 191003 22:31:55 Judger:40] COMPILE COMMAND: g++ /home/isc-/Desktop/CS309_OOAD_online_judge/userCodes/Main.c -o /home/isc-/Desktop/CS309_OOAD_online_judge/userCodes/Main
[I 191003 22:31:55 Judger:127] RUNNING CODE: /home/isc-/Desktop/CS309_OOAD_online_judge/userCodes/Main 2.in
[I 191003 22:31:55 Judger:101] RUNNING COMMAND: /home/isc-/Desktop/CS309_OOAD_online_judge/userCodes/Main < /home/isc-/Desktop/CS309_OOAD_online_judge/data/1001/2.in > /home/isc-/Desktop/CS309_OOAD_online_judge/userCodes/2.out
[D 191003 22:31:55 Judger:105] docker run -u 1000:1000 --name 5352400996511548211 -v /home/isc-/Desktop/CS309_OOAD_online_judge/JudgeServer/JudgeServer/Running_Code.py:/home/isc-/Desktop/CS309_OOAD_online_judge/JudgeServer/JudgeServer/Running_Code.py -v /home/isc-/Desktop/CS309_OOAD_online_judge/userCodes/:/home/isc-/Desktop/CS309_OOAD_online_judge/userCodes/ -v /home/isc-/Desktop/CS309_OOAD_online_judge/data/1001/2.in:/home/isc-/Desktop/CS309_OOAD_online_judge/data/1001/2.in judge:v2 python3 /home/isc-/Desktop/CS309_OOAD_online_judge/JudgeServer/JudgeServer/Running_Code.py '/home/isc-/Desktop/CS309_OOAD_online_judge/userCodes/Main < /home/isc-/Desktop/CS309_OOAD_online_judge/data/1001/2.in > /home/isc-/Desktop/CS309_OOAD_online_judge/userCodes/2.out' 1 134217728 '/home/isc-/Desktop/CS309_OOAD_online_judge/userCodes/' 2> /home/isc-/Desktop/CS309_OOAD_online_judge/userCodes/runtime_result.log
[D 191003 22:31:55 Judger:134] NOT EXISTS DOCKER_RESULT_LOG
[D 191003 22:31:56 Judger:141] {'error': 'Segmentation fault (core dumped)\n', 'memory': 45056, 'MLE': False, 'TLE': False, 'time': 0.18155550956726074}
[D 191003 22:31:56 Judger:169] {'time': 0.18155550956726074, 'error': 'Segmentation fault (core dumped)\n', 'TLE': False, 'MLE': False, 'memory': 45056}
[D 191003 22:31:56 main:56] Searching end with the result '{'time': 0.18155550956726074, 'memory': 45056, 'result': 10, 'error': 'Segmentation fault (core dumped)\n'}'
[I 191003 22:31:56 main:58] ______________________END_____________________________
[I 191003 22:31:56 main:42] _____________________START____________________________
[I 191003 22:31:56 main:43] Searching solution_id: 5
[I 191003 22:31:56 Judger:66] COMPILING CODE: /home/isc-/Desktop/CS309_OOAD_online_judge/userCodes/Main.cpp
[I 191003 22:31:56 Judger:40] COMPILE COMMAND: g++ /home/isc-/Desktop/CS309_OOAD_online_judge/userCodes/Main.cpp -o /home/isc-/Desktop/CS309_OOAD_online_judge/userCodes/Main
[I 191003 22:31:57 Judger:127] RUNNING CODE: /home/isc-/Desktop/CS309_OOAD_online_judge/userCodes/Main 2.in
[I 191003 22:31:57 Judger:101] RUNNING COMMAND: /home/isc-/Desktop/CS309_OOAD_online_judge/userCodes/Main < /home/isc-/Desktop/CS309_OOAD_online_judge/data/1001/2.in > /home/isc-/Desktop/CS309_OOAD_online_judge/userCodes/2.out
[D 191003 22:31:57 Judger:105] docker run -u 1000:1000 --name 2184824004271947992 -v /home/isc-/Desktop/CS309_OOAD_online_judge/JudgeServer/JudgeServer/Running_Code.py:/home/isc-/Desktop/CS309_OOAD_online_judge/JudgeServer/JudgeServer/Running_Code.py -v /home/isc-/Desktop/CS309_OOAD_online_judge/userCodes/:/home/isc-/Desktop/CS309_OOAD_online_judge/userCodes/ -v /home/isc-/Desktop/CS309_OOAD_online_judge/data/1001/2.in:/home/isc-/Desktop/CS309_OOAD_online_judge/data/1001/2.in judge:v2 python3 /home/isc-/Desktop/CS309_OOAD_online_judge/JudgeServer/JudgeServer/Running_Code.py '/home/isc-/Desktop/CS309_OOAD_online_judge/userCodes/Main < /home/isc-/Desktop/CS309_OOAD_online_judge/data/1001/2.in > /home/isc-/Desktop/CS309_OOAD_online_judge/userCodes/2.out' 1 134217728 '/home/isc-/Desktop/CS309_OOAD_online_judge/userCodes/' 2> /home/isc-/Desktop/CS309_OOAD_online_judge/userCodes/runtime_result.log
[D 191003 22:31:57 Judger:134] NOT EXISTS DOCKER_RESULT_LOG
[D 191003 22:31:59 Judger:141] {'MLE': False, 'TLE': False, 'memory': 45056, 'error': '', 'time': 0.004648447036743164}
[I 191003 22:31:59 Judger:127] RUNNING CODE: /home/isc-/Desktop/CS309_OOAD_online_judge/userCodes/Main 1.in
[I 191003 22:31:59 Judger:101] RUNNING COMMAND: /home/isc-/Desktop/CS309_OOAD_online_judge/userCodes/Main < /home/isc-/Desktop/CS309_OOAD_online_judge/data/1001/1.in > /home/isc-/Desktop/CS309_OOAD_online_judge/userCodes/1.out
[D 191003 22:31:59 Judger:105] docker run -u 1000:1000 --name 530746036211772655 -v /home/isc-/Desktop/CS309_OOAD_online_judge/JudgeServer/JudgeServer/Running_Code.py:/home/isc-/Desktop/CS309_OOAD_online_judge/JudgeServer/JudgeServer/Running_Code.py -v /home/isc-/Desktop/CS309_OOAD_online_judge/userCodes/:/home/isc-/Desktop/CS309_OOAD_online_judge/userCodes/ -v /home/isc-/Desktop/CS309_OOAD_online_judge/data/1001/1.in:/home/isc-/Desktop/CS309_OOAD_online_judge/data/1001/1.in judge:v2 python3 /home/isc-/Desktop/CS309_OOAD_online_judge/JudgeServer/JudgeServer/Running_Code.py '/home/isc-/Desktop/CS309_OOAD_online_judge/userCodes/Main < /home/isc-/Desktop/CS309_OOAD_online_judge/data/1001/1.in > /home/isc-/Desktop/CS309_OOAD_online_judge/userCodes/1.out' 1 134217728 '/home/isc-/Desktop/CS309_OOAD_online_judge/userCodes/' 2> /home/isc-/Desktop/CS309_OOAD_online_judge/userCodes/runtime_result.log
[D 191003 22:31:59 Judger:141] {'MLE': False, 'TLE': False, 'memory': 45056, 'error': '', 'time': 0.004648447036743164}
[D 191003 22:32:00 Judger:169] {'time': 0.009296894073486328, 'error': '', 'TLE': False, 'MLE': False, 'memory': 90112}
[D 191003 22:32:00 main:56] Searching end with the result '{'time': 0.009296894073486328, 'memory': 90112, 'result': 4, 'error': ''}'
[I 191003 22:32:00 main:58] ______________________END_____________________________
[I 191003 22:32:00 main:42] _____________________START____________________________
[I 191003 22:32:00 main:43] Searching solution_id: 6
[I 191003 22:32:00 Judger:66] COMPILING CODE: /home/isc-/Desktop/CS309_OOAD_online_judge/userCodes/Main.cpp
[I 191003 22:32:00 Judger:40] COMPILE COMMAND: g++ /home/isc-/Desktop/CS309_OOAD_online_judge/userCodes/Main.cpp -o /home/isc-/Desktop/CS309_OOAD_online_judge/userCodes/Main
[I 191003 22:32:00 Judger:127] RUNNING CODE: /home/isc-/Desktop/CS309_OOAD_online_judge/userCodes/Main 2.in
[I 191003 22:32:00 Judger:101] RUNNING COMMAND: /home/isc-/Desktop/CS309_OOAD_online_judge/userCodes/Main < /home/isc-/Desktop/CS309_OOAD_online_judge/data/1001/2.in > /home/isc-/Desktop/CS309_OOAD_online_judge/userCodes/2.out
[D 191003 22:32:00 Judger:105] docker run -u 1000:1000 --name 5916859320423070379 -v /home/isc-/Desktop/CS309_OOAD_online_judge/JudgeServer/JudgeServer/Running_Code.py:/home/isc-/Desktop/CS309_OOAD_online_judge/JudgeServer/JudgeServer/Running_Code.py -v /home/isc-/Desktop/CS309_OOAD_online_judge/userCodes/:/home/isc-/Desktop/CS309_OOAD_online_judge/userCodes/ -v /home/isc-/Desktop/CS309_OOAD_online_judge/data/1001/2.in:/home/isc-/Desktop/CS309_OOAD_online_judge/data/1001/2.in judge:v2 python3 /home/isc-/Desktop/CS309_OOAD_online_judge/JudgeServer/JudgeServer/Running_Code.py '/home/isc-/Desktop/CS309_OOAD_online_judge/userCodes/Main < /home/isc-/Desktop/CS309_OOAD_online_judge/data/1001/2.in > /home/isc-/Desktop/CS309_OOAD_online_judge/userCodes/2.out' 1 134217728 '/home/isc-/Desktop/CS309_OOAD_online_judge/userCodes/' 2> /home/isc-/Desktop/CS309_OOAD_online_judge/userCodes/runtime_result.log
[D 191003 22:32:00 Judger:134] NOT EXISTS DOCKER_RESULT_LOG
[D 191003 22:32:02 Judger:141] {'memory': 45056, 'TLE': False, 'error': '', 'MLE': False, 'time': 0.002784252166748047}
[I 191003 22:32:02 Judger:127] RUNNING CODE: /home/isc-/Desktop/CS309_OOAD_online_judge/userCodes/Main 1.in
[I 191003 22:32:02 Judger:101] RUNNING COMMAND: /home/isc-/Desktop/CS309_OOAD_online_judge/userCodes/Main < /home/isc-/Desktop/CS309_OOAD_online_judge/data/1001/1.in > /home/isc-/Desktop/CS309_OOAD_online_judge/userCodes/1.out
[D 191003 22:32:02 Judger:105] docker run -u 1000:1000 --name 7845383600753783798 -v /home/isc-/Desktop/CS309_OOAD_online_judge/JudgeServer/JudgeServer/Running_Code.py:/home/isc-/Desktop/CS309_OOAD_online_judge/JudgeServer/JudgeServer/Running_Code.py -v /home/isc-/Desktop/CS309_OOAD_online_judge/userCodes/:/home/isc-/Desktop/CS309_OOAD_online_judge/userCodes/ -v /home/isc-/Desktop/CS309_OOAD_online_judge/data/1001/1.in:/home/isc-/Desktop/CS309_OOAD_online_judge/data/1001/1.in judge:v2 python3 /home/isc-/Desktop/CS309_OOAD_online_judge/JudgeServer/JudgeServer/Running_Code.py '/home/isc-/Desktop/CS309_OOAD_online_judge/userCodes/Main < /home/isc-/Desktop/CS309_OOAD_online_judge/data/1001/1.in > /home/isc-/Desktop/CS309_OOAD_online_judge/userCodes/1.out' 1 134217728 '/home/isc-/Desktop/CS309_OOAD_online_judge/userCodes/' 2> /home/isc-/Desktop/CS309_OOAD_online_judge/userCodes/runtime_result.log
[D 191003 22:32:02 Judger:141] {'memory': 45056, 'TLE': False, 'error': '', 'MLE': False, 'time': 0.002784252166748047}
[D 191003 22:32:03 Judger:169] {'time': 0.005568504333496094, 'error': '', 'TLE': False, 'MLE': False, 'memory': 90112}
[D 191003 22:32:03 main:56] Searching end with the result '{'time': 0.005568504333496094, 'memory': 90112, 'result': 6, 'error': ''}'
[I 191003 22:32:03 main:58] ______________________END_____________________________
[I 191003 22:32:03 main:42] _____________________START____________________________
[I 191003 22:32:03 main:43] Searching solution_id: 7
[I 191003 22:32:03 Judger:66] COMPILING CODE: /home/isc-/Desktop/CS309_OOAD_online_judge/userCodes/Main.cpp
[I 191003 22:32:03 Judger:40] COMPILE COMMAND: g++ /home/isc-/Desktop/CS309_OOAD_online_judge/userCodes/Main.cpp -o /home/isc-/Desktop/CS309_OOAD_online_judge/userCodes/Main
[D 191003 22:32:03 main:56] Searching end with the result '{'time': 0, 'memory': 0, 'result': 11, 'error': '/home/isc-/Desktop/CS309_OOAD_online_judge/userCodes/Main.cpp:1:2: 错误：invalid preprocessing directive #idnclude; did you mean #include?\n    1 | #idnclude <bits/stdc++.h>\n      |  ^~~~~~~~\n      |  include\n/home/isc-/Desktop/CS309_OOAD_online_judge/userCodes/Main.cpp: 在函数‘int main()’中:\n/home/isc-/Desktop/CS309_OOAD_online_judge/userCodes/Main.cpp:6:2: 错误：‘cin’在此作用域中尚未声明\n    6 |  cin >> a;\n      |  ^~~\n/home/isc-/Desktop/CS309_OOAD_online_judge/userCodes/Main.cpp:1:1: 附注：‘std::cin’ is defined in header ‘<iostream>’; did you forget to ‘#include <iostream>’?\n  +++ |+#include <iostream>\n    1 | #idnclude <bits/stdc++.h>\n/home/isc-/Desktop/CS309_OOAD_online_judge/userCodes/Main.cpp:8:3: 错误：‘cout’在此作用域中尚未声明\n    8 |   cout << i << endl;\n      |   ^~~~\n/home/isc-/Desktop/CS309_OOAD_online_judge/userCodes/Main.cpp:8:3: 附注：‘std::cout’ is defined in header ‘<iostream>’; did you forget to ‘#include <iostream>’?\n/home/isc-/Desktop/CS309_OOAD_online_judge/userCodes/Main.cpp:8:16: 错误：‘endl’在此作用域中尚未声明\n    8 |   cout << i << endl;\n      |                ^~~~\n/home/isc-/Desktop/CS309_OOAD_online_judge/userCodes/Main.cpp:1:1: 附注：‘std::endl’ is defined in header ‘<ostream>’; did you forget to ‘#include <ostream>’?\n  +++ |+#include <ostream>\n    1 | #idnclude <bits/stdc++.h>\n'}'
[I 191003 22:32:03 main:58] ______________________END_____________________________
[I 191003 22:32:03 main:42] _____________________START____________________________
[I 191003 22:32:03 main:43] Searching solution_id: 8
[I 191003 22:32:03 Judger:66] COMPILING CODE: /home/isc-/Desktop/CS309_OOAD_online_judge/userCodes/Main.cpp
[I 191003 22:32:03 Judger:40] COMPILE COMMAND: g++ /home/isc-/Desktop/CS309_OOAD_online_judge/userCodes/Main.cpp -o /home/isc-/Desktop/CS309_OOAD_online_judge/userCodes/Main
[D 191003 22:32:04 main:56] Searching end with the result '{'time': 0, 'memory': 0, 'result': 11, 'error': '/home/isc-/Desktop/CS309_OOAD_online_judge/userCodes/Main.cpp: 在函数‘int main()’中:\n/home/isc-/Desktop/CS309_OOAD_online_judge/userCodes/Main.cpp:5:2: 错误：‘cin’ was not declared in this scope; did you mean ‘std::cin’?\n    5 |  cin >> a;\n      |  ^~~\n      |  std::cin\nIn file included from /usr/include/c++/9.1.0/x86_64-pc-linux-gnu/bits/stdc++.h:75,\n                 from /home/isc-/Desktop/CS309_OOAD_online_judge/userCodes/Main.cpp:1:\n/usr/include/c++/9.1.0/iostream:60:18: 附注：‘std::cin’ declared here\n   60 |   extern istream cin;  /// Linked to standard input\n      |                  ^~~\n/home/isc-/Desktop/CS309_OOAD_online_judge/userCodes/Main.cpp:7:3: 错误：‘cout’ was not declared in this scope; did you mean ‘std::cout’?\n    7 |   cout << i << endl;\n      |   ^~~~\n      |   std::cout\nIn file included from /usr/include/c++/9.1.0/x86_64-pc-linux-gnu/bits/stdc++.h:75,\n                 from /home/isc-/Desktop/CS309_OOAD_online_judge/userCodes/Main.cpp:1:\n/usr/include/c++/9.1.0/iostream:61:18: 附注：‘std::cout’ declared here\n   61 |   extern ostream cout;  /// Linked to standard output\n      |                  ^~~~\n/home/isc-/Desktop/CS309_OOAD_online_judge/userCodes/Main.cpp:7:16: 错误：‘endl’ was not declared in this scope; did you mean ‘std::endl’?\n    7 |   cout << i << endl;\n      |                ^~~~\n      |                std::endl\nIn file included from /usr/include/c++/9.1.0/istream:39,\n                 from /usr/include/c++/9.1.0/sstream:38,\n                 from /usr/include/c++/9.1.0/complex:45,\n                 from /usr/include/c++/9.1.0/ccomplex:39,\n                 from /usr/include/c++/9.1.0/x86_64-pc-linux-gnu/bits/stdc++.h:54,\n                 from /home/isc-/Desktop/CS309_OOAD_online_judge/userCodes/Main.cpp:1:\n/usr/include/c++/9.1.0/ostream:599:5: 附注：‘std::endl’ declared here\n  599 |     endl(basic_ostream<_CharT, _Traits>& __os)\n      |     ^~~~\n'}'
[I 191003 22:32:04 main:58] ______________________END_____________________________
[I 191003 22:32:04 main:42] _____________________START____________________________
[I 191003 22:32:04 main:43] Searching solution_id: 9
[I 191003 22:32:04 Judger:66] COMPILING CODE: /home/isc-/Desktop/CS309_OOAD_online_judge/userCodes/Main.java
[I 191003 22:32:04 Judger:57] COMPILING COMMAND: javac /home/isc-/Desktop/CS309_OOAD_online_judge/userCodes/Main.java
[I 191003 22:32:05 Judger:127] RUNNING CODE: /home/isc-/Desktop/CS309_OOAD_online_judge/userCodes/Main 2.in
[I 191003 22:32:05 Judger:101] RUNNING COMMAND: java -cp /home/isc-/Desktop/CS309_OOAD_online_judge/userCodes// Main < /home/isc-/Desktop/CS309_OOAD_online_judge/data/1001/2.in > /home/isc-/Desktop/CS309_OOAD_online_judge/userCodes/2.out
[D 191003 22:32:05 Judger:105] docker run -u 1000:1000 --name 6178740479172730160 -v /home/isc-/Desktop/CS309_OOAD_online_judge/JudgeServer/JudgeServer/Running_Code.py:/home/isc-/Desktop/CS309_OOAD_online_judge/JudgeServer/JudgeServer/Running_Code.py -v /home/isc-/Desktop/CS309_OOAD_online_judge/userCodes/:/home/isc-/Desktop/CS309_OOAD_online_judge/userCodes/ -v /home/isc-/Desktop/CS309_OOAD_online_judge/data/1001/2.in:/home/isc-/Desktop/CS309_OOAD_online_judge/data/1001/2.in judge:v2 python3 /home/isc-/Desktop/CS309_OOAD_online_judge/JudgeServer/JudgeServer/Running_Code.py 'java -cp /home/isc-/Desktop/CS309_OOAD_online_judge/userCodes// Main < /home/isc-/Desktop/CS309_OOAD_online_judge/data/1001/2.in > /home/isc-/Desktop/CS309_OOAD_online_judge/userCodes/2.out' 3 671088640 '/home/isc-/Desktop/CS309_OOAD_online_judge/userCodes/' 2> /home/isc-/Desktop/CS309_OOAD_online_judge/userCodes/runtime_result.log
[D 191003 22:32:05 Judger:134] NOT EXISTS DOCKER_RESULT_LOG
[D 191003 22:32:06 Judger:141] {'TLE': False, 'memory': 45056, 'error': 'Error: A JNI error has occurred, please check your installation and try again\nException in thread "main" java.lang.UnsupportedClassVersionError: Main has been compiled by a more recent version of the Java Runtime (class file version 55.0), this version of the Java Runtime only recognizes class file versions up to 52.0\n\tat java.lang.ClassLoader.defineClass1(Native Method)\n\tat java.lang.ClassLoader.defineClass(ClassLoader.java:763)\n\tat java.security.SecureClassLoader.defineClass(SecureClassLoader.java:142)\n\tat java.net.URLClassLoader.defineClass(URLClassLoader.java:468)\n\tat java.net.URLClassLoader.access$100(URLClassLoader.java:74)\n\tat java.net.URLClassLoader$1.run(URLClassLoader.java:369)\n\tat java.net.URLClassLoader$1.run(URLClassLoader.java:363)\n\tat java.security.AccessController.doPrivileged(Native Method)\n\tat java.net.URLClassLoader.findClass(URLClassLoader.java:362)\n\tat java.lang.ClassLoader.loadClass(ClassLoader.java:424)\n\tat sun.misc.Launcher$AppClassLoader.loadClass(Launcher.java:349)\n\tat java.lang.ClassLoader.loadClass(ClassLoader.java:357)\n\tat sun.launcher.LauncherHelper.checkAndLoadMain(LauncherHelper.java:495)\n', 'time': 0.17419052124023438, 'MLE': False}
[D 191003 22:32:06 Judger:169] {'time': 0.17419052124023438, 'error': 'Error: A JNI error has occurred, please check your installation and try again\nException in thread "main" java.lang.UnsupportedClassVersionError: Main has been compiled by a more recent version of the Java Runtime (class file version 55.0), this version of the Java Runtime only recognizes class file versions up to 52.0\n\tat java.lang.ClassLoader.defineClass1(Native Method)\n\tat java.lang.ClassLoader.defineClass(ClassLoader.java:763)\n\tat java.security.SecureClassLoader.defineClass(SecureClassLoader.java:142)\n\tat java.net.URLClassLoader.defineClass(URLClassLoader.java:468)\n\tat java.net.URLClassLoader.access$100(URLClassLoader.java:74)\n\tat java.net.URLClassLoader$1.run(URLClassLoader.java:369)\n\tat java.net.URLClassLoader$1.run(URLClassLoader.java:363)\n\tat java.security.AccessController.doPrivileged(Native Method)\n\tat java.net.URLClassLoader.findClass(URLClassLoader.java:362)\n\tat java.lang.ClassLoader.loadClass(ClassLoader.java:424)\n\tat sun.misc.Launcher$AppClassLoader.loadClass(Launcher.java:349)\n\tat java.lang.ClassLoader.loadClass(ClassLoader.java:357)\n\tat sun.launcher.LauncherHelper.checkAndLoadMain(LauncherHelper.java:495)\n', 'TLE': False, 'MLE': False, 'memory': 45056}
[D 191003 22:32:06 main:56] Searching end with the result '{'time': 0.17419052124023438, 'memory': 45056, 'result': 10, 'error': 'Error: A JNI error has occurred, please check your installation and try again\nException in thread "main" java.lang.UnsupportedClassVersionError: Main has been compiled by a more recent version of the Java Runtime (class file version 55.0), this version of the Java Runtime only recognizes class file versions up to 52.0\n\tat java.lang.ClassLoader.defineClass1(Native Method)\n\tat java.lang.ClassLoader.defineClass(ClassLoader.java:763)\n\tat java.security.SecureClassLoader.defineClass(SecureClassLoader.java:142)\n\tat java.net.URLClassLoader.defineClass(URLClassLoader.java:468)\n\tat java.net.URLClassLoader.access$100(URLClassLoader.java:74)\n\tat java.net.URLClassLoader$1.run(URLClassLoader.java:369)\n\tat java.net.URLClassLoader$1.run(URLClassLoader.java:363)\n\tat java.security.AccessController.doPrivileged(Native Method)\n\tat java.net.URLClassLoader.findClass(URLClassLoader.java:362)\n\tat java.lang.ClassLoader.loadClass(ClassLoader.java:424)\n\tat sun.misc.Launcher$AppClassLoader.loadClass(Launcher.java:349)\n\tat java.lang.ClassLoader.loadClass(ClassLoader.java:357)\n\tat sun.launcher.LauncherHelper.checkAndLoadMain(LauncherHelper.java:495)\n'}'
[I 191003 22:32:06 main:58] ______________________END_____________________________
[I 191003 22:32:06 main:42] _____________________START____________________________
[I 191003 22:32:06 main:43] Searching solution_id: 10
[I 191003 22:32:06 Judger:66] COMPILING CODE: /home/isc-/Desktop/CS309_OOAD_online_judge/userCodes/Main.java
[I 191003 22:32:06 Judger:57] COMPILING COMMAND: javac /home/isc-/Desktop/CS309_OOAD_online_judge/userCodes/Main.java
[I 191003 22:32:07 Judger:127] RUNNING CODE: /home/isc-/Desktop/CS309_OOAD_online_judge/userCodes/Main 2.in
[I 191003 22:32:07 Judger:101] RUNNING COMMAND: java -cp /home/isc-/Desktop/CS309_OOAD_online_judge/userCodes// Main < /home/isc-/Desktop/CS309_OOAD_online_judge/data/1001/2.in > /home/isc-/Desktop/CS309_OOAD_online_judge/userCodes/2.out
[D 191003 22:32:07 Judger:105] docker run -u 1000:1000 --name 5415879932523627732 -v /home/isc-/Desktop/CS309_OOAD_online_judge/JudgeServer/JudgeServer/Running_Code.py:/home/isc-/Desktop/CS309_OOAD_online_judge/JudgeServer/JudgeServer/Running_Code.py -v /home/isc-/Desktop/CS309_OOAD_online_judge/userCodes/:/home/isc-/Desktop/CS309_OOAD_online_judge/userCodes/ -v /home/isc-/Desktop/CS309_OOAD_online_judge/data/1001/2.in:/home/isc-/Desktop/CS309_OOAD_online_judge/data/1001/2.in judge:v2 python3 /home/isc-/Desktop/CS309_OOAD_online_judge/JudgeServer/JudgeServer/Running_Code.py 'java -cp /home/isc-/Desktop/CS309_OOAD_online_judge/userCodes// Main < /home/isc-/Desktop/CS309_OOAD_online_judge/data/1001/2.in > /home/isc-/Desktop/CS309_OOAD_online_judge/userCodes/2.out' 3 671088640 '/home/isc-/Desktop/CS309_OOAD_online_judge/userCodes/' 2> /home/isc-/Desktop/CS309_OOAD_online_judge/userCodes/runtime_result.log
[D 191003 22:32:07 Judger:134] NOT EXISTS DOCKER_RESULT_LOG
[D 191003 22:32:08 Judger:141] {'error': 'Error: A JNI error has occurred, please check your installation and try again\nException in thread "main" java.lang.UnsupportedClassVersionError: Main has been compiled by a more recent version of the Java Runtime (class file version 55.0), this version of the Java Runtime only recognizes class file versions up to 52.0\n\tat java.lang.ClassLoader.defineClass1(Native Method)\n\tat java.lang.ClassLoader.defineClass(ClassLoader.java:763)\n\tat java.security.SecureClassLoader.defineClass(SecureClassLoader.java:142)\n\tat java.net.URLClassLoader.defineClass(URLClassLoader.java:468)\n\tat java.net.URLClassLoader.access$100(URLClassLoader.java:74)\n\tat java.net.URLClassLoader$1.run(URLClassLoader.java:369)\n\tat java.net.URLClassLoader$1.run(URLClassLoader.java:363)\n\tat java.security.AccessController.doPrivileged(Native Method)\n\tat java.net.URLClassLoader.findClass(URLClassLoader.java:362)\n\tat java.lang.ClassLoader.loadClass(ClassLoader.java:424)\n\tat sun.misc.Launcher$AppClassLoader.loadClass(Launcher.java:349)\n\tat java.lang.ClassLoader.loadClass(ClassLoader.java:357)\n\tat sun.launcher.LauncherHelper.checkAndLoadMain(LauncherHelper.java:495)\n', 'time': 0.05357789993286133, 'TLE': False, 'MLE': False, 'memory': 45056}
[D 191003 22:32:08 Judger:169] {'time': 0.05357789993286133, 'error': 'Error: A JNI error has occurred, please check your installation and try again\nException in thread "main" java.lang.UnsupportedClassVersionError: Main has been compiled by a more recent version of the Java Runtime (class file version 55.0), this version of the Java Runtime only recognizes class file versions up to 52.0\n\tat java.lang.ClassLoader.defineClass1(Native Method)\n\tat java.lang.ClassLoader.defineClass(ClassLoader.java:763)\n\tat java.security.SecureClassLoader.defineClass(SecureClassLoader.java:142)\n\tat java.net.URLClassLoader.defineClass(URLClassLoader.java:468)\n\tat java.net.URLClassLoader.access$100(URLClassLoader.java:74)\n\tat java.net.URLClassLoader$1.run(URLClassLoader.java:369)\n\tat java.net.URLClassLoader$1.run(URLClassLoader.java:363)\n\tat java.security.AccessController.doPrivileged(Native Method)\n\tat java.net.URLClassLoader.findClass(URLClassLoader.java:362)\n\tat java.lang.ClassLoader.loadClass(ClassLoader.java:424)\n\tat sun.misc.Launcher$AppClassLoader.loadClass(Launcher.java:349)\n\tat java.lang.ClassLoader.loadClass(ClassLoader.java:357)\n\tat sun.launcher.LauncherHelper.checkAndLoadMain(LauncherHelper.java:495)\n', 'TLE': False, 'MLE': False, 'memory': 45056}
[D 191003 22:32:08 main:56] Searching end with the result '{'time': 0.05357789993286133, 'memory': 45056, 'result': 10, 'error': 'Error: A JNI error has occurred, please check your installation and try again\nException in thread "main" java.lang.UnsupportedClassVersionError: Main has been compiled by a more recent version of the Java Runtime (class file version 55.0), this version of the Java Runtime only recognizes class file versions up to 52.0\n\tat java.lang.ClassLoader.defineClass1(Native Method)\n\tat java.lang.ClassLoader.defineClass(ClassLoader.java:763)\n\tat java.security.SecureClassLoader.defineClass(SecureClassLoader.java:142)\n\tat java.net.URLClassLoader.defineClass(URLClassLoader.java:468)\n\tat java.net.URLClassLoader.access$100(URLClassLoader.java:74)\n\tat java.net.URLClassLoader$1.run(URLClassLoader.java:369)\n\tat java.net.URLClassLoader$1.run(URLClassLoader.java:363)\n\tat java.security.AccessController.doPrivileged(Native Method)\n\tat java.net.URLClassLoader.findClass(URLClassLoader.java:362)\n\tat java.lang.ClassLoader.loadClass(ClassLoader.java:424)\n\tat sun.misc.Launcher$AppClassLoader.loadClass(Launcher.java:349)\n\tat java.lang.ClassLoader.loadClass(ClassLoader.java:357)\n\tat sun.launcher.LauncherHelper.checkAndLoadMain(LauncherHelper.java:495)\n'}'
[I 191003 22:32:08 main:58] ______________________END_____________________________
[I 191003 22:32:08 main:42] _____________________START____________________________
[I 191003 22:32:08 main:43] Searching solution_id: 11
[I 191003 22:32:08 Judger:66] COMPILING CODE: /home/isc-/Desktop/CS309_OOAD_online_judge/userCodes/Main.java
[I 191003 22:32:08 Judger:57] COMPILING COMMAND: javac /home/isc-/Desktop/CS309_OOAD_online_judge/userCodes/Main.java
[I 191003 22:32:08 Judger:60] Compile error
[D 191003 22:32:09 main:56] Searching end with the result '{'time': 0, 'memory': 0, 'result': 11, 'error': ''}'
[I 191003 22:32:09 main:58] ______________________END_____________________________
[I 191003 22:32:09 main:42] _____________________START____________________________
[I 191003 22:32:09 main:43] Searching solution_id: 12
[I 191003 22:32:09 Judger:66] COMPILING CODE: /home/isc-/Desktop/CS309_OOAD_online_judge/userCodes/Main.java
[I 191003 22:32:09 Judger:57] COMPILING COMMAND: javac /home/isc-/Desktop/CS309_OOAD_online_judge/userCodes/Main.java
[I 191003 22:32:10 Judger:127] RUNNING CODE: /home/isc-/Desktop/CS309_OOAD_online_judge/userCodes/Main 2.in
[I 191003 22:32:10 Judger:101] RUNNING COMMAND: java -cp /home/isc-/Desktop/CS309_OOAD_online_judge/userCodes// Main < /home/isc-/Desktop/CS309_OOAD_online_judge/data/1001/2.in > /home/isc-/Desktop/CS309_OOAD_online_judge/userCodes/2.out
[D 191003 22:32:10 Judger:105] docker run -u 1000:1000 --name 6449860812355183748 -v /home/isc-/Desktop/CS309_OOAD_online_judge/JudgeServer/JudgeServer/Running_Code.py:/home/isc-/Desktop/CS309_OOAD_online_judge/JudgeServer/JudgeServer/Running_Code.py -v /home/isc-/Desktop/CS309_OOAD_online_judge/userCodes/:/home/isc-/Desktop/CS309_OOAD_online_judge/userCodes/ -v /home/isc-/Desktop/CS309_OOAD_online_judge/data/1001/2.in:/home/isc-/Desktop/CS309_OOAD_online_judge/data/1001/2.in judge:v2 python3 /home/isc-/Desktop/CS309_OOAD_online_judge/JudgeServer/JudgeServer/Running_Code.py 'java -cp /home/isc-/Desktop/CS309_OOAD_online_judge/userCodes// Main < /home/isc-/Desktop/CS309_OOAD_online_judge/data/1001/2.in > /home/isc-/Desktop/CS309_OOAD_online_judge/userCodes/2.out' 3 671088640 '/home/isc-/Desktop/CS309_OOAD_online_judge/userCodes/' 2> /home/isc-/Desktop/CS309_OOAD_online_judge/userCodes/runtime_result.log
[D 191003 22:32:10 Judger:134] NOT EXISTS DOCKER_RESULT_LOG
[D 191003 22:32:11 Judger:141] {'MLE': False, 'time': 0.042629241943359375, 'error': 'Error: A JNI error has occurred, please check your installation and try again\nException in thread "main" java.lang.UnsupportedClassVersionError: Main has been compiled by a more recent version of the Java Runtime (class file version 55.0), this version of the Java Runtime only recognizes class file versions up to 52.0\n\tat java.lang.ClassLoader.defineClass1(Native Method)\n\tat java.lang.ClassLoader.defineClass(ClassLoader.java:763)\n\tat java.security.SecureClassLoader.defineClass(SecureClassLoader.java:142)\n\tat java.net.URLClassLoader.defineClass(URLClassLoader.java:468)\n\tat java.net.URLClassLoader.access$100(URLClassLoader.java:74)\n\tat java.net.URLClassLoader$1.run(URLClassLoader.java:369)\n\tat java.net.URLClassLoader$1.run(URLClassLoader.java:363)\n\tat java.security.AccessController.doPrivileged(Native Method)\n\tat java.net.URLClassLoader.findClass(URLClassLoader.java:362)\n\tat java.lang.ClassLoader.loadClass(ClassLoader.java:424)\n\tat sun.misc.Launcher$AppClassLoader.loadClass(Launcher.java:349)\n\tat java.lang.ClassLoader.loadClass(ClassLoader.java:357)\n\tat sun.launcher.LauncherHelper.checkAndLoadMain(LauncherHelper.java:495)\n', 'memory': 45056, 'TLE': False}
[D 191003 22:32:11 Judger:169] {'time': 0.042629241943359375, 'error': 'Error: A JNI error has occurred, please check your installation and try again\nException in thread "main" java.lang.UnsupportedClassVersionError: Main has been compiled by a more recent version of the Java Runtime (class file version 55.0), this version of the Java Runtime only recognizes class file versions up to 52.0\n\tat java.lang.ClassLoader.defineClass1(Native Method)\n\tat java.lang.ClassLoader.defineClass(ClassLoader.java:763)\n\tat java.security.SecureClassLoader.defineClass(SecureClassLoader.java:142)\n\tat java.net.URLClassLoader.defineClass(URLClassLoader.java:468)\n\tat java.net.URLClassLoader.access$100(URLClassLoader.java:74)\n\tat java.net.URLClassLoader$1.run(URLClassLoader.java:369)\n\tat java.net.URLClassLoader$1.run(URLClassLoader.java:363)\n\tat java.security.AccessController.doPrivileged(Native Method)\n\tat java.net.URLClassLoader.findClass(URLClassLoader.java:362)\n\tat java.lang.ClassLoader.loadClass(ClassLoader.java:424)\n\tat sun.misc.Launcher$AppClassLoader.loadClass(Launcher.java:349)\n\tat java.lang.ClassLoader.loadClass(ClassLoader.java:357)\n\tat sun.launcher.LauncherHelper.checkAndLoadMain(LauncherHelper.java:495)\n', 'TLE': False, 'MLE': False, 'memory': 45056}
[D 191003 22:32:11 main:56] Searching end with the result '{'time': 0.042629241943359375, 'memory': 45056, 'result': 10, 'error': 'Error: A JNI error has occurred, please check your installation and try again\nException in thread "main" java.lang.UnsupportedClassVersionError: Main has been compiled by a more recent version of the Java Runtime (class file version 55.0), this version of the Java Runtime only recognizes class file versions up to 52.0\n\tat java.lang.ClassLoader.defineClass1(Native Method)\n\tat java.lang.ClassLoader.defineClass(ClassLoader.java:763)\n\tat java.security.SecureClassLoader.defineClass(SecureClassLoader.java:142)\n\tat java.net.URLClassLoader.defineClass(URLClassLoader.java:468)\n\tat java.net.URLClassLoader.access$100(URLClassLoader.java:74)\n\tat java.net.URLClassLoader$1.run(URLClassLoader.java:369)\n\tat java.net.URLClassLoader$1.run(URLClassLoader.java:363)\n\tat java.security.AccessController.doPrivileged(Native Method)\n\tat java.net.URLClassLoader.findClass(URLClassLoader.java:362)\n\tat java.lang.ClassLoader.loadClass(ClassLoader.java:424)\n\tat sun.misc.Launcher$AppClassLoader.loadClass(Launcher.java:349)\n\tat java.lang.ClassLoader.loadClass(ClassLoader.java:357)\n\tat sun.launcher.LauncherHelper.checkAndLoadMain(LauncherHelper.java:495)\n'}'
[I 191003 22:32:11 main:58] ______________________END_____________________________
[I 191003 22:32:11 main:42] _____________________START____________________________
[I 191003 22:32:11 main:43] Searching solution_id: 13
[I 191003 22:32:11 Judger:66] COMPILING CODE: /home/isc-/Desktop/CS309_OOAD_online_judge/userCodes/Main.py
[I 191003 22:32:11 Judger:127] RUNNING CODE: /home/isc-/Desktop/CS309_OOAD_online_judge/userCodes/Main 2.in
[I 191003 22:32:11 Judger:101] RUNNING COMMAND: python2 /home/isc-/Desktop/CS309_OOAD_online_judge/userCodes/Main.py < /home/isc-/Desktop/CS309_OOAD_online_judge/data/1001/2.in > /home/isc-/Desktop/CS309_OOAD_online_judge/userCodes/2.out
[D 191003 22:32:11 Judger:105] docker run -u 1000:1000 --name 4437890396637863666 -v /home/isc-/Desktop/CS309_OOAD_online_judge/JudgeServer/JudgeServer/Running_Code.py:/home/isc-/Desktop/CS309_OOAD_online_judge/JudgeServer/JudgeServer/Running_Code.py -v /home/isc-/Desktop/CS309_OOAD_online_judge/userCodes/:/home/isc-/Desktop/CS309_OOAD_online_judge/userCodes/ -v /home/isc-/Desktop/CS309_OOAD_online_judge/data/1001/2.in:/home/isc-/Desktop/CS309_OOAD_online_judge/data/1001/2.in judge:v2 python3 /home/isc-/Desktop/CS309_OOAD_online_judge/JudgeServer/JudgeServer/Running_Code.py 'python2 /home/isc-/Desktop/CS309_OOAD_online_judge/userCodes/Main.py < /home/isc-/Desktop/CS309_OOAD_online_judge/data/1001/2.in > /home/isc-/Desktop/CS309_OOAD_online_judge/userCodes/2.out' 1 134217728 '/home/isc-/Desktop/CS309_OOAD_online_judge/userCodes/' 2> /home/isc-/Desktop/CS309_OOAD_online_judge/userCodes/runtime_result.log
[D 191003 22:32:11 Judger:134] NOT EXISTS DOCKER_RESULT_LOG
[D 191003 22:32:12 Judger:141] {'MLE': False, 'memory': 45056, 'time': 0.0347437858581543, 'error': '', 'TLE': False}
[I 191003 22:32:12 Judger:127] RUNNING CODE: /home/isc-/Desktop/CS309_OOAD_online_judge/userCodes/Main 1.in
[I 191003 22:32:12 Judger:101] RUNNING COMMAND: python2 /home/isc-/Desktop/CS309_OOAD_online_judge/userCodes/Main.py < /home/isc-/Desktop/CS309_OOAD_online_judge/data/1001/1.in > /home/isc-/Desktop/CS309_OOAD_online_judge/userCodes/1.out
[D 191003 22:32:12 Judger:105] docker run -u 1000:1000 --name 7281867224138887085 -v /home/isc-/Desktop/CS309_OOAD_online_judge/JudgeServer/JudgeServer/Running_Code.py:/home/isc-/Desktop/CS309_OOAD_online_judge/JudgeServer/JudgeServer/Running_Code.py -v /home/isc-/Desktop/CS309_OOAD_online_judge/userCodes/:/home/isc-/Desktop/CS309_OOAD_online_judge/userCodes/ -v /home/isc-/Desktop/CS309_OOAD_online_judge/data/1001/1.in:/home/isc-/Desktop/CS309_OOAD_online_judge/data/1001/1.in judge:v2 python3 /home/isc-/Desktop/CS309_OOAD_online_judge/JudgeServer/JudgeServer/Running_Code.py 'python2 /home/isc-/Desktop/CS309_OOAD_online_judge/userCodes/Main.py < /home/isc-/Desktop/CS309_OOAD_online_judge/data/1001/1.in > /home/isc-/Desktop/CS309_OOAD_online_judge/userCodes/1.out' 1 134217728 '/home/isc-/Desktop/CS309_OOAD_online_judge/userCodes/' 2> /home/isc-/Desktop/CS309_OOAD_online_judge/userCodes/runtime_result.log
[D 191003 22:32:12 Judger:141] {'MLE': False, 'memory': 45056, 'time': 0.0347437858581543, 'error': '', 'TLE': False}
[D 191003 22:32:13 Judger:169] {'time': 0.0694875717163086, 'error': '', 'TLE': False, 'MLE': False, 'memory': 90112}
[D 191003 22:32:13 main:56] Searching end with the result '{'time': 0.0694875717163086, 'memory': 90112, 'result': 4, 'error': ''}'
[I 191003 22:32:13 main:58] ______________________END_____________________________
[I 191003 22:32:13 main:42] _____________________START____________________________
[I 191003 22:32:13 main:43] Searching solution_id: 14
[I 191003 22:32:13 Judger:66] COMPILING CODE: /home/isc-/Desktop/CS309_OOAD_online_judge/userCodes/Main.py
[I 191003 22:32:13 Judger:127] RUNNING CODE: /home/isc-/Desktop/CS309_OOAD_online_judge/userCodes/Main 2.in
[I 191003 22:32:13 Judger:101] RUNNING COMMAND: python2 /home/isc-/Desktop/CS309_OOAD_online_judge/userCodes/Main.py < /home/isc-/Desktop/CS309_OOAD_online_judge/data/1001/2.in > /home/isc-/Desktop/CS309_OOAD_online_judge/userCodes/2.out
[D 191003 22:32:13 Judger:105] docker run -u 1000:1000 --name 7803035493895550079 -v /home/isc-/Desktop/CS309_OOAD_online_judge/JudgeServer/JudgeServer/Running_Code.py:/home/isc-/Desktop/CS309_OOAD_online_judge/JudgeServer/JudgeServer/Running_Code.py -v /home/isc-/Desktop/CS309_OOAD_online_judge/userCodes/:/home/isc-/Desktop/CS309_OOAD_online_judge/userCodes/ -v /home/isc-/Desktop/CS309_OOAD_online_judge/data/1001/2.in:/home/isc-/Desktop/CS309_OOAD_online_judge/data/1001/2.in judge:v2 python3 /home/isc-/Desktop/CS309_OOAD_online_judge/JudgeServer/JudgeServer/Running_Code.py 'python2 /home/isc-/Desktop/CS309_OOAD_online_judge/userCodes/Main.py < /home/isc-/Desktop/CS309_OOAD_online_judge/data/1001/2.in > /home/isc-/Desktop/CS309_OOAD_online_judge/userCodes/2.out' 1 134217728 '/home/isc-/Desktop/CS309_OOAD_online_judge/userCodes/' 2> /home/isc-/Desktop/CS309_OOAD_online_judge/userCodes/runtime_result.log
[D 191003 22:32:13 Judger:134] NOT EXISTS DOCKER_RESULT_LOG
[D 191003 22:32:14 Judger:141] {'time': 0.009592533111572266, 'MLE': False, 'error': '', 'memory': 45056, 'TLE': False}
[I 191003 22:32:14 Judger:127] RUNNING CODE: /home/isc-/Desktop/CS309_OOAD_online_judge/userCodes/Main 1.in
[I 191003 22:32:14 Judger:101] RUNNING COMMAND: python2 /home/isc-/Desktop/CS309_OOAD_online_judge/userCodes/Main.py < /home/isc-/Desktop/CS309_OOAD_online_judge/data/1001/1.in > /home/isc-/Desktop/CS309_OOAD_online_judge/userCodes/1.out
[D 191003 22:32:14 Judger:105] docker run -u 1000:1000 --name 7991084091463169723 -v /home/isc-/Desktop/CS309_OOAD_online_judge/JudgeServer/JudgeServer/Running_Code.py:/home/isc-/Desktop/CS309_OOAD_online_judge/JudgeServer/JudgeServer/Running_Code.py -v /home/isc-/Desktop/CS309_OOAD_online_judge/userCodes/:/home/isc-/Desktop/CS309_OOAD_online_judge/userCodes/ -v /home/isc-/Desktop/CS309_OOAD_online_judge/data/1001/1.in:/home/isc-/Desktop/CS309_OOAD_online_judge/data/1001/1.in judge:v2 python3 /home/isc-/Desktop/CS309_OOAD_online_judge/JudgeServer/JudgeServer/Running_Code.py 'python2 /home/isc-/Desktop/CS309_OOAD_online_judge/userCodes/Main.py < /home/isc-/Desktop/CS309_OOAD_online_judge/data/1001/1.in > /home/isc-/Desktop/CS309_OOAD_online_judge/userCodes/1.out' 1 134217728 '/home/isc-/Desktop/CS309_OOAD_online_judge/userCodes/' 2> /home/isc-/Desktop/CS309_OOAD_online_judge/userCodes/runtime_result.log
[D 191003 22:32:14 Judger:141] {'time': 0.009592533111572266, 'MLE': False, 'error': '', 'memory': 45056, 'TLE': False}
[D 191003 22:32:15 Judger:169] {'time': 0.01918506622314453, 'error': '', 'TLE': False, 'MLE': False, 'memory': 90112}
[D 191003 22:32:15 main:56] Searching end with the result '{'time': 0.01918506622314453, 'memory': 90112, 'result': 6, 'error': ''}'
[I 191003 22:32:15 main:58] ______________________END_____________________________
[I 191003 22:32:15 main:42] _____________________START____________________________
[I 191003 22:32:15 main:43] Searching solution_id: 15
[I 191003 22:32:15 Judger:66] COMPILING CODE: /home/isc-/Desktop/CS309_OOAD_online_judge/userCodes/Main.py
[I 191003 22:32:15 Judger:127] RUNNING CODE: /home/isc-/Desktop/CS309_OOAD_online_judge/userCodes/Main 2.in
[I 191003 22:32:15 Judger:101] RUNNING COMMAND: python2 /home/isc-/Desktop/CS309_OOAD_online_judge/userCodes/Main.py < /home/isc-/Desktop/CS309_OOAD_online_judge/data/1001/2.in > /home/isc-/Desktop/CS309_OOAD_online_judge/userCodes/2.out
[D 191003 22:32:15 Judger:105] docker run -u 1000:1000 --name 1814252133133165373 -v /home/isc-/Desktop/CS309_OOAD_online_judge/JudgeServer/JudgeServer/Running_Code.py:/home/isc-/Desktop/CS309_OOAD_online_judge/JudgeServer/JudgeServer/Running_Code.py -v /home/isc-/Desktop/CS309_OOAD_online_judge/userCodes/:/home/isc-/Desktop/CS309_OOAD_online_judge/userCodes/ -v /home/isc-/Desktop/CS309_OOAD_online_judge/data/1001/2.in:/home/isc-/Desktop/CS309_OOAD_online_judge/data/1001/2.in judge:v2 python3 /home/isc-/Desktop/CS309_OOAD_online_judge/JudgeServer/JudgeServer/Running_Code.py 'python2 /home/isc-/Desktop/CS309_OOAD_online_judge/userCodes/Main.py < /home/isc-/Desktop/CS309_OOAD_online_judge/data/1001/2.in > /home/isc-/Desktop/CS309_OOAD_online_judge/userCodes/2.out' 1 134217728 '/home/isc-/Desktop/CS309_OOAD_online_judge/userCodes/' 2> /home/isc-/Desktop/CS309_OOAD_online_judge/userCodes/runtime_result.log
[D 191003 22:32:15 Judger:134] NOT EXISTS DOCKER_RESULT_LOG
[D 191003 22:32:16 Judger:141] {'MLE': False, 'time': 0.008905410766601562, 'error': '', 'TLE': False, 'memory': 45056}
[I 191003 22:32:16 Judger:127] RUNNING CODE: /home/isc-/Desktop/CS309_OOAD_online_judge/userCodes/Main 1.in
[I 191003 22:32:16 Judger:101] RUNNING COMMAND: python2 /home/isc-/Desktop/CS309_OOAD_online_judge/userCodes/Main.py < /home/isc-/Desktop/CS309_OOAD_online_judge/data/1001/1.in > /home/isc-/Desktop/CS309_OOAD_online_judge/userCodes/1.out
[D 191003 22:32:16 Judger:105] docker run -u 1000:1000 --name 7435365659671106431 -v /home/isc-/Desktop/CS309_OOAD_online_judge/JudgeServer/JudgeServer/Running_Code.py:/home/isc-/Desktop/CS309_OOAD_online_judge/JudgeServer/JudgeServer/Running_Code.py -v /home/isc-/Desktop/CS309_OOAD_online_judge/userCodes/:/home/isc-/Desktop/CS309_OOAD_online_judge/userCodes/ -v /home/isc-/Desktop/CS309_OOAD_online_judge/data/1001/1.in:/home/isc-/Desktop/CS309_OOAD_online_judge/data/1001/1.in judge:v2 python3 /home/isc-/Desktop/CS309_OOAD_online_judge/JudgeServer/JudgeServer/Running_Code.py 'python2 /home/isc-/Desktop/CS309_OOAD_online_judge/userCodes/Main.py < /home/isc-/Desktop/CS309_OOAD_online_judge/data/1001/1.in > /home/isc-/Desktop/CS309_OOAD_online_judge/userCodes/1.out' 1 134217728 '/home/isc-/Desktop/CS309_OOAD_online_judge/userCodes/' 2> /home/isc-/Desktop/CS309_OOAD_online_judge/userCodes/runtime_result.log
[D 191003 22:32:16 Judger:141] {'MLE': False, 'time': 0.008905410766601562, 'error': '', 'TLE': False, 'memory': 45056}
[D 191003 22:32:17 Judger:169] {'time': 0.017810821533203125, 'error': '', 'TLE': False, 'MLE': False, 'memory': 90112}
[D 191003 22:32:17 main:56] Searching end with the result '{'time': 0.017810821533203125, 'memory': 90112, 'result': 4, 'error': ''}'
[I 191003 22:32:17 main:58] ______________________END_____________________________
[I 191003 22:32:17 main:42] _____________________START____________________________
[I 191003 22:32:17 main:43] Searching solution_id: 17
[I 191003 22:32:17 Judger:66] COMPILING CODE: /home/isc-/Desktop/CS309_OOAD_online_judge/userCodes/Main.py
[I 191003 22:32:17 Judger:127] RUNNING CODE: /home/isc-/Desktop/CS309_OOAD_online_judge/userCodes/Main 2.in
[I 191003 22:32:17 Judger:101] RUNNING COMMAND: python /home/isc-/Desktop/CS309_OOAD_online_judge/userCodes/Main.py < /home/isc-/Desktop/CS309_OOAD_online_judge/data/1001/2.in > /home/isc-/Desktop/CS309_OOAD_online_judge/userCodes/2.out
[D 191003 22:32:17 Judger:105] docker run -u 1000:1000 --name 5185602386162138885 -v /home/isc-/Desktop/CS309_OOAD_online_judge/JudgeServer/JudgeServer/Running_Code.py:/home/isc-/Desktop/CS309_OOAD_online_judge/JudgeServer/JudgeServer/Running_Code.py -v /home/isc-/Desktop/CS309_OOAD_online_judge/userCodes/:/home/isc-/Desktop/CS309_OOAD_online_judge/userCodes/ -v /home/isc-/Desktop/CS309_OOAD_online_judge/data/1001/2.in:/home/isc-/Desktop/CS309_OOAD_online_judge/data/1001/2.in judge:v2 python3 /home/isc-/Desktop/CS309_OOAD_online_judge/JudgeServer/JudgeServer/Running_Code.py 'python /home/isc-/Desktop/CS309_OOAD_online_judge/userCodes/Main.py < /home/isc-/Desktop/CS309_OOAD_online_judge/data/1001/2.in > /home/isc-/Desktop/CS309_OOAD_online_judge/userCodes/2.out' 1 134217728 '/home/isc-/Desktop/CS309_OOAD_online_judge/userCodes/' 2> /home/isc-/Desktop/CS309_OOAD_online_judge/userCodes/runtime_result.log
[D 191003 22:32:17 Judger:134] NOT EXISTS DOCKER_RESULT_LOG
[D 191003 22:32:19 Judger:141] {'memory': 45056, 'MLE': False, 'TLE': False, 'time': 0.009263038635253906, 'error': ''}
[I 191003 22:32:19 Judger:127] RUNNING CODE: /home/isc-/Desktop/CS309_OOAD_online_judge/userCodes/Main 1.in
[I 191003 22:32:19 Judger:101] RUNNING COMMAND: python /home/isc-/Desktop/CS309_OOAD_online_judge/userCodes/Main.py < /home/isc-/Desktop/CS309_OOAD_online_judge/data/1001/1.in > /home/isc-/Desktop/CS309_OOAD_online_judge/userCodes/1.out
[D 191003 22:32:19 Judger:105] docker run -u 1000:1000 --name 456316104191162873 -v /home/isc-/Desktop/CS309_OOAD_online_judge/JudgeServer/JudgeServer/Running_Code.py:/home/isc-/Desktop/CS309_OOAD_online_judge/JudgeServer/JudgeServer/Running_Code.py -v /home/isc-/Desktop/CS309_OOAD_online_judge/userCodes/:/home/isc-/Desktop/CS309_OOAD_online_judge/userCodes/ -v /home/isc-/Desktop/CS309_OOAD_online_judge/data/1001/1.in:/home/isc-/Desktop/CS309_OOAD_online_judge/data/1001/1.in judge:v2 python3 /home/isc-/Desktop/CS309_OOAD_online_judge/JudgeServer/JudgeServer/Running_Code.py 'python /home/isc-/Desktop/CS309_OOAD_online_judge/userCodes/Main.py < /home/isc-/Desktop/CS309_OOAD_online_judge/data/1001/1.in > /home/isc-/Desktop/CS309_OOAD_online_judge/userCodes/1.out' 1 134217728 '/home/isc-/Desktop/CS309_OOAD_online_judge/userCodes/' 2> /home/isc-/Desktop/CS309_OOAD_online_judge/userCodes/runtime_result.log
[D 191003 22:32:19 Judger:141] {'memory': 45056, 'MLE': False, 'TLE': False, 'time': 0.009263038635253906, 'error': ''}
[D 191003 22:32:20 Judger:169] {'time': 0.018526077270507812, 'error': '', 'TLE': False, 'MLE': False, 'memory': 90112}
[D 191003 22:32:20 main:56] Searching end with the result '{'time': 0.018526077270507812, 'memory': 90112, 'result': 4, 'error': ''}'
[I 191003 22:32:20 main:58] ______________________END_____________________________
[I 191003 22:32:20 main:42] _____________________START____________________________
[I 191003 22:32:20 main:43] Searching solution_id: 18
[I 191003 22:32:20 Judger:66] COMPILING CODE: /home/isc-/Desktop/CS309_OOAD_online_judge/userCodes/Main.py
[I 191003 22:32:20 Judger:127] RUNNING CODE: /home/isc-/Desktop/CS309_OOAD_online_judge/userCodes/Main 2.in
[I 191003 22:32:20 Judger:101] RUNNING COMMAND: python /home/isc-/Desktop/CS309_OOAD_online_judge/userCodes/Main.py < /home/isc-/Desktop/CS309_OOAD_online_judge/data/1001/2.in > /home/isc-/Desktop/CS309_OOAD_online_judge/userCodes/2.out
[D 191003 22:32:20 Judger:105] docker run -u 1000:1000 --name 2494867052032690010 -v /home/isc-/Desktop/CS309_OOAD_online_judge/JudgeServer/JudgeServer/Running_Code.py:/home/isc-/Desktop/CS309_OOAD_online_judge/JudgeServer/JudgeServer/Running_Code.py -v /home/isc-/Desktop/CS309_OOAD_online_judge/userCodes/:/home/isc-/Desktop/CS309_OOAD_online_judge/userCodes/ -v /home/isc-/Desktop/CS309_OOAD_online_judge/data/1001/2.in:/home/isc-/Desktop/CS309_OOAD_online_judge/data/1001/2.in judge:v2 python3 /home/isc-/Desktop/CS309_OOAD_online_judge/JudgeServer/JudgeServer/Running_Code.py 'python /home/isc-/Desktop/CS309_OOAD_online_judge/userCodes/Main.py < /home/isc-/Desktop/CS309_OOAD_online_judge/data/1001/2.in > /home/isc-/Desktop/CS309_OOAD_online_judge/userCodes/2.out' 1 134217728 '/home/isc-/Desktop/CS309_OOAD_online_judge/userCodes/' 2> /home/isc-/Desktop/CS309_OOAD_online_judge/userCodes/runtime_result.log
[D 191003 22:32:20 Judger:134] NOT EXISTS DOCKER_RESULT_LOG
[D 191003 22:32:21 Judger:141] {'error': '', 'TLE': False, 'MLE': False, 'memory': 45056, 'time': 0.00932931900024414}
[I 191003 22:32:21 Judger:127] RUNNING CODE: /home/isc-/Desktop/CS309_OOAD_online_judge/userCodes/Main 1.in
[I 191003 22:32:21 Judger:101] RUNNING COMMAND: python /home/isc-/Desktop/CS309_OOAD_online_judge/userCodes/Main.py < /home/isc-/Desktop/CS309_OOAD_online_judge/data/1001/1.in > /home/isc-/Desktop/CS309_OOAD_online_judge/userCodes/1.out
[D 191003 22:32:21 Judger:105] docker run -u 1000:1000 --name 668374842739999558 -v /home/isc-/Desktop/CS309_OOAD_online_judge/JudgeServer/JudgeServer/Running_Code.py:/home/isc-/Desktop/CS309_OOAD_online_judge/JudgeServer/JudgeServer/Running_Code.py -v /home/isc-/Desktop/CS309_OOAD_online_judge/userCodes/:/home/isc-/Desktop/CS309_OOAD_online_judge/userCodes/ -v /home/isc-/Desktop/CS309_OOAD_online_judge/data/1001/1.in:/home/isc-/Desktop/CS309_OOAD_online_judge/data/1001/1.in judge:v2 python3 /home/isc-/Desktop/CS309_OOAD_online_judge/JudgeServer/JudgeServer/Running_Code.py 'python /home/isc-/Desktop/CS309_OOAD_online_judge/userCodes/Main.py < /home/isc-/Desktop/CS309_OOAD_online_judge/data/1001/1.in > /home/isc-/Desktop/CS309_OOAD_online_judge/userCodes/1.out' 1 134217728 '/home/isc-/Desktop/CS309_OOAD_online_judge/userCodes/' 2> /home/isc-/Desktop/CS309_OOAD_online_judge/userCodes/runtime_result.log
[D 191003 22:32:21 Judger:141] {'error': '', 'TLE': False, 'MLE': False, 'memory': 45056, 'time': 0.00932931900024414}
[D 191003 22:32:22 Judger:169] {'time': 0.01865863800048828, 'error': '', 'TLE': False, 'MLE': False, 'memory': 90112}
[D 191003 22:32:22 main:56] Searching end with the result '{'time': 0.01865863800048828, 'memory': 90112, 'result': 6, 'error': ''}'
[I 191003 22:32:22 main:58] ______________________END_____________________________
[I 191003 22:32:22 main:42] _____________________START____________________________
[I 191003 22:32:22 main:43] Searching solution_id: 19
[I 191003 22:32:22 Judger:66] COMPILING CODE: /home/isc-/Desktop/CS309_OOAD_online_judge/userCodes/Main.py
[I 191003 22:32:22 Judger:127] RUNNING CODE: /home/isc-/Desktop/CS309_OOAD_online_judge/userCodes/Main 2.in
[I 191003 22:32:22 Judger:101] RUNNING COMMAND: python /home/isc-/Desktop/CS309_OOAD_online_judge/userCodes/Main.py < /home/isc-/Desktop/CS309_OOAD_online_judge/data/1001/2.in > /home/isc-/Desktop/CS309_OOAD_online_judge/userCodes/2.out
[D 191003 22:32:22 Judger:105] docker run -u 1000:1000 --name 485540507964170510 -v /home/isc-/Desktop/CS309_OOAD_online_judge/JudgeServer/JudgeServer/Running_Code.py:/home/isc-/Desktop/CS309_OOAD_online_judge/JudgeServer/JudgeServer/Running_Code.py -v /home/isc-/Desktop/CS309_OOAD_online_judge/userCodes/:/home/isc-/Desktop/CS309_OOAD_online_judge/userCodes/ -v /home/isc-/Desktop/CS309_OOAD_online_judge/data/1001/2.in:/home/isc-/Desktop/CS309_OOAD_online_judge/data/1001/2.in judge:v2 python3 /home/isc-/Desktop/CS309_OOAD_online_judge/JudgeServer/JudgeServer/Running_Code.py 'python /home/isc-/Desktop/CS309_OOAD_online_judge/userCodes/Main.py < /home/isc-/Desktop/CS309_OOAD_online_judge/data/1001/2.in > /home/isc-/Desktop/CS309_OOAD_online_judge/userCodes/2.out' 1 134217728 '/home/isc-/Desktop/CS309_OOAD_online_judge/userCodes/' 2> /home/isc-/Desktop/CS309_OOAD_online_judge/userCodes/runtime_result.log
[D 191003 22:32:22 Judger:134] NOT EXISTS DOCKER_RESULT_LOG
[D 191003 22:32:23 Judger:141] {'time': 0.008972406387329102, 'MLE': False, 'TLE': False, 'memory': 45056, 'error': ''}
[I 191003 22:32:23 Judger:127] RUNNING CODE: /home/isc-/Desktop/CS309_OOAD_online_judge/userCodes/Main 1.in
[I 191003 22:32:23 Judger:101] RUNNING COMMAND: python /home/isc-/Desktop/CS309_OOAD_online_judge/userCodes/Main.py < /home/isc-/Desktop/CS309_OOAD_online_judge/data/1001/1.in > /home/isc-/Desktop/CS309_OOAD_online_judge/userCodes/1.out
[D 191003 22:32:23 Judger:105] docker run -u 1000:1000 --name 2737968646935334954 -v /home/isc-/Desktop/CS309_OOAD_online_judge/JudgeServer/JudgeServer/Running_Code.py:/home/isc-/Desktop/CS309_OOAD_online_judge/JudgeServer/JudgeServer/Running_Code.py -v /home/isc-/Desktop/CS309_OOAD_online_judge/userCodes/:/home/isc-/Desktop/CS309_OOAD_online_judge/userCodes/ -v /home/isc-/Desktop/CS309_OOAD_online_judge/data/1001/1.in:/home/isc-/Desktop/CS309_OOAD_online_judge/data/1001/1.in judge:v2 python3 /home/isc-/Desktop/CS309_OOAD_online_judge/JudgeServer/JudgeServer/Running_Code.py 'python /home/isc-/Desktop/CS309_OOAD_online_judge/userCodes/Main.py < /home/isc-/Desktop/CS309_OOAD_online_judge/data/1001/1.in > /home/isc-/Desktop/CS309_OOAD_online_judge/userCodes/1.out' 1 134217728 '/home/isc-/Desktop/CS309_OOAD_online_judge/userCodes/' 2> /home/isc-/Desktop/CS309_OOAD_online_judge/userCodes/runtime_result.log
[D 191003 22:32:23 Judger:141] {'time': 0.008972406387329102, 'MLE': False, 'TLE': False, 'memory': 45056, 'error': ''}
[D 191003 22:32:24 Judger:169] {'time': 0.017944812774658203, 'error': '', 'TLE': False, 'MLE': False, 'memory': 90112}
[D 191003 22:32:24 main:56] Searching end with the result '{'time': 0.017944812774658203, 'memory': 90112, 'result': 4, 'error': ''}'
[I 191003 22:32:24 main:58] ______________________END_____________________________
[I 191003 22:32:24 main:42] _____________________START____________________________
[I 191003 22:32:24 main:43] Searching solution_id: 33
[I 191003 22:32:24 Judger:66] COMPILING CODE: /home/isc-/Desktop/CS309_OOAD_online_judge/userCodes/Main.cpp
[I 191003 22:32:24 Judger:40] COMPILE COMMAND: g++ /home/isc-/Desktop/CS309_OOAD_online_judge/userCodes/Main.cpp -o /home/isc-/Desktop/CS309_OOAD_online_judge/userCodes/Main
[I 191003 22:32:25 Judger:127] RUNNING CODE: /home/isc-/Desktop/CS309_OOAD_online_judge/userCodes/Main 1.in
[I 191003 22:32:25 Judger:101] RUNNING COMMAND: /home/isc-/Desktop/CS309_OOAD_online_judge/userCodes/Main < /home/isc-/Desktop/CS309_OOAD_online_judge/data/1002/1.in > /home/isc-/Desktop/CS309_OOAD_online_judge/userCodes/1.out
[D 191003 22:32:25 Judger:105] docker run -u 1000:1000 --name 2593751004676435839 -v /home/isc-/Desktop/CS309_OOAD_online_judge/JudgeServer/JudgeServer/Running_Code.py:/home/isc-/Desktop/CS309_OOAD_online_judge/JudgeServer/JudgeServer/Running_Code.py -v /home/isc-/Desktop/CS309_OOAD_online_judge/userCodes/:/home/isc-/Desktop/CS309_OOAD_online_judge/userCodes/ -v /home/isc-/Desktop/CS309_OOAD_online_judge/data/1002/1.in:/home/isc-/Desktop/CS309_OOAD_online_judge/data/1002/1.in judge:v2 python3 /home/isc-/Desktop/CS309_OOAD_online_judge/JudgeServer/JudgeServer/Running_Code.py '/home/isc-/Desktop/CS309_OOAD_online_judge/userCodes/Main < /home/isc-/Desktop/CS309_OOAD_online_judge/data/1002/1.in > /home/isc-/Desktop/CS309_OOAD_online_judge/userCodes/1.out' 1 268435456 '/home/isc-/Desktop/CS309_OOAD_online_judge/userCodes/' 2> /home/isc-/Desktop/CS309_OOAD_online_judge/userCodes/runtime_result.log
[D 191003 22:32:25 Judger:134] NOT EXISTS DOCKER_RESULT_LOG
[D 191003 22:32:26 Judger:141] {'memory': 110592, 'TLE': False, 'error': '', 'MLE': False, 'time': 0.011197328567504883}
[D 191003 22:32:26 Judger:169] {'time': 0.011197328567504883, 'error': '', 'TLE': False, 'MLE': False, 'memory': 110592}
[D 191003 22:32:26 Judger:202] /home/isc-/Desktop/CS309_OOAD_online_judge/data/1002/
[D 191003 22:32:26 main:56] Searching end with the result '{'time': 0.011197328567504883, 'memory': 110592, 'result': 4, 'error': ''}'
[I 191003 22:32:26 main:58] ______________________END_____________________________
[I 191003 22:32:26 main:42] _____________________START____________________________
[I 191003 22:32:26 main:43] Searching solution_id: 34
[I 191003 22:32:26 Judger:66] COMPILING CODE: /home/isc-/Desktop/CS309_OOAD_online_judge/userCodes/Main.cpp
[I 191003 22:32:26 Judger:40] COMPILE COMMAND: g++ /home/isc-/Desktop/CS309_OOAD_online_judge/userCodes/Main.cpp -o /home/isc-/Desktop/CS309_OOAD_online_judge/userCodes/Main
[I 191003 22:32:27 Judger:127] RUNNING CODE: /home/isc-/Desktop/CS309_OOAD_online_judge/userCodes/Main 1.in
[I 191003 22:32:27 Judger:101] RUNNING COMMAND: /home/isc-/Desktop/CS309_OOAD_online_judge/userCodes/Main < /home/isc-/Desktop/CS309_OOAD_online_judge/data/1002/1.in > /home/isc-/Desktop/CS309_OOAD_online_judge/userCodes/1.out
[D 191003 22:32:27 Judger:105] docker run -u 1000:1000 --name 1449353591113701658 -v /home/isc-/Desktop/CS309_OOAD_online_judge/JudgeServer/JudgeServer/Running_Code.py:/home/isc-/Desktop/CS309_OOAD_online_judge/JudgeServer/JudgeServer/Running_Code.py -v /home/isc-/Desktop/CS309_OOAD_online_judge/userCodes/:/home/isc-/Desktop/CS309_OOAD_online_judge/userCodes/ -v /home/isc-/Desktop/CS309_OOAD_online_judge/data/1002/1.in:/home/isc-/Desktop/CS309_OOAD_online_judge/data/1002/1.in judge:v2 python3 /home/isc-/Desktop/CS309_OOAD_online_judge/JudgeServer/JudgeServer/Running_Code.py '/home/isc-/Desktop/CS309_OOAD_online_judge/userCodes/Main < /home/isc-/Desktop/CS309_OOAD_online_judge/data/1002/1.in > /home/isc-/Desktop/CS309_OOAD_online_judge/userCodes/1.out' 1 268435456 '/home/isc-/Desktop/CS309_OOAD_online_judge/userCodes/' 2> /home/isc-/Desktop/CS309_OOAD_online_judge/userCodes/runtime_result.log
[D 191003 22:32:27 Judger:134] NOT EXISTS DOCKER_RESULT_LOG
[D 191003 22:32:28 Judger:141] {'MLE': False, 'memory': 36864, 'TLE': False, 'error': '', 'time': 0.002454042434692383}
[D 191003 22:32:28 Judger:169] {'time': 0.002454042434692383, 'error': '', 'TLE': False, 'MLE': False, 'memory': 36864}
[D 191003 22:32:28 Judger:202] /home/isc-/Desktop/CS309_OOAD_online_judge/data/1002/
[D 191003 22:32:28 main:56] Searching end with the result '{'time': 0.002454042434692383, 'memory': 36864, 'result': 6, 'error': ''}'
[I 191003 22:32:28 main:58] ______________________END_____________________________
[I 191003 22:32:28 main:42] _____________________START____________________________
[I 191003 22:32:28 main:43] Searching solution_id: 41
[I 191003 22:32:28 Judger:66] COMPILING CODE: /home/isc-/Desktop/CS309_OOAD_online_judge/userCodes/Main.c
[I 191003 22:32:28 Judger:40] COMPILE COMMAND: g++ /home/isc-/Desktop/CS309_OOAD_online_judge/userCodes/Main.c -o /home/isc-/Desktop/CS309_OOAD_online_judge/userCodes/Main
[D 191003 22:32:29 main:56] Searching end with the result '{'time': 0, 'memory': 0, 'result': 11, 'error': '/home/isc-/Desktop/CS309_OOAD_online_judge/userCodes/Main.c:8:10: 警告：缺少结尾的 " 字符\n    8 |   printf("%d\n      |          ^\n/home/isc-/Desktop/CS309_OOAD_online_judge/userCodes/Main.c:8:10: 错误：缺少结尾的 " 字符\n    8 |   printf("%d\n      |          ^~~\n/home/isc-/Desktop/CS309_OOAD_online_judge/userCodes/Main.c:9:1: 警告：缺少结尾的 " 字符\n    9 | ", a);\n      | ^\n/home/isc-/Desktop/CS309_OOAD_online_judge/userCodes/Main.c:9:1: 错误：缺少结尾的 " 字符\n    9 | ", a);\n      | ^~~~~~\n/home/isc-/Desktop/CS309_OOAD_online_judge/userCodes/Main.c: 在函数‘int main()’中:\n/home/isc-/Desktop/CS309_OOAD_online_judge/userCodes/Main.c:10:2: 错误：expected primary-expression before ‘}’ token\n   10 |  }\n      |  ^\n'}'
[I 191003 22:32:29 main:58] ______________________END_____________________________
[I 191003 22:32:29 main:42] _____________________START____________________________
[I 191003 22:32:29 main:43] Searching solution_id: 42
[I 191003 22:32:29 Judger:66] COMPILING CODE: /home/isc-/Desktop/CS309_OOAD_online_judge/userCodes/Main.c
[I 191003 22:32:29 Judger:40] COMPILE COMMAND: g++ /home/isc-/Desktop/CS309_OOAD_online_judge/userCodes/Main.c -o /home/isc-/Desktop/CS309_OOAD_online_judge/userCodes/Main
[D 191003 22:32:29 main:56] Searching end with the result '{'time': 0, 'memory': 0, 'result': 11, 'error': '/home/isc-/Desktop/CS309_OOAD_online_judge/userCodes/Main.c:19:10: 警告：缺少结尾的 " 字符\n   19 |   printf("%d\n      |          ^\n/home/isc-/Desktop/CS309_OOAD_online_judge/userCodes/Main.c:19:10: 错误：缺少结尾的 " 字符\n   19 |   printf("%d\n      |          ^~~\n/home/isc-/Desktop/CS309_OOAD_online_judge/userCodes/Main.c:20:1: 警告：缺少结尾的 " 字符\n   20 | ", i);\n      | ^\n/home/isc-/Desktop/CS309_OOAD_online_judge/userCodes/Main.c:20:1: 错误：缺少结尾的 " 字符\n   20 | ", i);\n      | ^~~~~~\n/home/isc-/Desktop/CS309_OOAD_online_judge/userCodes/Main.c: 在函数‘int main()’中:\n/home/isc-/Desktop/CS309_OOAD_online_judge/userCodes/Main.c:21:2: 错误：expected primary-expression before ‘}’ token\n   21 |  }\n      |  ^\n'}'
[I 191003 22:32:29 main:58] ______________________END_____________________________
[I 191003 22:32:29 main:42] _____________________START____________________________
[I 191003 22:32:29 main:43] Searching solution_id: 43
[I 191003 22:32:29 Judger:66] COMPILING CODE: /home/isc-/Desktop/CS309_OOAD_online_judge/userCodes/Main.cpp
[I 191003 22:32:29 Judger:40] COMPILE COMMAND: g++ /home/isc-/Desktop/CS309_OOAD_online_judge/userCodes/Main.cpp -o /home/isc-/Desktop/CS309_OOAD_online_judge/userCodes/Main
[I 191003 22:32:30 Judger:127] RUNNING CODE: /home/isc-/Desktop/CS309_OOAD_online_judge/userCodes/Main 2.in
[I 191003 22:32:30 Judger:101] RUNNING COMMAND: /home/isc-/Desktop/CS309_OOAD_online_judge/userCodes/Main < /home/isc-/Desktop/CS309_OOAD_online_judge/data/1001/2.in > /home/isc-/Desktop/CS309_OOAD_online_judge/userCodes/2.out
[D 191003 22:32:30 Judger:105] docker run -u 1000:1000 --name 4324791383054078413 -v /home/isc-/Desktop/CS309_OOAD_online_judge/JudgeServer/JudgeServer/Running_Code.py:/home/isc-/Desktop/CS309_OOAD_online_judge/JudgeServer/JudgeServer/Running_Code.py -v /home/isc-/Desktop/CS309_OOAD_online_judge/userCodes/:/home/isc-/Desktop/CS309_OOAD_online_judge/userCodes/ -v /home/isc-/Desktop/CS309_OOAD_online_judge/data/1001/2.in:/home/isc-/Desktop/CS309_OOAD_online_judge/data/1001/2.in judge:v2 python3 /home/isc-/Desktop/CS309_OOAD_online_judge/JudgeServer/JudgeServer/Running_Code.py '/home/isc-/Desktop/CS309_OOAD_online_judge/userCodes/Main < /home/isc-/Desktop/CS309_OOAD_online_judge/data/1001/2.in > /home/isc-/Desktop/CS309_OOAD_online_judge/userCodes/2.out' 1 134217728 '/home/isc-/Desktop/CS309_OOAD_online_judge/userCodes/' 2> /home/isc-/Desktop/CS309_OOAD_online_judge/userCodes/runtime_result.log
[D 191003 22:32:30 Judger:134] NOT EXISTS DOCKER_RESULT_LOG
[D 191003 22:32:31 Judger:134] NOT EXISTS DOCKER_RESULT_LOG
[D 191003 22:32:32 Judger:141] {'error': '', 'MLE': False, 'time': 1.1, 'memory': 36864, 'TLE': True}
[D 191003 22:32:32 Judger:169] {'time': 1.1, 'error': '', 'TLE': True, 'MLE': False, 'memory': 36864}
[D 191003 22:32:32 main:56] Searching end with the result '{'time': 1.1, 'memory': 36864, 'result': 7, 'error': ''}'
[I 191003 22:32:32 main:58] ______________________END_____________________________
[I 191003 22:32:32 main:42] _____________________START____________________________
[I 191003 22:32:32 main:43] Searching solution_id: 44
[I 191003 22:32:32 Judger:66] COMPILING CODE: /home/isc-/Desktop/CS309_OOAD_online_judge/userCodes/Main.cpp
[I 191003 22:32:32 Judger:40] COMPILE COMMAND: g++ /home/isc-/Desktop/CS309_OOAD_online_judge/userCodes/Main.cpp -o /home/isc-/Desktop/CS309_OOAD_online_judge/userCodes/Main
[I 191003 22:32:33 Judger:127] RUNNING CODE: /home/isc-/Desktop/CS309_OOAD_online_judge/userCodes/Main 2.in
[I 191003 22:32:33 Judger:101] RUNNING COMMAND: /home/isc-/Desktop/CS309_OOAD_online_judge/userCodes/Main < /home/isc-/Desktop/CS309_OOAD_online_judge/data/1001/2.in > /home/isc-/Desktop/CS309_OOAD_online_judge/userCodes/2.out
[D 191003 22:32:33 Judger:105] docker run -u 1000:1000 --name 433203132830373469 -v /home/isc-/Desktop/CS309_OOAD_online_judge/JudgeServer/JudgeServer/Running_Code.py:/home/isc-/Desktop/CS309_OOAD_online_judge/JudgeServer/JudgeServer/Running_Code.py -v /home/isc-/Desktop/CS309_OOAD_online_judge/userCodes/:/home/isc-/Desktop/CS309_OOAD_online_judge/userCodes/ -v /home/isc-/Desktop/CS309_OOAD_online_judge/data/1001/2.in:/home/isc-/Desktop/CS309_OOAD_online_judge/data/1001/2.in judge:v2 python3 /home/isc-/Desktop/CS309_OOAD_online_judge/JudgeServer/JudgeServer/Running_Code.py '/home/isc-/Desktop/CS309_OOAD_online_judge/userCodes/Main < /home/isc-/Desktop/CS309_OOAD_online_judge/data/1001/2.in > /home/isc-/Desktop/CS309_OOAD_online_judge/userCodes/2.out' 1 134217728 '/home/isc-/Desktop/CS309_OOAD_online_judge/userCodes/' 2> /home/isc-/Desktop/CS309_OOAD_online_judge/userCodes/runtime_result.log
[D 191003 22:32:33 Judger:134] NOT EXISTS DOCKER_RESULT_LOG
[D 191003 22:32:34 Judger:134] NOT EXISTS DOCKER_RESULT_LOG
[D 191003 22:32:35 Judger:141] {'error': '', 'MLE': False, 'time': 1.1, 'memory': 40960, 'TLE': True}
[D 191003 22:32:35 Judger:169] {'time': 1.1, 'error': '', 'TLE': True, 'MLE': False, 'memory': 40960}
[D 191003 22:32:35 main:56] Searching end with the result '{'time': 1.1, 'memory': 40960, 'result': 7, 'error': ''}'
[I 191003 22:32:35 main:58] ______________________END_____________________________
[I 191003 22:32:35 main:42] _____________________START____________________________
[I 191003 22:32:35 main:43] Searching solution_id: 45
[I 191003 22:32:35 Judger:66] COMPILING CODE: /home/isc-/Desktop/CS309_OOAD_online_judge/userCodes/Main.java
[I 191003 22:32:35 Judger:57] COMPILING COMMAND: javac /home/isc-/Desktop/CS309_OOAD_online_judge/userCodes/Main.java
[I 191003 22:32:36 Judger:127] RUNNING CODE: /home/isc-/Desktop/CS309_OOAD_online_judge/userCodes/Main 2.in
[I 191003 22:32:36 Judger:101] RUNNING COMMAND: java -cp /home/isc-/Desktop/CS309_OOAD_online_judge/userCodes// Main < /home/isc-/Desktop/CS309_OOAD_online_judge/data/1001/2.in > /home/isc-/Desktop/CS309_OOAD_online_judge/userCodes/2.out
[D 191003 22:32:36 Judger:105] docker run -u 1000:1000 --name 7147033637550812844 -v /home/isc-/Desktop/CS309_OOAD_online_judge/JudgeServer/JudgeServer/Running_Code.py:/home/isc-/Desktop/CS309_OOAD_online_judge/JudgeServer/JudgeServer/Running_Code.py -v /home/isc-/Desktop/CS309_OOAD_online_judge/userCodes/:/home/isc-/Desktop/CS309_OOAD_online_judge/userCodes/ -v /home/isc-/Desktop/CS309_OOAD_online_judge/data/1001/2.in:/home/isc-/Desktop/CS309_OOAD_online_judge/data/1001/2.in judge:v2 python3 /home/isc-/Desktop/CS309_OOAD_online_judge/JudgeServer/JudgeServer/Running_Code.py 'java -cp /home/isc-/Desktop/CS309_OOAD_online_judge/userCodes// Main < /home/isc-/Desktop/CS309_OOAD_online_judge/data/1001/2.in > /home/isc-/Desktop/CS309_OOAD_online_judge/userCodes/2.out' 3 671088640 '/home/isc-/Desktop/CS309_OOAD_online_judge/userCodes/' 2> /home/isc-/Desktop/CS309_OOAD_online_judge/userCodes/runtime_result.log
[D 191003 22:32:36 Judger:134] NOT EXISTS DOCKER_RESULT_LOG
[D 191003 22:32:37 Judger:141] {'memory': 278528, 'MLE': False, 'error': 'Error: A JNI error has occurred, please check your installation and try again\nException in thread "main" java.lang.UnsupportedClassVersionError: Main has been compiled by a more recent version of the Java Runtime (class file version 55.0), this version of the Java Runtime only recognizes class file versions up to 52.0\n\tat java.lang.ClassLoader.defineClass1(Native Method)\n\tat java.lang.ClassLoader.defineClass(ClassLoader.java:763)\n\tat java.security.SecureClassLoader.defineClass(SecureClassLoader.java:142)\n\tat java.net.URLClassLoader.defineClass(URLClassLoader.java:468)\n\tat java.net.URLClassLoader.access$100(URLClassLoader.java:74)\n\tat java.net.URLClassLoader$1.run(URLClassLoader.java:369)\n\tat java.net.URLClassLoader$1.run(URLClassLoader.java:363)\n\tat java.security.AccessController.doPrivileged(Native Method)\n\tat java.net.URLClassLoader.findClass(URLClassLoader.java:362)\n\tat java.lang.ClassLoader.loadClass(ClassLoader.java:424)\n\tat sun.misc.Launcher$AppClassLoader.loadClass(Launcher.java:349)\n\tat java.lang.ClassLoader.loadClass(ClassLoader.java:357)\n\tat sun.launcher.LauncherHelper.checkAndLoadMain(LauncherHelper.java:495)\n', 'time': 0.05159878730773926, 'TLE': False}
[D 191003 22:32:37 Judger:169] {'time': 0.05159878730773926, 'error': 'Error: A JNI error has occurred, please check your installation and try again\nException in thread "main" java.lang.UnsupportedClassVersionError: Main has been compiled by a more recent version of the Java Runtime (class file version 55.0), this version of the Java Runtime only recognizes class file versions up to 52.0\n\tat java.lang.ClassLoader.defineClass1(Native Method)\n\tat java.lang.ClassLoader.defineClass(ClassLoader.java:763)\n\tat java.security.SecureClassLoader.defineClass(SecureClassLoader.java:142)\n\tat java.net.URLClassLoader.defineClass(URLClassLoader.java:468)\n\tat java.net.URLClassLoader.access$100(URLClassLoader.java:74)\n\tat java.net.URLClassLoader$1.run(URLClassLoader.java:369)\n\tat java.net.URLClassLoader$1.run(URLClassLoader.java:363)\n\tat java.security.AccessController.doPrivileged(Native Method)\n\tat java.net.URLClassLoader.findClass(URLClassLoader.java:362)\n\tat java.lang.ClassLoader.loadClass(ClassLoader.java:424)\n\tat sun.misc.Launcher$AppClassLoader.loadClass(Launcher.java:349)\n\tat java.lang.ClassLoader.loadClass(ClassLoader.java:357)\n\tat sun.launcher.LauncherHelper.checkAndLoadMain(LauncherHelper.java:495)\n', 'TLE': False, 'MLE': False, 'memory': 278528}
[D 191003 22:32:37 main:56] Searching end with the result '{'time': 0.05159878730773926, 'memory': 278528, 'result': 10, 'error': 'Error: A JNI error has occurred, please check your installation and try again\nException in thread "main" java.lang.UnsupportedClassVersionError: Main has been compiled by a more recent version of the Java Runtime (class file version 55.0), this version of the Java Runtime only recognizes class file versions up to 52.0\n\tat java.lang.ClassLoader.defineClass1(Native Method)\n\tat java.lang.ClassLoader.defineClass(ClassLoader.java:763)\n\tat java.security.SecureClassLoader.defineClass(SecureClassLoader.java:142)\n\tat java.net.URLClassLoader.defineClass(URLClassLoader.java:468)\n\tat java.net.URLClassLoader.access$100(URLClassLoader.java:74)\n\tat java.net.URLClassLoader$1.run(URLClassLoader.java:369)\n\tat java.net.URLClassLoader$1.run(URLClassLoader.java:363)\n\tat java.security.AccessController.doPrivileged(Native Method)\n\tat java.net.URLClassLoader.findClass(URLClassLoader.java:362)\n\tat java.lang.ClassLoader.loadClass(ClassLoader.java:424)\n\tat sun.misc.Launcher$AppClassLoader.loadClass(Launcher.java:349)\n\tat java.lang.ClassLoader.loadClass(ClassLoader.java:357)\n\tat sun.launcher.LauncherHelper.checkAndLoadMain(LauncherHelper.java:495)\n'}'
[I 191003 22:32:37 main:58] ______________________END_____________________________
[I 191003 22:32:37 main:42] _____________________START____________________________
[I 191003 22:32:37 main:43] Searching solution_id: 46
[I 191003 22:32:37 Judger:66] COMPILING CODE: /home/isc-/Desktop/CS309_OOAD_online_judge/userCodes/Main.java
[I 191003 22:32:37 Judger:57] COMPILING COMMAND: javac /home/isc-/Desktop/CS309_OOAD_online_judge/userCodes/Main.java
[I 191003 22:32:38 Judger:127] RUNNING CODE: /home/isc-/Desktop/CS309_OOAD_online_judge/userCodes/Main 2.in
[I 191003 22:32:38 Judger:101] RUNNING COMMAND: java -cp /home/isc-/Desktop/CS309_OOAD_online_judge/userCodes// Main < /home/isc-/Desktop/CS309_OOAD_online_judge/data/1001/2.in > /home/isc-/Desktop/CS309_OOAD_online_judge/userCodes/2.out
[D 191003 22:32:38 Judger:105] docker run -u 1000:1000 --name 7164004146987330554 -v /home/isc-/Desktop/CS309_OOAD_online_judge/JudgeServer/JudgeServer/Running_Code.py:/home/isc-/Desktop/CS309_OOAD_online_judge/JudgeServer/JudgeServer/Running_Code.py -v /home/isc-/Desktop/CS309_OOAD_online_judge/userCodes/:/home/isc-/Desktop/CS309_OOAD_online_judge/userCodes/ -v /home/isc-/Desktop/CS309_OOAD_online_judge/data/1001/2.in:/home/isc-/Desktop/CS309_OOAD_online_judge/data/1001/2.in judge:v2 python3 /home/isc-/Desktop/CS309_OOAD_online_judge/JudgeServer/JudgeServer/Running_Code.py 'java -cp /home/isc-/Desktop/CS309_OOAD_online_judge/userCodes// Main < /home/isc-/Desktop/CS309_OOAD_online_judge/data/1001/2.in > /home/isc-/Desktop/CS309_OOAD_online_judge/userCodes/2.out' 3 671088640 '/home/isc-/Desktop/CS309_OOAD_online_judge/userCodes/' 2> /home/isc-/Desktop/CS309_OOAD_online_judge/userCodes/runtime_result.log
[D 191003 22:32:38 Judger:134] NOT EXISTS DOCKER_RESULT_LOG
[D 191003 22:32:39 Judger:141] {'TLE': False, 'error': 'Error: A JNI error has occurred, please check your installation and try again\nException in thread "main" java.lang.UnsupportedClassVersionError: Main has been compiled by a more recent version of the Java Runtime (class file version 55.0), this version of the Java Runtime only recognizes class file versions up to 52.0\n\tat java.lang.ClassLoader.defineClass1(Native Method)\n\tat java.lang.ClassLoader.defineClass(ClassLoader.java:763)\n\tat java.security.SecureClassLoader.defineClass(SecureClassLoader.java:142)\n\tat java.net.URLClassLoader.defineClass(URLClassLoader.java:468)\n\tat java.net.URLClassLoader.access$100(URLClassLoader.java:74)\n\tat java.net.URLClassLoader$1.run(URLClassLoader.java:369)\n\tat java.net.URLClassLoader$1.run(URLClassLoader.java:363)\n\tat java.security.AccessController.doPrivileged(Native Method)\n\tat java.net.URLClassLoader.findClass(URLClassLoader.java:362)\n\tat java.lang.ClassLoader.loadClass(ClassLoader.java:424)\n\tat sun.misc.Launcher$AppClassLoader.loadClass(Launcher.java:349)\n\tat java.lang.ClassLoader.loadClass(ClassLoader.java:357)\n\tat sun.launcher.LauncherHelper.checkAndLoadMain(LauncherHelper.java:495)\n', 'memory': 45056, 'MLE': False, 'time': 0.060178279876708984}
[D 191003 22:32:39 Judger:169] {'time': 0.060178279876708984, 'error': 'Error: A JNI error has occurred, please check your installation and try again\nException in thread "main" java.lang.UnsupportedClassVersionError: Main has been compiled by a more recent version of the Java Runtime (class file version 55.0), this version of the Java Runtime only recognizes class file versions up to 52.0\n\tat java.lang.ClassLoader.defineClass1(Native Method)\n\tat java.lang.ClassLoader.defineClass(ClassLoader.java:763)\n\tat java.security.SecureClassLoader.defineClass(SecureClassLoader.java:142)\n\tat java.net.URLClassLoader.defineClass(URLClassLoader.java:468)\n\tat java.net.URLClassLoader.access$100(URLClassLoader.java:74)\n\tat java.net.URLClassLoader$1.run(URLClassLoader.java:369)\n\tat java.net.URLClassLoader$1.run(URLClassLoader.java:363)\n\tat java.security.AccessController.doPrivileged(Native Method)\n\tat java.net.URLClassLoader.findClass(URLClassLoader.java:362)\n\tat java.lang.ClassLoader.loadClass(ClassLoader.java:424)\n\tat sun.misc.Launcher$AppClassLoader.loadClass(Launcher.java:349)\n\tat java.lang.ClassLoader.loadClass(ClassLoader.java:357)\n\tat sun.launcher.LauncherHelper.checkAndLoadMain(LauncherHelper.java:495)\n', 'TLE': False, 'MLE': False, 'memory': 45056}
[D 191003 22:32:39 main:56] Searching end with the result '{'time': 0.060178279876708984, 'memory': 45056, 'result': 10, 'error': 'Error: A JNI error has occurred, please check your installation and try again\nException in thread "main" java.lang.UnsupportedClassVersionError: Main has been compiled by a more recent version of the Java Runtime (class file version 55.0), this version of the Java Runtime only recognizes class file versions up to 52.0\n\tat java.lang.ClassLoader.defineClass1(Native Method)\n\tat java.lang.ClassLoader.defineClass(ClassLoader.java:763)\n\tat java.security.SecureClassLoader.defineClass(SecureClassLoader.java:142)\n\tat java.net.URLClassLoader.defineClass(URLClassLoader.java:468)\n\tat java.net.URLClassLoader.access$100(URLClassLoader.java:74)\n\tat java.net.URLClassLoader$1.run(URLClassLoader.java:369)\n\tat java.net.URLClassLoader$1.run(URLClassLoader.java:363)\n\tat java.security.AccessController.doPrivileged(Native Method)\n\tat java.net.URLClassLoader.findClass(URLClassLoader.java:362)\n\tat java.lang.ClassLoader.loadClass(ClassLoader.java:424)\n\tat sun.misc.Launcher$AppClassLoader.loadClass(Launcher.java:349)\n\tat java.lang.ClassLoader.loadClass(ClassLoader.java:357)\n\tat sun.launcher.LauncherHelper.checkAndLoadMain(LauncherHelper.java:495)\n'}'
[I 191003 22:32:39 main:58] ______________________END_____________________________
[I 191003 22:32:39 main:42] _____________________START____________________________
[I 191003 22:32:39 main:43] Searching solution_id: 47
[I 191003 22:32:39 Judger:66] COMPILING CODE: /home/isc-/Desktop/CS309_OOAD_online_judge/userCodes/Main.py
[I 191003 22:32:39 Judger:127] RUNNING CODE: /home/isc-/Desktop/CS309_OOAD_online_judge/userCodes/Main 2.in
[I 191003 22:32:39 Judger:101] RUNNING COMMAND: python2 /home/isc-/Desktop/CS309_OOAD_online_judge/userCodes/Main.py < /home/isc-/Desktop/CS309_OOAD_online_judge/data/1001/2.in > /home/isc-/Desktop/CS309_OOAD_online_judge/userCodes/2.out
[D 191003 22:32:39 Judger:105] docker run -u 1000:1000 --name 1194931539492646273 -v /home/isc-/Desktop/CS309_OOAD_online_judge/JudgeServer/JudgeServer/Running_Code.py:/home/isc-/Desktop/CS309_OOAD_online_judge/JudgeServer/JudgeServer/Running_Code.py -v /home/isc-/Desktop/CS309_OOAD_online_judge/userCodes/:/home/isc-/Desktop/CS309_OOAD_online_judge/userCodes/ -v /home/isc-/Desktop/CS309_OOAD_online_judge/data/1001/2.in:/home/isc-/Desktop/CS309_OOAD_online_judge/data/1001/2.in judge:v2 python3 /home/isc-/Desktop/CS309_OOAD_online_judge/JudgeServer/JudgeServer/Running_Code.py 'python2 /home/isc-/Desktop/CS309_OOAD_online_judge/userCodes/Main.py < /home/isc-/Desktop/CS309_OOAD_online_judge/data/1001/2.in > /home/isc-/Desktop/CS309_OOAD_online_judge/userCodes/2.out' 1 134217728 '/home/isc-/Desktop/CS309_OOAD_online_judge/userCodes/' 2> /home/isc-/Desktop/CS309_OOAD_online_judge/userCodes/runtime_result.log
[D 191003 22:32:39 Judger:134] NOT EXISTS DOCKER_RESULT_LOG
[D 191003 22:32:40 Judger:141] {'TLE': False, 'memory': 110592, 'MLE': False, 'error': '  File "/home/isc-/Desktop/CS309_OOAD_online_judge/userCodes/Main.py", line 2\n    while True\n             ^\nSyntaxError: invalid syntax\n', 'time': 0.009238004684448242}
[D 191003 22:32:40 Judger:169] {'time': 0.009238004684448242, 'error': '  File "/home/isc-/Desktop/CS309_OOAD_online_judge/userCodes/Main.py", line 2\n    while True\n             ^\nSyntaxError: invalid syntax\n', 'TLE': False, 'MLE': False, 'memory': 110592}
[D 191003 22:32:40 main:56] Searching end with the result '{'time': 0.009238004684448242, 'memory': 110592, 'result': 10, 'error': '  File "/home/isc-/Desktop/CS309_OOAD_online_judge/userCodes/Main.py", line 2\n    while True\n             ^\nSyntaxError: invalid syntax\n'}'
[I 191003 22:32:40 main:58] ______________________END_____________________________
[I 191003 22:32:40 main:42] _____________________START____________________________
[I 191003 22:32:40 main:43] Searching solution_id: 48
[I 191003 22:32:40 Judger:66] COMPILING CODE: /home/isc-/Desktop/CS309_OOAD_online_judge/userCodes/Main.py
[I 191003 22:32:40 Judger:127] RUNNING CODE: /home/isc-/Desktop/CS309_OOAD_online_judge/userCodes/Main 2.in
[I 191003 22:32:40 Judger:101] RUNNING COMMAND: python2 /home/isc-/Desktop/CS309_OOAD_online_judge/userCodes/Main.py < /home/isc-/Desktop/CS309_OOAD_online_judge/data/1001/2.in > /home/isc-/Desktop/CS309_OOAD_online_judge/userCodes/2.out
[D 191003 22:32:40 Judger:105] docker run -u 1000:1000 --name 7616508784713116933 -v /home/isc-/Desktop/CS309_OOAD_online_judge/JudgeServer/JudgeServer/Running_Code.py:/home/isc-/Desktop/CS309_OOAD_online_judge/JudgeServer/JudgeServer/Running_Code.py -v /home/isc-/Desktop/CS309_OOAD_online_judge/userCodes/:/home/isc-/Desktop/CS309_OOAD_online_judge/userCodes/ -v /home/isc-/Desktop/CS309_OOAD_online_judge/data/1001/2.in:/home/isc-/Desktop/CS309_OOAD_online_judge/data/1001/2.in judge:v2 python3 /home/isc-/Desktop/CS309_OOAD_online_judge/JudgeServer/JudgeServer/Running_Code.py 'python2 /home/isc-/Desktop/CS309_OOAD_online_judge/userCodes/Main.py < /home/isc-/Desktop/CS309_OOAD_online_judge/data/1001/2.in > /home/isc-/Desktop/CS309_OOAD_online_judge/userCodes/2.out' 1 134217728 '/home/isc-/Desktop/CS309_OOAD_online_judge/userCodes/' 2> /home/isc-/Desktop/CS309_OOAD_online_judge/userCodes/runtime_result.log
[D 191003 22:32:40 Judger:134] NOT EXISTS DOCKER_RESULT_LOG
[D 191003 22:32:41 Judger:134] NOT EXISTS DOCKER_RESULT_LOG
[D 191003 22:32:42 Judger:141] {'TLE': True, 'error': '', 'MLE': False, 'time': 1.1, 'memory': 40960}
[D 191003 22:32:42 Judger:169] {'time': 1.1, 'error': '', 'TLE': True, 'MLE': False, 'memory': 40960}
[D 191003 22:32:42 main:56] Searching end with the result '{'time': 1.1, 'memory': 40960, 'result': 7, 'error': ''}'
[I 191003 22:32:42 main:58] ______________________END_____________________________
[I 191003 22:32:42 main:42] _____________________START____________________________
[I 191003 22:32:42 main:43] Searching solution_id: 49
[I 191003 22:32:42 Judger:66] COMPILING CODE: /home/isc-/Desktop/CS309_OOAD_online_judge/userCodes/Main.py
[I 191003 22:32:42 Judger:127] RUNNING CODE: /home/isc-/Desktop/CS309_OOAD_online_judge/userCodes/Main 2.in
[I 191003 22:32:42 Judger:101] RUNNING COMMAND: python /home/isc-/Desktop/CS309_OOAD_online_judge/userCodes/Main.py < /home/isc-/Desktop/CS309_OOAD_online_judge/data/1001/2.in > /home/isc-/Desktop/CS309_OOAD_online_judge/userCodes/2.out
[D 191003 22:32:42 Judger:105] docker run -u 1000:1000 --name 9115922312443147568 -v /home/isc-/Desktop/CS309_OOAD_online_judge/JudgeServer/JudgeServer/Running_Code.py:/home/isc-/Desktop/CS309_OOAD_online_judge/JudgeServer/JudgeServer/Running_Code.py -v /home/isc-/Desktop/CS309_OOAD_online_judge/userCodes/:/home/isc-/Desktop/CS309_OOAD_online_judge/userCodes/ -v /home/isc-/Desktop/CS309_OOAD_online_judge/data/1001/2.in:/home/isc-/Desktop/CS309_OOAD_online_judge/data/1001/2.in judge:v2 python3 /home/isc-/Desktop/CS309_OOAD_online_judge/JudgeServer/JudgeServer/Running_Code.py 'python /home/isc-/Desktop/CS309_OOAD_online_judge/userCodes/Main.py < /home/isc-/Desktop/CS309_OOAD_online_judge/data/1001/2.in > /home/isc-/Desktop/CS309_OOAD_online_judge/userCodes/2.out' 1 134217728 '/home/isc-/Desktop/CS309_OOAD_online_judge/userCodes/' 2> /home/isc-/Desktop/CS309_OOAD_online_judge/userCodes/runtime_result.log
[D 191003 22:32:42 Judger:134] NOT EXISTS DOCKER_RESULT_LOG
[D 191003 22:32:43 Judger:141] {'time': 0.017558813095092773, 'MLE': False, 'memory': 45056, 'TLE': False, 'error': '  File "/home/isc-/Desktop/CS309_OOAD_online_judge/userCodes/Main.py", line 2\n    while True\n             ^\nSyntaxError: invalid syntax\n'}
[D 191003 22:32:43 Judger:169] {'time': 0.017558813095092773, 'error': '  File "/home/isc-/Desktop/CS309_OOAD_online_judge/userCodes/Main.py", line 2\n    while True\n             ^\nSyntaxError: invalid syntax\n', 'TLE': False, 'MLE': False, 'memory': 45056}
[D 191003 22:32:44 main:56] Searching end with the result '{'time': 0.017558813095092773, 'memory': 45056, 'result': 10, 'error': '  File "/home/isc-/Desktop/CS309_OOAD_online_judge/userCodes/Main.py", line 2\n    while True\n             ^\nSyntaxError: invalid syntax\n'}'
[I 191003 22:32:44 main:58] ______________________END_____________________________
[I 191003 22:32:44 main:42] _____________________START____________________________
[I 191003 22:32:44 main:43] Searching solution_id: 50
[I 191003 22:32:44 Judger:66] COMPILING CODE: /home/isc-/Desktop/CS309_OOAD_online_judge/userCodes/Main.py
[I 191003 22:32:44 Judger:127] RUNNING CODE: /home/isc-/Desktop/CS309_OOAD_online_judge/userCodes/Main 2.in
[I 191003 22:32:44 Judger:101] RUNNING COMMAND: python /home/isc-/Desktop/CS309_OOAD_online_judge/userCodes/Main.py < /home/isc-/Desktop/CS309_OOAD_online_judge/data/1001/2.in > /home/isc-/Desktop/CS309_OOAD_online_judge/userCodes/2.out
[D 191003 22:32:44 Judger:105] docker run -u 1000:1000 --name 7723218759188157757 -v /home/isc-/Desktop/CS309_OOAD_online_judge/JudgeServer/JudgeServer/Running_Code.py:/home/isc-/Desktop/CS309_OOAD_online_judge/JudgeServer/JudgeServer/Running_Code.py -v /home/isc-/Desktop/CS309_OOAD_online_judge/userCodes/:/home/isc-/Desktop/CS309_OOAD_online_judge/userCodes/ -v /home/isc-/Desktop/CS309_OOAD_online_judge/data/1001/2.in:/home/isc-/Desktop/CS309_OOAD_online_judge/data/1001/2.in judge:v2 python3 /home/isc-/Desktop/CS309_OOAD_online_judge/JudgeServer/JudgeServer/Running_Code.py 'python /home/isc-/Desktop/CS309_OOAD_online_judge/userCodes/Main.py < /home/isc-/Desktop/CS309_OOAD_online_judge/data/1001/2.in > /home/isc-/Desktop/CS309_OOAD_online_judge/userCodes/2.out' 1 134217728 '/home/isc-/Desktop/CS309_OOAD_online_judge/userCodes/' 2> /home/isc-/Desktop/CS309_OOAD_online_judge/userCodes/runtime_result.log
[D 191003 22:32:44 Judger:134] NOT EXISTS DOCKER_RESULT_LOG
[D 191003 22:32:45 Judger:134] NOT EXISTS DOCKER_RESULT_LOG
[D 191003 22:32:46 Judger:141] {'memory': 40960, 'TLE': True, 'time': 1.1, 'MLE': False, 'error': ''}
[D 191003 22:32:46 Judger:169] {'time': 1.1, 'error': '', 'TLE': True, 'MLE': False, 'memory': 40960}
[D 191003 22:32:46 main:56] Searching end with the result '{'time': 1.1, 'memory': 40960, 'result': 7, 'error': ''}'
[I 191003 22:32:46 main:58] ______________________END_____________________________
